#
# A fatal error has been detected by the Java Runtime Environment:
#
#  EXCEPTION_ACCESS_VIOLATION (0xc0000005) at pc=0x00007ffe28883cb3, pid=116, tid=3648
#
# JRE version: Java(TM) SE Runtime Environment (8.0_66-b18) (build 1.8.0_66-b18)
# Java VM: Java HotSpot(TM) 64-Bit Server VM (25.66-b18 mixed mode windows-amd64 compressed oops)
# Problematic frame:
# C  [glfw.dll+0x3cb3]
#
# Failed to write core dump. Minidumps are not enabled by default on client versions of Windows
#
# If you would like to submit a bug report, please visit:
#   http://bugreport.java.com/bugreport/crash.jsp
# The crash happened outside the Java Virtual Machine in native code.
# See problematic frame for where to report the bug.
#

---------------  T H R E A D  ---------------

Current thread (0x00000000172eb800):  JavaThread "Thread-0" [_thread_in_native, id=3648, stack(0x0000000017650000,0x0000000017750000)]

siginfo: ExceptionCode=0xc0000005, reading address 0x0000000000000000

Registers:
RAX=0x0000000000000000, RBX=0x000000000044d040, RCX=0x0000000000000000, RDX=0x0000000000000000
RSP=0x000000001774efd0, RBP=0x000000001774f060, RSI=0x0000000000000108, RDI=0x0000000000002916
R8 =0x0000000000000008, R9 =0x0000000000000000, R10=0x00007ffe288f45d0, R11=0x000000000044d270
R12=0x0000000000000000, R13=0x00000000025de764, R14=0x000000001774f050, R15=0x00000000172eb800
RIP=0x00007ffe28883cb3, EFLAGS=0x0000000000010287

Top of Stack: (sp=0x000000001774efd0)
0x000000001774efd0:   000000001774eff8 000000001774f048
0x000000001774efe0:   00000000022e7ced 0000000000000000
0x000000001774eff0:   000000000044d040 00000000025c0c4a
0x000000001774f000:   00000000e184e020 000000001774f008
0x000000001774f010:   00000000155bcb9f 000000001774f060
0x000000001774f020:   00000000155bd128 000000001d587868
0x000000001774f030:   00000000155bcbc8 0000000000000000
0x000000001774f040:   000000001774f070 000000001774f310
0x000000001774f050:   00000000e182c0e8 00000000e1800b00
0x000000001774f060:   000000001774f310 00000000025de91c
0x000000001774f070:   0000000000001000 0000000000000008
0x000000001774f080:   0000000000000009 00000000022e56d0
0x000000001774f090:   000000001774f250 00000000025b009c
0x000000001774f0a0:   000000001774f1a0 00000000025bbe0f
0x000000001774f0b0:   0000000041c80000 00000000172eb800
0x000000001774f0c0:   000000001774f1f8 000000001593ee88 

Instructions: (pc=0x00007ffe28883cb3)
0x00007ffe28883c93:   02 00 e8 46 22 00 00 48 39 1d ff bd 02 00 48 8d
0x00007ffe28883ca3:   0d f8 bd 02 00 74 0e 66 0f 1f 44 00 00 48 8b 09
0x00007ffe28883cb3:   48 39 19 75 f8 48 8b 03 48 89 01 48 8b cb 48 83
0x00007ffe28883cc3:   c4 20 5b e9 61 e6 00 00 48 83 c4 20 5b c3 cc cc 


Register to memory mapping:

RAX=0x0000000000000000 is an unknown value
RBX=0x000000000044d040 is an unknown value
RCX=0x0000000000000000 is an unknown value
RDX=0x0000000000000000 is an unknown value
RSP=0x000000001774efd0 is pointing into the stack for thread: 0x00000000172eb800
RBP=0x000000001774f060 is pointing into the stack for thread: 0x00000000172eb800
RSI=0x0000000000000108 is an unknown value
RDI=0x0000000000002916 is an unknown value
R8 =0x0000000000000008 is an unknown value
R9 =0x0000000000000000 is an unknown value
R10=0x00007ffe288f45d0 is an unknown value
R11=0x000000000044d270 is an unknown value
R12=0x0000000000000000 is an unknown value
R13=0x00000000025de764 is at entry_point+772 in (nmethod*)0x00000000025ddd50
R14=0x000000001774f050 is pointing into the stack for thread: 0x00000000172eb800
R15=0x00000000172eb800 is a thread


Stack: [0x0000000017650000,0x0000000017750000],  sp=0x000000001774efd0,  free space=1019k
Native frames: (J=compiled Java code, j=interpreted, Vv=VM code, C=native code)
C  [glfw.dll+0x3cb3]
C  0x00000000025c0c4a

Java frames: (J=compiled Java code, j=interpreted, Vv=VM code)
J 670  org.lwjgl.system.JNI.invokePV(JJ)V (0 bytes) @ 0x00000000025c0bc4 [0x00000000025c0b80+0x44]
J 688 C1 com.capthed.game.Test2.check()V (180 bytes) @ 0x00000000025de91c [0x00000000025de460+0x4bc]
J 714 C1 com.capthed.game.Test2.update()V (5 bytes) @ 0x00000000025eeb3c [0x00000000025eeac0+0x7c]
j  com.capthed.game.TestRun.constUpdate()V+3
j  com.capthed.abyss.GameLoop.update()V+12
j  com.capthed.abyss.GameLoop.run()V+186
j  java.lang.Thread.run()V+11
v  ~StubRoutines::call_stub

---------------  P R O C E S S  ---------------

Java Threads: ( => current thread )
  0x000000001ccb8000 JavaThread "Java2D Disposer" daemon [_thread_blocked, id=2820, stack(0x000000001d6e0000,0x000000001d7e0000)]
  0x00000000021e0800 JavaThread "DestroyJavaVM" [_thread_blocked, id=1128, stack(0x0000000002020000,0x0000000002120000)]
=>0x00000000172eb800 JavaThread "Thread-0" [_thread_in_native, id=3648, stack(0x0000000017650000,0x0000000017750000)]
  0x0000000015b96000 JavaThread "Service Thread" daemon [_thread_blocked, id=3736, stack(0x0000000017050000,0x0000000017150000)]
  0x0000000015b31800 JavaThread "C1 CompilerThread1" daemon [_thread_blocked, id=5812, stack(0x0000000016f50000,0x0000000017050000)]
  0x0000000015b2c000 JavaThread "C2 CompilerThread0" daemon [_thread_blocked, id=2928, stack(0x0000000016e50000,0x0000000016f50000)]
  0x0000000015b2b000 JavaThread "Attach Listener" daemon [_thread_blocked, id=6508, stack(0x0000000016d50000,0x0000000016e50000)]
  0x0000000015b2a000 JavaThread "Signal Dispatcher" daemon [_thread_blocked, id=2140, stack(0x0000000016c50000,0x0000000016d50000)]
  0x00000000022d4000 JavaThread "Finalizer" daemon [_thread_blocked, id=3472, stack(0x0000000016a70000,0x0000000016b70000)]
  0x00000000022cd000 JavaThread "Reference Handler" daemon [_thread_blocked, id=1884, stack(0x0000000016970000,0x0000000016a70000)]

Other Threads:
  0x0000000015af7800 VMThread [stack: 0x0000000016870000,0x0000000016970000] [id=6056]
  0x0000000015ba3800 WatcherThread [stack: 0x0000000017150000,0x0000000017250000] [id=5552]

VM state:not at safepoint (normal execution)

VM Mutex/Monitor currently owned by a thread: None

Heap:
 PSYoungGen      total 28672K, used 10161K [0x00000000e0000000, 0x00000000e2000000, 0x0000000100000000)
  eden space 24576K, 24% used [0x00000000e0000000,0x00000000e05f0eb8,0x00000000e1800000)
  from space 4096K, 99% used [0x00000000e1800000,0x00000000e1bfb770,0x00000000e1c00000)
  to   space 4096K, 0% used [0x00000000e1c00000,0x00000000e1c00000,0x00000000e2000000)
 ParOldGen       total 65536K, used 3958K [0x00000000a0000000, 0x00000000a4000000, 0x00000000e0000000)
  object space 65536K, 6% used [0x00000000a0000000,0x00000000a03ddac0,0x00000000a4000000)
 Metaspace       used 9686K, capacity 9818K, committed 10112K, reserved 1058816K
  class space    used 841K, capacity 889K, committed 896K, reserved 1048576K

Card table byte_map: [0x00000000116a0000,0x00000000119b0000] byte_map_base: 0x00000000111a0000

Marking Bits: (ParMarkBitMap*) 0x000000006789a5b0
 Begin Bits: [0x0000000011eb0000, 0x00000000136b0000)
 End Bits:   [0x00000000136b0000, 0x0000000014eb0000)

Polling page: 0x0000000002120000

CodeCache: size=245760Kb used=3121Kb max_used=3130Kb free=242638Kb
 bounds [0x00000000022e0000, 0x0000000002600000, 0x00000000112e0000]
 total_blobs=1439 nmethods=720 adapters=633
 compilation: enabled

Compilation events (10 events):
Event: 4.032 Thread 0x0000000015b31800  716       3       com.capthed.abyss.input.Mouse::postProcess (31 bytes)
Event: 4.033 Thread 0x0000000015b31800 nmethod 716 0x00000000025ee150 code [0x00000000025ee2c0, 0x00000000025ee530]
Event: 4.334 Thread 0x0000000015b31800  717       1       com.capthed.abyss.input.Keyboard::isKeyDown (6 bytes)
Event: 4.335 Thread 0x0000000015b31800 nmethod 717 0x00000000025ede10 code [0x00000000025edf60, 0x00000000025ee070]
Event: 4.933 Thread 0x0000000015b2c000  718       4       com.capthed.abyss.math.Vec2::intersects (7 bytes)
Event: 4.934 Thread 0x0000000015b2c000 nmethod 718 0x00000000025f0c90 code [0x00000000025f0dc0, 0x00000000025f0e78]
Event: 5.367 Thread 0x0000000015b31800  719       3       com.capthed.abyss.math.Vec2::<init> (21 bytes)
Event: 5.368 Thread 0x0000000015b31800 nmethod 719 0x00000000025ed150 code [0x00000000025ed2c0, 0x00000000025ed570]
Event: 5.401 Thread 0x0000000015b31800  720       3       java.nio.ByteBuffer::array (35 bytes)
Event: 5.401 Thread 0x0000000015b31800 nmethod 720 0x00000000025ecb50 code [0x00000000025ecce0, 0x00000000025ecff8]

GC Heap History (2 events):
Event: 3.389 GC heap before
{Heap before GC invocations=1 (full 0):
 PSYoungGen      total 28672K, used 24576K [0x00000000e0000000, 0x00000000e2000000, 0x0000000100000000)
  eden space 24576K, 100% used [0x00000000e0000000,0x00000000e1800000,0x00000000e1800000)
  from space 4096K, 0% used [0x00000000e1c00000,0x00000000e1c00000,0x00000000e2000000)
  to   space 4096K, 0% used [0x00000000e1800000,0x00000000e1800000,0x00000000e1c00000)
 ParOldGen       total 65536K, used 0K [0x00000000a0000000, 0x00000000a4000000, 0x00000000e0000000)
  object space 65536K, 0% used [0x00000000a0000000,0x00000000a0000000,0x00000000a4000000)
 Metaspace       used 9683K, capacity 9818K, committed 10112K, reserved 1058816K
  class space    used 841K, capacity 889K, committed 896K, reserved 1048576K
Event: 3.410 GC heap after
Heap after GC invocations=1 (full 0):
 PSYoungGen      total 28672K, used 4077K [0x00000000e0000000, 0x00000000e2000000, 0x0000000100000000)
  eden space 24576K, 0% used [0x00000000e0000000,0x00000000e0000000,0x00000000e1800000)
  from space 4096K, 99% used [0x00000000e1800000,0x00000000e1bfb770,0x00000000e1c00000)
  to   space 4096K, 0% used [0x00000000e1c00000,0x00000000e1c00000,0x00000000e2000000)
 ParOldGen       total 65536K, used 3958K [0x00000000a0000000, 0x00000000a4000000, 0x00000000e0000000)
  object space 65536K, 6% used [0x00000000a0000000,0x00000000a03ddac0,0x00000000a4000000)
 Metaspace       used 9683K, capacity 9818K, committed 10112K, reserved 1058816K
  class space    used 841K, capacity 889K, committed 896K, reserved 1048576K
}

Deoptimization events (5 events):
Event: 0.839 Thread 0x00000000172eb800 Uncommon trap: reason=unstable_if action=reinterpret pc=0x00000000024bdf00 method=sun.misc.MetaIndex.mayContain(Ljava/lang/String;)Z @ 38
Event: 1.689 Thread 0x00000000172eb800 Uncommon trap: reason=unstable_if action=reinterpret pc=0x0000000002572108 method=com.capthed.abyss.map.Scene.render()V @ 27
Event: 1.690 Thread 0x00000000172eb800 Uncommon trap: reason=unstable_if action=reinterpret pc=0x0000000002567f8c method=com.capthed.abyss.map.Scene.render()V @ 27
Event: 1.691 Thread 0x00000000172eb800 Uncommon trap: reason=unstable_if action=reinterpret pc=0x0000000002578894 method=com.capthed.abyss.map.Scene.init()V @ 27
Event: 1.692 Thread 0x00000000172eb800 Uncommon trap: reason=unstable_if action=reinterpret pc=0x00000000025752f8 method=com.capthed.abyss.map.Scene.init()V @ 27

Internal exceptions (10 events):
Event: 0.056 Thread 0x00000000021e0800 Exception <a 'java/lang/NoSuchMethodError': Method sun.misc.Unsafe.defineClass(Ljava/lang/String;[BII)Ljava/lang/Class; name or signature does not match> (0x00000000e000cfa8) thrown at [C:\re\workspace\8-2-build-windows-amd64-cygwin\jdk8u66\5298\hotspot\sru+ÿÀüÔ¬?
Event: 0.056 Thread 0x00000000021e0800 Exception <a 'java/lang/NoSuchMethodError': Method sun.misc.Unsafe.prefetchRead(Ljava/lang/Object;J)V name or signature does not match> (0x00000000e000d290) thrown at [C:\re\workspace\8-2-build-windows-amd64-cygwin\jdk8u66\5298\hotspot\src\share\vm\prims\jýæ¾R8?Ä?
Event: 0.158 Thread 0x00000000021e0800 Exception <a 'java/lang/ArrayIndexOutOfBoundsException': 0> (0x00000000e0183400) thrown at [C:\re\workspace\8-2-build-windows-amd64-cygwin\jdk8u66\5298\hotspot\src\share\vm\interpreter\interpreterRuntime.cpp, line 366]
Event: 0.431 Thread 0x00000000172eb800 Exception <a 'java/security/PrivilegedActionException'> (0x00000000e042a060) thrown at [C:\re\workspace\8-2-build-windows-amd64-cygwin\jdk8u66\5298\hotspot\src\share\vm\prims\jvm.cpp, line 1386]
Event: 0.431 Thread 0x00000000172eb800 Exception <a 'java/security/PrivilegedActionException'> (0x00000000e042a458) thrown at [C:\re\workspace\8-2-build-windows-amd64-cygwin\jdk8u66\5298\hotspot\src\share\vm\prims\jvm.cpp, line 1386]
Event: 0.432 Thread 0x00000000172eb800 Exception <a 'java/security/PrivilegedActionException'> (0x00000000e042e3d0) thrown at [C:\re\workspace\8-2-build-windows-amd64-cygwin\jdk8u66\5298\hotspot\src\share\vm\prims\jvm.cpp, line 1386]
Event: 0.432 Thread 0x00000000172eb800 Exception <a 'java/security/PrivilegedActionException'> (0x00000000e042e7c8) thrown at [C:\re\workspace\8-2-build-windows-amd64-cygwin\jdk8u66\5298\hotspot\src\share\vm\prims\jvm.cpp, line 1386]
Event: 0.842 Thread 0x00000000172eb800 Exception <a 'java/io/FileNotFoundException'> (0x00000000e0cf67f8) thrown at [C:\re\workspace\8-2-build-windows-amd64-cygwin\jdk8u66\5298\hotspot\src\share\vm\prims\jni.cpp, line 709]
Event: 0.897 Thread 0x00000000172eb800 Exception <a 'java/lang/NoSuchFieldError': method resolution failed> (0x00000000e0dc3df0) thrown at [C:\re\workspace\8-2-build-windows-amd64-cygwin\jdk8u66\5298\hotspot\src\share\vm\prims\methodHandles.cpp, line 1146]
Event: 0.899 Thread 0x00000000172eb800 Exception <a 'java/lang/NoSuchFieldError': method resolution failed> (0x00000000e0dd14e0) thrown at [C:\re\workspace\8-2-build-windows-amd64-cygwin\jdk8u66\5298\hotspot\src\share\vm\prims\methodHandles.cpp, line 1146]

Events (10 events):
Event: 1.724 Thread 0x00000000172eb800 DEOPT PACKING pc=0x00000000025b69ff sp=0x000000001774f1f0
Event: 1.724 Thread 0x00000000172eb800 DEOPT UNPACKING pc=0x000000000232747f sp=0x000000001774ef80 mode 0
Event: 1.789 Thread 0x00000000172eb800 DEOPT PACKING pc=0x00000000025b81f7 sp=0x000000001774f1f0
Event: 1.789 Thread 0x00000000172eb800 DEOPT UNPACKING pc=0x000000000232747f sp=0x000000001774ef80 mode 0
Event: 2.311 loading class java/nio/DirectByteBuffer$1
Event: 2.311 loading class java/nio/DirectByteBuffer$1 done
Event: 3.389 Executing VM operation: ParallelGCFailedAllocation
Event: 3.410 Executing VM operation: ParallelGCFailedAllocation done
Event: 4.189 Executing VM operation: EnableBiasedLocking
Event: 4.189 Executing VM operation: EnableBiasedLocking done


Dynamic libraries:
0x00007ff607da0000 - 0x00007ff607dd7000 	C:\Program Files\Java\jre1.8.0_66\bin\javaw.exe
0x00007ffe381c0000 - 0x00007ffe38381000 	C:\Windows\SYSTEM32\ntdll.dll
0x00007ffe376d0000 - 0x00007ffe3777d000 	C:\Windows\system32\KERNEL32.DLL
0x00007ffe353d0000 - 0x00007ffe355b8000 	C:\Windows\system32\KERNELBASE.dll
0x00007ffe35cc0000 - 0x00007ffe35d67000 	C:\Windows\system32\ADVAPI32.dll
0x00007ffe35b00000 - 0x00007ffe35b9d000 	C:\Windows\system32\msvcrt.dll
0x00007ffe35c60000 - 0x00007ffe35cbb000 	C:\Windows\system32\sechost.dll
0x00007ffe375b0000 - 0x00007ffe376cc000 	C:\Windows\system32\RPCRT4.dll
0x00007ffe37d00000 - 0x00007ffe37e56000 	C:\Windows\system32\USER32.dll
0x00007ffe35d70000 - 0x00007ffe35ef6000 	C:\Windows\system32\GDI32.dll
0x00007ffe23520000 - 0x00007ffe23794000 	C:\Windows\WinSxS\amd64_microsoft.windows.common-controls_6595b64144ccf1df_6.0.10586.0_none_8c15ae12515e1c22\COMCTL32.dll
0x00007ffe37790000 - 0x00007ffe37a0d000 	C:\Windows\system32\combase.dll
0x00007ffe34b20000 - 0x00007ffe34b8a000 	C:\Windows\system32\bcryptPrimitives.dll
0x00007ffe37b70000 - 0x00007ffe37bab000 	C:\Windows\system32\IMM32.DLL
0x0000000067db0000 - 0x0000000067e82000 	C:\Program Files\Java\jre1.8.0_66\bin\msvcr100.dll
0x0000000067090000 - 0x0000000067919000 	C:\Program Files\Java\jre1.8.0_66\bin\server\jvm.dll
0x00007ffe38100000 - 0x00007ffe38108000 	C:\Windows\system32\PSAPI.DLL
0x00007ffe32f60000 - 0x00007ffe32f69000 	C:\Windows\SYSTEM32\WSOCK32.dll
0x00007ffe374c0000 - 0x00007ffe3752b000 	C:\Windows\system32\WS2_32.dll
0x00007ffe32f10000 - 0x00007ffe32f33000 	C:\Windows\SYSTEM32\WINMM.dll
0x00007ffe30f60000 - 0x00007ffe30f6a000 	C:\Windows\SYSTEM32\VERSION.dll
0x00007ffe32eb0000 - 0x00007ffe32edc000 	C:\Windows\SYSTEM32\WINMMBASE.dll
0x00007ffe351e0000 - 0x00007ffe35223000 	C:\Windows\system32\cfgmgr32.dll
0x0000000067da0000 - 0x0000000067daf000 	C:\Program Files\Java\jre1.8.0_66\bin\verify.dll
0x0000000067d70000 - 0x0000000067d99000 	C:\Program Files\Java\jre1.8.0_66\bin\java.dll
0x0000000067d50000 - 0x0000000067d66000 	C:\Program Files\Java\jre1.8.0_66\bin\zip.dll
0x00007ffe35f60000 - 0x00007ffe374bf000 	C:\Windows\system32\SHELL32.dll
0x00007ffe34b90000 - 0x00007ffe351d4000 	C:\Windows\system32\windows.storage.dll
0x00007ffe35c00000 - 0x00007ffe35c52000 	C:\Windows\system32\shlwapi.dll
0x00007ffe34850000 - 0x00007ffe3485f000 	C:\Windows\system32\kernel.appcore.dll
0x00007ffe34890000 - 0x00007ffe34945000 	C:\Windows\system32\shcore.dll
0x00007ffe347e0000 - 0x00007ffe3482b000 	C:\Windows\system32\powrprof.dll
0x00007ffe34830000 - 0x00007ffe34844000 	C:\Windows\system32\profapi.dll
0x00007ffe288c0000 - 0x00007ffe28948000 	C:\Users\Toni\Desktop\Github\December\libs\native\lwjgl.dll
0x00007ffe342e0000 - 0x00007ffe342eb000 	C:\Windows\SYSTEM32\CRYPTBASE.DLL
0x00007ffe28a80000 - 0x00007ffe28ac2000 	C:\Users\Toni\Desktop\Github\December\libs\native\jemalloc.dll
0x00007ffe28880000 - 0x00007ffe288b8000 	C:\Users\Toni\Desktop\Github\December\libs\native\glfw.dll
0x00007ffe33160000 - 0x00007ffe331f6000 	C:\Windows\system32\uxtheme.dll
0x00007ffe31ee0000 - 0x00007ffe31f02000 	C:\Windows\SYSTEM32\dwmapi.dll
0x00007ffe1f280000 - 0x00007ffe1f3a9000 	C:\Windows\SYSTEM32\opengl32.dll
0x00007ffe202d0000 - 0x00007ffe203ca000 	C:\Windows\SYSTEM32\DDRAW.dll
0x00007ffe28a50000 - 0x00007ffe28a7e000 	C:\Windows\SYSTEM32\GLU32.dll
0x00007ffe32e70000 - 0x00007ffe32e78000 	C:\Windows\SYSTEM32\DCIMAN32.dll
0x00007ffe37a10000 - 0x00007ffe37b6a000 	C:\Windows\system32\MSCTF.dll
0x00007ffe257f0000 - 0x00007ffe25808000 	C:\Windows\SYSTEM32\atig6pxx.dll
0x0000000064f80000 - 0x0000000066d80000 	C:\Windows\SYSTEM32\atio6axx.dll
0x00007ffe355c0000 - 0x00007ffe359e9000 	C:\Windows\system32\SETUPAPI.dll
0x00007ffe14a20000 - 0x00007ffe14b61000 	C:\Windows\SYSTEM32\atiadlxx.dll
0x00007ffe37bb0000 - 0x00007ffe37cf3000 	C:\Windows\system32\ole32.dll
0x00007ffe32780000 - 0x00007ffe32906000 	C:\Windows\SYSTEM32\PROPSYS.dll
0x00007ffe33fa0000 - 0x00007ffe33fbf000 	C:\Windows\SYSTEM32\USERENV.dll
0x00007ffe37e80000 - 0x00007ffe37f41000 	C:\Windows\system32\OLEAUT32.dll
0x00007ffe2d670000 - 0x00007ffe2d6a8000 	C:\Windows\SYSTEM32\IPHLPAPI.DLL
0x00007ffe32760000 - 0x00007ffe32773000 	C:\Windows\SYSTEM32\WTSAPI32.dll
0x00007ffe33200000 - 0x00007ffe33227000 	C:\Windows\SYSTEM32\DEVOBJ.dll
0x00007ffe35370000 - 0x00007ffe353c5000 	C:\Windows\system32\WINTRUST.dll
0x00007ffe34860000 - 0x00007ffe34870000 	C:\Windows\system32\MSASN1.dll
0x00007ffe34950000 - 0x00007ffe34b17000 	C:\Windows\system32\CRYPT32.dll
0x00007ffe254f0000 - 0x00007ffe2551c000 	C:\Windows\SYSTEM32\atig6txx.dll
0x0000000067d30000 - 0x0000000067d4a000 	C:\Program Files\Java\jre1.8.0_66\bin\net.dll
0x00007ffe34110000 - 0x00007ffe3416c000 	C:\Windows\system32\mswsock.dll
0x0000000067d10000 - 0x0000000067d21000 	C:\Program Files\Java\jre1.8.0_66\bin\nio.dll
0x0000000064de0000 - 0x0000000064f78000 	C:\Program Files\Java\jre1.8.0_66\bin\awt.dll
0x00007ffe32fd0000 - 0x00007ffe33049000 	C:\Windows\system32\apphelp.dll
0x00007ffe1f0f0000 - 0x00007ffe1f27c000 	C:\Windows\SYSTEM32\dbghelp.dll

VM Arguments:
jvm_args: -Djava.library.path=C:\Users\Toni\Desktop\Github\December\libs\native -Dfile.encoding=Cp1252 
java_command: com.capthed.game.TestRun
java_class_path (initial): C:\Users\Toni\Desktop\Github\December\bin;C:\Users\Toni\Desktop\Github\December\libs\lwjgl.jar;C:\Users\Toni\Desktop\Github\December\res;C:\Users\Toni\Desktop\Github\December\libs\debug.jar
Launcher Type: SUN_STANDARD

Environment Variables:
PATH=C:/Program Files/Java/jre1.8.0_66/bin/server;C:/Program Files/Java/jre1.8.0_66/bin;C:/Program Files/Java/jre1.8.0_66/lib/amd64;C:\ProgramData\Oracle\Java\javapath;C:\Windows\system32;C:\Windows;C:\Windows\System32\Wbem;C:\Windows\System32\WindowsPowerShell\v1.0\;C:\Program Files (x86)\ATI Technologies\ATI.ACE\Core-Static;C:\Program Files (x86)\GtkSharp\2.12\bin;C:\Program Files\Java\jdk1.8.0_65\bin;E:\eclipse;
USERNAME=Toni
OS=Windows_NT
PROCESSOR_IDENTIFIER=AMD64 Family 16 Model 5 Stepping 3, AuthenticAMD



---------------  S Y S T E M  ---------------

OS: Windows 10.0 , 64 bit Build 10586 (10.0.10586.0)

CPU:total 3 (3 cores per cpu, 1 threads per core) family 16 model 5 stepping 3, cmov, cx8, fxsr, mmx, sse, sse2, sse3, popcnt, mmxext, 3dnowpref, lzcnt, sse4a, tsc, tscinvbit, tscinv

Memory: 4k page, physical 6290484k(3582548k free), swap 7339060k(4125772k free)

vm_info: Java HotSpot(TM) 64-Bit Server VM (25.66-b18) for windows-amd64 JRE (1.8.0_66-b18), built on Nov  9 2015 10:51:13 by "java_re" with MS VC++ 10.0 (VS2010)

time: Fri Jan 29 17:36:15 2016
elapsed time: 5 seconds (0d 0h 0m 5s)

