#
# A fatal error has been detected by the Java Runtime Environment:
#
#  EXCEPTION_ACCESS_VIOLATION (0xc0000005) at pc=0x00007ffe257d3cb3, pid=1912, tid=5576
#
# JRE version: Java(TM) SE Runtime Environment (8.0_66-b18) (build 1.8.0_66-b18)
# Java VM: Java HotSpot(TM) 64-Bit Server VM (25.66-b18 mixed mode windows-amd64 compressed oops)
# Problematic frame:
# C  [glfw.dll+0x3cb3]
#
# Failed to write core dump. Minidumps are not enabled by default on client versions of Windows
#
# If you would like to submit a bug report, please visit:
#   http://bugreport.java.com/bugreport/crash.jsp
# The crash happened outside the Java Virtual Machine in native code.
# See problematic frame for where to report the bug.
#

---------------  T H R E A D  ---------------

Current thread (0x000000001724d800):  JavaThread "Thread-0" [_thread_in_native, id=5576, stack(0x00000000175d0000,0x00000000176d0000)]

siginfo: ExceptionCode=0xc0000005, reading address 0x0000000000000000

Registers:
RAX=0x0000000000000000, RBX=0x00000000004db8f0, RCX=0x0000000000000000, RDX=0x0000000000000000
RSP=0x00000000176cf2d0, RBP=0x00000000176cf360, RSI=0x0000000000000108, RDI=0x0000000000002a4c
R8 =0x0000000000000008, R9 =0x0000000000000000, R10=0x00007ffe207b45d0, R11=0x00000000004dbb20
R12=0x0000000000000000, R13=0x000000000254f2e4, R14=0x00000000176cf350, R15=0x000000001724d800
RIP=0x00007ffe257d3cb3, EFLAGS=0x0000000000010283

Top of Stack: (sp=0x00000000176cf2d0)
0x00000000176cf2d0:   00000000176cf2f8 00000000176cf348
0x00000000176cf2e0:   0000000002257ced 0000000000000000
0x00000000176cf2f0:   00000000004db8f0 000000000251eb8a
0x00000000176cf300:   00000000e0012128 00000000176cf308
0x00000000176cf310:   000000001552cb9f 00000000176cf360
0x00000000176cf320:   000000001552d128 000000001d578078
0x00000000176cf330:   000000001552cbc8 0000000000000000
0x00000000176cf340:   00000000176cf370 00000000176cf648
0x00000000176cf350:   00000000e03a1338 00000000e0008f90
0x00000000176cf360:   00000000176cf648 000000000254f49c
0x00000000176cf370:   000000004396263c 0000000002519c0f
0x00000000176cf380:   0000000041c80000 0000000000000000
0x00000000176cf390:   0000000000000000 0000000000000000
0x00000000176cf3a0:   0000000000000000 0000000000000000
0x00000000176cf3b0:   0000000000000000 0000000000000000
0x00000000176cf3c0:   0000000000000000 0000000000000000 

Instructions: (pc=0x00007ffe257d3cb3)
0x00007ffe257d3c93:   02 00 e8 46 22 00 00 48 39 1d ff bd 02 00 48 8d
0x00007ffe257d3ca3:   0d f8 bd 02 00 74 0e 66 0f 1f 44 00 00 48 8b 09
0x00007ffe257d3cb3:   48 39 19 75 f8 48 8b 03 48 89 01 48 8b cb 48 83
0x00007ffe257d3cc3:   c4 20 5b e9 61 e6 00 00 48 83 c4 20 5b c3 cc cc 


Register to memory mapping:

RAX=0x0000000000000000 is an unknown value
RBX=0x00000000004db8f0 is an unknown value
RCX=0x0000000000000000 is an unknown value
RDX=0x0000000000000000 is an unknown value
RSP=0x00000000176cf2d0 is pointing into the stack for thread: 0x000000001724d800
RBP=0x00000000176cf360 is pointing into the stack for thread: 0x000000001724d800
RSI=0x0000000000000108 is an unknown value
RDI=0x0000000000002a4c is an unknown value
R8 =0x0000000000000008 is an unknown value
R9 =0x0000000000000000 is an unknown value
R10=0x00007ffe207b45d0 is an unknown value
R11=0x00000000004dbb20 is an unknown value
R12=0x0000000000000000 is an unknown value
R13=0x000000000254f2e4 is at entry_point+772 in (nmethod*)0x000000000254e8d0
R14=0x00000000176cf350 is pointing into the stack for thread: 0x000000001724d800
R15=0x000000001724d800 is a thread


Stack: [0x00000000175d0000,0x00000000176d0000],  sp=0x00000000176cf2d0,  free space=1020k
Native frames: (J=compiled Java code, j=interpreted, Vv=VM code, C=native code)
C  [glfw.dll+0x3cb3]
C  0x000000000251eb8a

Java frames: (J=compiled Java code, j=interpreted, Vv=VM code)
J 649  org.lwjgl.system.JNI.invokePV(JJ)V (0 bytes) @ 0x000000000251eb04 [0x000000000251eac0+0x44]
J 694 C1 com.capthed.game.Test2.check()V (180 bytes) @ 0x000000000254f49c [0x000000000254efe0+0x4bc]
J 707 C1 com.capthed.abyss.GameLoop.update()V (21 bytes) @ 0x0000000002559834 [0x0000000002559100+0x734]
j  com.capthed.abyss.GameLoop.run()V+186
j  java.lang.Thread.run()V+11
v  ~StubRoutines::call_stub

---------------  P R O C E S S  ---------------

Java Threads: ( => current thread )
  0x000000001cdc8000 JavaThread "Java2D Disposer" daemon [_thread_blocked, id=2620, stack(0x000000001d6d0000,0x000000001d7d0000)]
  0x0000000002150800 JavaThread "DestroyJavaVM" [_thread_blocked, id=1748, stack(0x0000000001f90000,0x0000000002090000)]
=>0x000000001724d800 JavaThread "Thread-0" [_thread_in_native, id=5576, stack(0x00000000175d0000,0x00000000176d0000)]
  0x0000000015b0f800 JavaThread "Service Thread" daemon [_thread_blocked, id=4004, stack(0x0000000016fd0000,0x00000000170d0000)]
  0x0000000015aa1000 JavaThread "C1 CompilerThread1" daemon [_thread_blocked, id=3192, stack(0x0000000016ed0000,0x0000000016fd0000)]
  0x0000000015a9b000 JavaThread "C2 CompilerThread0" daemon [_thread_blocked, id=5460, stack(0x0000000016dd0000,0x0000000016ed0000)]
  0x0000000015a99800 JavaThread "Attach Listener" daemon [_thread_blocked, id=952, stack(0x0000000016cd0000,0x0000000016dd0000)]
  0x0000000015a98000 JavaThread "Signal Dispatcher" daemon [_thread_blocked, id=6740, stack(0x0000000016bd0000,0x0000000016cd0000)]
  0x0000000002244000 JavaThread "Finalizer" daemon [_thread_blocked, id=2552, stack(0x00000000169f0000,0x0000000016af0000)]
  0x000000000223d000 JavaThread "Reference Handler" daemon [_thread_blocked, id=2024, stack(0x00000000168f0000,0x00000000169f0000)]

Other Threads:
  0x0000000015a67800 VMThread [stack: 0x00000000167f0000,0x00000000168f0000] [id=6644]
  0x0000000015b15000 WatcherThread [stack: 0x00000000170d0000,0x00000000171d0000] [id=1696]

VM state:not at safepoint (normal execution)

VM Mutex/Monitor currently owned by a thread: None

Heap:
 PSYoungGen      total 28672K, used 19515K [0x00000000e0000000, 0x00000000e2000000, 0x0000000100000000)
  eden space 24576K, 79% used [0x00000000e0000000,0x00000000e130ee58,0x00000000e1800000)
  from space 4096K, 0% used [0x00000000e1c00000,0x00000000e1c00000,0x00000000e2000000)
  to   space 4096K, 0% used [0x00000000e1800000,0x00000000e1800000,0x00000000e1c00000)
 ParOldGen       total 65536K, used 0K [0x00000000a0000000, 0x00000000a4000000, 0x00000000e0000000)
  object space 65536K, 0% used [0x00000000a0000000,0x00000000a0000000,0x00000000a4000000)
 Metaspace       used 9680K, capacity 9810K, committed 10112K, reserved 1058816K
  class space    used 841K, capacity 889K, committed 896K, reserved 1048576K

Card table byte_map: [0x0000000011610000,0x0000000011920000] byte_map_base: 0x0000000011110000

Marking Bits: (ParMarkBitMap*) 0x000000006789a5b0
 Begin Bits: [0x0000000011e20000, 0x0000000013620000)
 End Bits:   [0x0000000013620000, 0x0000000014e20000)

Polling page: 0x0000000000450000

CodeCache: size=245760Kb used=3120Kb max_used=3126Kb free=242639Kb
 bounds [0x0000000002250000, 0x0000000002560000, 0x0000000011250000]
 total_blobs=1437 nmethods=718 adapters=633
 compilation: enabled

Compilation events (10 events):
Event: 5.913 Thread 0x0000000015a9b000 nmethod 713 0x0000000002555bd0 code [0x0000000002555d00, 0x0000000002555d78]
Event: 6.965 Thread 0x0000000015aa1000  714       3       java.nio.ByteBuffer::array (35 bytes)
Event: 6.966 Thread 0x0000000015aa1000 nmethod 714 0x000000000255cc90 code [0x000000000255ce20, 0x000000000255d138]
Event: 6.966 Thread 0x0000000015aa1000  715       3       java.io.BufferedWriter::ensureOpen (18 bytes)
Event: 6.966 Thread 0x0000000015aa1000 nmethod 715 0x000000000255c810 code [0x000000000255c980, 0x000000000255cbc8]
Event: 6.966 Thread 0x0000000015aa1000  716       1       sun.nio.cs.StreamEncoder::isOpen (5 bytes)
Event: 6.966 Thread 0x0000000015aa1000 nmethod 716 0x000000000255a490 code [0x000000000255a5e0, 0x000000000255a6f0]
Event: 7.022 Thread 0x0000000015aa1000  717       3       java.io.PrintStream::ensureOpen (18 bytes)
Event: 7.022 Thread 0x0000000015aa1000 nmethod 717 0x000000000255c390 code [0x000000000255c500, 0x000000000255c748]
Event: 7.052 Thread 0x0000000015aa1000  718       3       java.nio.charset.CoderResult::isUnderflow (13 bytes)

GC Heap History (0 events):
No events

Deoptimization events (7 events):
Event: 0.811 Thread 0x000000001724d800 Uncommon trap: reason=unstable_if action=reinterpret pc=0x0000000002430740 method=sun.misc.MetaIndex.mayContain(Ljava/lang/String;)Z @ 38
Event: 2.176 Thread 0x000000001724d800 Uncommon trap: reason=unstable_if action=reinterpret pc=0x00000000024dc548 method=com.capthed.abyss.map.Scene.render()V @ 27
Event: 2.178 Thread 0x000000001724d800 Uncommon trap: reason=unstable_if action=reinterpret pc=0x00000000024d758c method=com.capthed.abyss.map.Scene.render()V @ 27
Event: 2.179 Thread 0x000000001724d800 Uncommon trap: reason=unstable_if action=reinterpret pc=0x00000000024eb554 method=com.capthed.abyss.map.Scene.init()V @ 27
Event: 2.180 Thread 0x000000001724d800 Uncommon trap: reason=unstable_if action=reinterpret pc=0x00000000024e63b8 method=com.capthed.abyss.map.Scene.init()V @ 27
Event: 2.180 Thread 0x000000001724d800 Uncommon trap: reason=unstable_if action=reinterpret pc=0x000000000251cef8 method=com.capthed.abyss.map.Scene.update()V @ 27
Event: 2.181 Thread 0x000000001724d800 Uncommon trap: reason=unstable_if action=reinterpret pc=0x000000000251f990 method=com.capthed.abyss.map.Scene.update()V @ 27

Internal exceptions (10 events):
Event: 0.054 Thread 0x0000000002150800 Exception <a 'java/lang/NoSuchMethodError': Method sun.misc.Unsafe.defineClass(Ljava/lang/String;[BII)Ljava/lang/Class; name or signature does not match> (0x00000000e000ce08) thrown at [C:\re\workspace\8-2-build-windows-amd64-cygwin\jdk8u66\5298\hotspot\sríî„—/¾«?
Event: 0.054 Thread 0x0000000002150800 Exception <a 'java/lang/NoSuchMethodError': Method sun.misc.Unsafe.prefetchRead(Ljava/lang/Object;J)V name or signature does not match> (0x00000000e000d0f0) thrown at [C:\re\workspace\8-2-build-windows-amd64-cygwin\jdk8u66\5298\hotspot\src\share\vm\prims\j@e˜óÃ?
Event: 0.149 Thread 0x0000000002150800 Exception <a 'java/lang/ArrayIndexOutOfBoundsException': 0> (0x00000000e0183270) thrown at [C:\re\workspace\8-2-build-windows-amd64-cygwin\jdk8u66\5298\hotspot\src\share\vm\interpreter\interpreterRuntime.cpp, line 366]
Event: 0.428 Thread 0x000000001724d800 Exception <a 'java/security/PrivilegedActionException'> (0x00000000e042a088) thrown at [C:\re\workspace\8-2-build-windows-amd64-cygwin\jdk8u66\5298\hotspot\src\share\vm\prims\jvm.cpp, line 1386]
Event: 0.428 Thread 0x000000001724d800 Exception <a 'java/security/PrivilegedActionException'> (0x00000000e042a480) thrown at [C:\re\workspace\8-2-build-windows-amd64-cygwin\jdk8u66\5298\hotspot\src\share\vm\prims\jvm.cpp, line 1386]
Event: 0.429 Thread 0x000000001724d800 Exception <a 'java/security/PrivilegedActionException'> (0x00000000e042e3f8) thrown at [C:\re\workspace\8-2-build-windows-amd64-cygwin\jdk8u66\5298\hotspot\src\share\vm\prims\jvm.cpp, line 1386]
Event: 0.429 Thread 0x000000001724d800 Exception <a 'java/security/PrivilegedActionException'> (0x00000000e042e7f0) thrown at [C:\re\workspace\8-2-build-windows-amd64-cygwin\jdk8u66\5298\hotspot\src\share\vm\prims\jvm.cpp, line 1386]
Event: 0.815 Thread 0x000000001724d800 Exception <a 'java/io/FileNotFoundException'> (0x00000000e0cf6860) thrown at [C:\re\workspace\8-2-build-windows-amd64-cygwin\jdk8u66\5298\hotspot\src\share\vm\prims\jni.cpp, line 709]
Event: 0.868 Thread 0x000000001724d800 Exception <a 'java/lang/NoSuchFieldError': method resolution failed> (0x00000000e0dc3d30) thrown at [C:\re\workspace\8-2-build-windows-amd64-cygwin\jdk8u66\5298\hotspot\src\share\vm\prims\methodHandles.cpp, line 1146]
Event: 0.871 Thread 0x000000001724d800 Exception <a 'java/lang/NoSuchFieldError': method resolution failed> (0x00000000e0dd1420) thrown at [C:\re\workspace\8-2-build-windows-amd64-cygwin\jdk8u66\5298\hotspot\src\share\vm\prims\methodHandles.cpp, line 1146]

Events (10 events):
Event: 2.207 Thread 0x000000001724d800 DEOPT PACKING pc=0x000000000253823f sp=0x00000000176cf470
Event: 2.207 Thread 0x000000001724d800 DEOPT UNPACKING pc=0x000000000229747f sp=0x00000000176cf1f8 mode 0
Event: 2.283 Thread 0x000000001724d800 DEOPT PACKING pc=0x0000000002539a37 sp=0x00000000176cf480
Event: 2.283 Thread 0x000000001724d800 DEOPT UNPACKING pc=0x000000000229747f sp=0x00000000176cf210 mode 0
Event: 2.284 Thread 0x000000001724d800 DEOPT PACKING pc=0x000000000253b0f7 sp=0x00000000176cf480
Event: 2.284 Thread 0x000000001724d800 DEOPT UNPACKING pc=0x000000000229747f sp=0x00000000176cf210 mode 0
Event: 4.184 Executing VM operation: EnableBiasedLocking
Event: 4.184 Executing VM operation: EnableBiasedLocking done
Event: 5.911 loading class java/nio/DirectByteBuffer$1
Event: 5.911 loading class java/nio/DirectByteBuffer$1 done


Dynamic libraries:
0x00007ff607da0000 - 0x00007ff607dd7000 	C:\Program Files\Java\jre1.8.0_66\bin\javaw.exe
0x00007ffe381c0000 - 0x00007ffe38381000 	C:\Windows\SYSTEM32\ntdll.dll
0x00007ffe376d0000 - 0x00007ffe3777d000 	C:\Windows\system32\KERNEL32.DLL
0x00007ffe353d0000 - 0x00007ffe355b8000 	C:\Windows\system32\KERNELBASE.dll
0x00007ffe35cc0000 - 0x00007ffe35d67000 	C:\Windows\system32\ADVAPI32.dll
0x00007ffe35b00000 - 0x00007ffe35b9d000 	C:\Windows\system32\msvcrt.dll
0x00007ffe35c60000 - 0x00007ffe35cbb000 	C:\Windows\system32\sechost.dll
0x00007ffe375b0000 - 0x00007ffe376cc000 	C:\Windows\system32\RPCRT4.dll
0x00007ffe37d00000 - 0x00007ffe37e56000 	C:\Windows\system32\USER32.dll
0x00007ffe35d70000 - 0x00007ffe35ef6000 	C:\Windows\system32\GDI32.dll
0x00007ffe23520000 - 0x00007ffe23794000 	C:\Windows\WinSxS\amd64_microsoft.windows.common-controls_6595b64144ccf1df_6.0.10586.0_none_8c15ae12515e1c22\COMCTL32.dll
0x00007ffe37790000 - 0x00007ffe37a0d000 	C:\Windows\system32\combase.dll
0x00007ffe34b20000 - 0x00007ffe34b8a000 	C:\Windows\system32\bcryptPrimitives.dll
0x00007ffe37b70000 - 0x00007ffe37bab000 	C:\Windows\system32\IMM32.DLL
0x0000000067db0000 - 0x0000000067e82000 	C:\Program Files\Java\jre1.8.0_66\bin\msvcr100.dll
0x0000000067090000 - 0x0000000067919000 	C:\Program Files\Java\jre1.8.0_66\bin\server\jvm.dll
0x00007ffe38100000 - 0x00007ffe38108000 	C:\Windows\system32\PSAPI.DLL
0x00007ffe32f60000 - 0x00007ffe32f69000 	C:\Windows\SYSTEM32\WSOCK32.dll
0x00007ffe32f10000 - 0x00007ffe32f33000 	C:\Windows\SYSTEM32\WINMM.dll
0x00007ffe374c0000 - 0x00007ffe3752b000 	C:\Windows\system32\WS2_32.dll
0x00007ffe30f60000 - 0x00007ffe30f6a000 	C:\Windows\SYSTEM32\VERSION.dll
0x00007ffe32eb0000 - 0x00007ffe32edc000 	C:\Windows\SYSTEM32\WINMMBASE.dll
0x00007ffe351e0000 - 0x00007ffe35223000 	C:\Windows\system32\cfgmgr32.dll
0x0000000067da0000 - 0x0000000067daf000 	C:\Program Files\Java\jre1.8.0_66\bin\verify.dll
0x0000000067d70000 - 0x0000000067d99000 	C:\Program Files\Java\jre1.8.0_66\bin\java.dll
0x0000000067d50000 - 0x0000000067d66000 	C:\Program Files\Java\jre1.8.0_66\bin\zip.dll
0x00007ffe35f60000 - 0x00007ffe374bf000 	C:\Windows\system32\SHELL32.dll
0x00007ffe34b90000 - 0x00007ffe351d4000 	C:\Windows\system32\windows.storage.dll
0x00007ffe35c00000 - 0x00007ffe35c52000 	C:\Windows\system32\shlwapi.dll
0x00007ffe34850000 - 0x00007ffe3485f000 	C:\Windows\system32\kernel.appcore.dll
0x00007ffe34890000 - 0x00007ffe34945000 	C:\Windows\system32\shcore.dll
0x00007ffe347e0000 - 0x00007ffe3482b000 	C:\Windows\system32\powrprof.dll
0x00007ffe34830000 - 0x00007ffe34844000 	C:\Windows\system32\profapi.dll
0x00007ffe20780000 - 0x00007ffe20808000 	C:\Users\Toni\Desktop\Github\December\libs\native\lwjgl.dll
0x00007ffe342e0000 - 0x00007ffe342eb000 	C:\Windows\SYSTEM32\CRYPTBASE.DLL
0x00007ffe28870000 - 0x00007ffe288b2000 	C:\Users\Toni\Desktop\Github\December\libs\native\jemalloc.dll
0x00007ffe257d0000 - 0x00007ffe25808000 	C:\Users\Toni\Desktop\Github\December\libs\native\glfw.dll
0x00007ffe33160000 - 0x00007ffe331f6000 	C:\Windows\system32\uxtheme.dll
0x00007ffe31ee0000 - 0x00007ffe31f02000 	C:\Windows\SYSTEM32\dwmapi.dll
0x00007ffe1f280000 - 0x00007ffe1f3a9000 	C:\Windows\SYSTEM32\opengl32.dll
0x00007ffe1f180000 - 0x00007ffe1f27a000 	C:\Windows\SYSTEM32\DDRAW.dll
0x00007ffe254f0000 - 0x00007ffe2551e000 	C:\Windows\SYSTEM32\GLU32.dll
0x00007ffe32e70000 - 0x00007ffe32e78000 	C:\Windows\SYSTEM32\DCIMAN32.dll
0x00007ffe37a10000 - 0x00007ffe37b6a000 	C:\Windows\system32\MSCTF.dll
0x00007ffe246a0000 - 0x00007ffe246b8000 	C:\Windows\SYSTEM32\atig6pxx.dll
0x0000000064f80000 - 0x0000000066d80000 	C:\Windows\SYSTEM32\atio6axx.dll
0x00007ffe355c0000 - 0x00007ffe359e9000 	C:\Windows\system32\SETUPAPI.dll
0x00007ffe14a20000 - 0x00007ffe14b61000 	C:\Windows\SYSTEM32\atiadlxx.dll
0x00007ffe37bb0000 - 0x00007ffe37cf3000 	C:\Windows\system32\ole32.dll
0x00007ffe33fa0000 - 0x00007ffe33fbf000 	C:\Windows\SYSTEM32\USERENV.dll
0x00007ffe32780000 - 0x00007ffe32906000 	C:\Windows\SYSTEM32\PROPSYS.dll
0x00007ffe2d670000 - 0x00007ffe2d6a8000 	C:\Windows\SYSTEM32\IPHLPAPI.DLL
0x00007ffe37e80000 - 0x00007ffe37f41000 	C:\Windows\system32\OLEAUT32.dll
0x00007ffe32760000 - 0x00007ffe32773000 	C:\Windows\SYSTEM32\WTSAPI32.dll
0x00007ffe33200000 - 0x00007ffe33227000 	C:\Windows\SYSTEM32\DEVOBJ.dll
0x00007ffe35370000 - 0x00007ffe353c5000 	C:\Windows\system32\WINTRUST.dll
0x00007ffe34860000 - 0x00007ffe34870000 	C:\Windows\system32\MSASN1.dll
0x00007ffe34950000 - 0x00007ffe34b17000 	C:\Windows\system32\CRYPT32.dll
0x00007ffe21240000 - 0x00007ffe2126c000 	C:\Windows\SYSTEM32\atig6txx.dll
0x0000000067d30000 - 0x0000000067d4a000 	C:\Program Files\Java\jre1.8.0_66\bin\net.dll
0x00007ffe34110000 - 0x00007ffe3416c000 	C:\Windows\system32\mswsock.dll
0x0000000067d10000 - 0x0000000067d21000 	C:\Program Files\Java\jre1.8.0_66\bin\nio.dll
0x0000000064de0000 - 0x0000000064f78000 	C:\Program Files\Java\jre1.8.0_66\bin\awt.dll
0x00007ffe32fd0000 - 0x00007ffe33049000 	C:\Windows\system32\apphelp.dll
0x00007ffe15c00000 - 0x00007ffe15d8c000 	C:\Windows\SYSTEM32\dbghelp.dll

VM Arguments:
jvm_args: -Djava.library.path=C:\Users\Toni\Desktop\Github\December\libs\native -Dfile.encoding=Cp1252 
java_command: com.capthed.game.TestRun
java_class_path (initial): C:\Users\Toni\Desktop\Github\December\bin;C:\Users\Toni\Desktop\Github\December\libs\lwjgl.jar;C:\Users\Toni\Desktop\Github\December\res;C:\Users\Toni\Desktop\Github\December\libs\debug.jar
Launcher Type: SUN_STANDARD

Environment Variables:
PATH=C:/Program Files/Java/jre1.8.0_66/bin/server;C:/Program Files/Java/jre1.8.0_66/bin;C:/Program Files/Java/jre1.8.0_66/lib/amd64;C:\ProgramData\Oracle\Java\javapath;C:\Windows\system32;C:\Windows;C:\Windows\System32\Wbem;C:\Windows\System32\WindowsPowerShell\v1.0\;C:\Program Files (x86)\ATI Technologies\ATI.ACE\Core-Static;C:\Program Files (x86)\GtkSharp\2.12\bin;C:\Program Files\Java\jdk1.8.0_65\bin;E:\eclipse;
USERNAME=Toni
OS=Windows_NT
PROCESSOR_IDENTIFIER=AMD64 Family 16 Model 5 Stepping 3, AuthenticAMD



---------------  S Y S T E M  ---------------

OS: Windows 10.0 , 64 bit Build 10586 (10.0.10586.0)

CPU:total 3 (3 cores per cpu, 1 threads per core) family 16 model 5 stepping 3, cmov, cx8, fxsr, mmx, sse, sse2, sse3, popcnt, mmxext, 3dnowpref, lzcnt, sse4a, tsc, tscinvbit, tscinv

Memory: 4k page, physical 6290484k(3612524k free), swap 7339060k(4134884k free)

vm_info: Java HotSpot(TM) 64-Bit Server VM (25.66-b18) for windows-amd64 JRE (1.8.0_66-b18), built on Nov  9 2015 10:51:13 by "java_re" with MS VC++ 10.0 (VS2010)

time: Fri Jan 29 17:35:12 2016
elapsed time: 7 seconds (0d 0h 0m 7s)

