#
# A fatal error has been detected by the Java Runtime Environment:
#
#  EXCEPTION_ACCESS_VIOLATION (0xc0000005) at pc=0x00007ffe28883cb3, pid=640, tid=1264
#
# JRE version: Java(TM) SE Runtime Environment (8.0_66-b18) (build 1.8.0_66-b18)
# Java VM: Java HotSpot(TM) 64-Bit Server VM (25.66-b18 mixed mode windows-amd64 compressed oops)
# Problematic frame:
# C  [glfw.dll+0x3cb3]
#
# Failed to write core dump. Minidumps are not enabled by default on client versions of Windows
#
# If you would like to submit a bug report, please visit:
#   http://bugreport.java.com/bugreport/crash.jsp
# The crash happened outside the Java Virtual Machine in native code.
# See problematic frame for where to report the bug.
#

---------------  T H R E A D  ---------------

Current thread (0x00000000172a9800):  JavaThread "Thread-0" [_thread_in_native, id=1264, stack(0x00000000175d0000,0x00000000176d0000)]

siginfo: ExceptionCode=0xc0000005, reading address 0x0000000000000000

Registers:
RAX=0x0000000000000000, RBX=0x00000000004cd090, RCX=0x0000000000000000, RDX=0x0000000000000000
RSP=0x00000000176cf210, RBP=0x00000000176cf2a0, RSI=0x0000000000000108, RDI=0x00000000000069e7
R8 =0x0000000000000008, R9 =0x0000000000000000, R10=0x00007ffe288f45d0, R11=0x00000000004cd2c0
R12=0x0000000000000000, R13=0x00000000176cf2b8, R14=0x00000000176cf290, R15=0x00000000172a9800
RIP=0x00007ffe28883cb3, EFLAGS=0x0000000000010283

Top of Stack: (sp=0x00000000176cf210)
0x00000000176cf210:   00000000e18fc168 00000000e18fc168
0x00000000176cf220:   00000000176cf3d8 00000000025a9f3c
0x00000000176cf230:   0000000015594940 000000000251da0a
0x00000000176cf240:   0000001c00000000 0000000000000000
0x00000000176cf250:   0000000000000006 0000000002450ef5
0x00000000176cf260:   00000000e081c318 000000000244b588
0x00000000176cf270:   0000000000000000 0000000000000000
0x00000000176cf280:   00000000e081c2a8 0000000000000000
0x00000000176cf290:   00000000e19c5d70 00000000e18fc020
0x00000000176cf2a0:   00000000176cf318 0000000002257ced
0x00000000176cf2b0:   0000000002257ced 00000000004cd090
0x00000000176cf2c0:   0000000002257800 00007ffe28883c30
0x00000000176cf2d0:   0000000000000001 00000000176cf2d8
0x00000000176cf2e0:   000000001553cf64 00000000176cf340
0x00000000176cf2f0:   0000000015542188 000000001d608488
0x00000000176cf300:   000000001553cf90 00000000176cf2b8 

Instructions: (pc=0x00007ffe28883cb3)
0x00007ffe28883c93:   02 00 e8 46 22 00 00 48 39 1d ff bd 02 00 48 8d
0x00007ffe28883ca3:   0d f8 bd 02 00 74 0e 66 0f 1f 44 00 00 48 8b 09
0x00007ffe28883cb3:   48 39 19 75 f8 48 8b 03 48 89 01 48 8b cb 48 83
0x00007ffe28883cc3:   c4 20 5b e9 61 e6 00 00 48 83 c4 20 5b c3 cc cc 


Register to memory mapping:

RAX=0x0000000000000000 is an unknown value
RBX=0x00000000004cd090 is an unknown value
RCX=0x0000000000000000 is an unknown value
RDX=0x0000000000000000 is an unknown value
RSP=0x00000000176cf210 is pointing into the stack for thread: 0x00000000172a9800
RBP=0x00000000176cf2a0 is pointing into the stack for thread: 0x00000000172a9800
RSI=0x0000000000000108 is an unknown value
RDI=0x00000000000069e7 is an unknown value
R8 =0x0000000000000008 is an unknown value
R9 =0x0000000000000000 is an unknown value
R10=0x00007ffe288f45d0 is an unknown value
R11=0x00000000004cd2c0 is an unknown value
R12=0x0000000000000000 is an unknown value
R13=0x00000000176cf2b8 is pointing into the stack for thread: 0x00000000172a9800
R14=0x00000000176cf290 is pointing into the stack for thread: 0x00000000172a9800
R15=0x00000000172a9800 is a thread


Stack: [0x00000000175d0000,0x00000000176d0000],  sp=0x00000000176cf210,  free space=1020k
Native frames: (J=compiled Java code, j=interpreted, Vv=VM code, C=native code)
C  [glfw.dll+0x3cb3]
C  0x000000000251da0a

Java frames: (J=compiled Java code, j=interpreted, Vv=VM code)
J 652  org.lwjgl.system.JNI.invokePV(JJ)V (0 bytes) @ 0x000000000251d984 [0x000000000251d940+0x44]
j  org.lwjgl.glfw.GLFW.glfwDestroyWindow(J)V+20
j  com.capthed.abyss.gfx.Display.destroy()V+3
j  com.capthed.abyss.Abyss.stop()V+19
j  com.capthed.game.Test2.check()V+9
J 747 C1 com.capthed.abyss.GameLoop.update()V (21 bytes) @ 0x00000000025685b4 [0x0000000002567e80+0x734]
j  com.capthed.abyss.GameLoop.run()V+186
j  java.lang.Thread.run()V+11
v  ~StubRoutines::call_stub

---------------  P R O C E S S  ---------------

Java Threads: ( => current thread )
  0x000000001cd33800 JavaThread "Java2D Disposer" daemon [_thread_blocked, id=3272, stack(0x000000001d760000,0x000000001d860000)]
  0x0000000002150800 JavaThread "DestroyJavaVM" [_thread_blocked, id=4688, stack(0x0000000001f80000,0x0000000002080000)]
=>0x00000000172a9800 JavaThread "Thread-0" [_thread_in_native, id=1264, stack(0x00000000175d0000,0x00000000176d0000)]
  0x0000000015b0e000 JavaThread "Service Thread" daemon [_thread_blocked, id=6124, stack(0x0000000016fd0000,0x00000000170d0000)]
  0x0000000015a9d000 JavaThread "C1 CompilerThread1" daemon [_thread_blocked, id=5952, stack(0x0000000016ed0000,0x0000000016fd0000)]
  0x0000000015a9b000 JavaThread "C2 CompilerThread0" daemon [_thread_blocked, id=1372, stack(0x0000000016dd0000,0x0000000016ed0000)]
  0x0000000015a99800 JavaThread "Attach Listener" daemon [_thread_blocked, id=6084, stack(0x0000000016cd0000,0x0000000016dd0000)]
  0x0000000015a98000 JavaThread "Signal Dispatcher" daemon [_thread_blocked, id=2392, stack(0x0000000016bd0000,0x0000000016cd0000)]
  0x0000000002244000 JavaThread "Finalizer" daemon [_thread_blocked, id=3528, stack(0x00000000169f0000,0x0000000016af0000)]
  0x000000000223d000 JavaThread "Reference Handler" daemon [_thread_blocked, id=1580, stack(0x00000000168f0000,0x00000000169f0000)]

Other Threads:
  0x0000000015a67800 VMThread [stack: 0x00000000167f0000,0x00000000168f0000] [id=424]
  0x0000000015b14000 WatcherThread [stack: 0x00000000170d0000,0x00000000171d0000] [id=6556]

VM state:not at safepoint (normal execution)

VM Mutex/Monitor currently owned by a thread: None

Heap:
 PSYoungGen      total 28672K, used 12742K [0x00000000e0000000, 0x00000000e2000000, 0x0000000100000000)
  eden space 24576K, 35% used [0x00000000e0000000,0x00000000e08721e8,0x00000000e1800000)
  from space 4096K, 99% used [0x00000000e1800000,0x00000000e1bff760,0x00000000e1c00000)
  to   space 4096K, 0% used [0x00000000e1c00000,0x00000000e1c00000,0x00000000e2000000)
 ParOldGen       total 65536K, used 24935K [0x00000000a0000000, 0x00000000a4000000, 0x00000000e0000000)
  object space 65536K, 38% used [0x00000000a0000000,0x00000000a1859dd0,0x00000000a4000000)
 Metaspace       used 9727K, capacity 9814K, committed 10112K, reserved 1058816K
  class space    used 841K, capacity 889K, committed 896K, reserved 1048576K

Card table byte_map: [0x0000000011610000,0x0000000011920000] byte_map_base: 0x0000000011110000

Marking Bits: (ParMarkBitMap*) 0x000000006789a5b0
 Begin Bits: [0x0000000011e20000, 0x0000000013620000)
 End Bits:   [0x0000000013620000, 0x0000000014e20000)

Polling page: 0x0000000000440000

CodeCache: size=245760Kb used=3438Kb max_used=3450Kb free=242321Kb
 bounds [0x0000000002250000, 0x00000000025c0000, 0x0000000011250000]
 total_blobs=1533 nmethods=814 adapters=633
 compilation: enabled

Compilation events (10 events):
Event: 30.129 Thread 0x0000000015a9d000  810   !   3       java.io.PrintStream::write (83 bytes)
Event: 30.130 Thread 0x0000000015a9d000 nmethod 810 0x00000000025a8290 code [0x00000000025a84c0, 0x00000000025a9048]
Event: 30.130 Thread 0x0000000015a9d000  811   !   3       java.io.PrintStream::newLine (73 bytes)
Event: 30.131 Thread 0x0000000015a9d000 nmethod 811 0x00000000025a97d0 code [0x00000000025a99e0, 0x00000000025aa3f8]
Event: 32.132 Thread 0x0000000015a9d000  812       3       com.capthed.util.Debug::print (35 bytes)
Event: 32.133 Thread 0x0000000015a9d000 nmethod 812 0x00000000025aab10 code [0x00000000025aad40, 0x00000000025abb58]
Event: 32.620 Thread 0x0000000015a9b000  813 % !   4       java.lang.ref.Reference$ReferenceHandler::run @ 0 (102 bytes)
Event: 32.629 Thread 0x0000000015a9b000 nmethod 813% 0x00000000025af950 code [0x00000000025afb00, 0x00000000025b0678]
Event: 33.339 Thread 0x0000000015a9d000  814       3       java.lang.AbstractStringBuilder::append (40 bytes)
Event: 33.339 Thread 0x0000000015a9d000 nmethod 814 0x00000000025af290 code [0x00000000025af420, 0x00000000025af818]

GC Heap History (6 events):
Event: 5.063 GC heap before
{Heap before GC invocations=1 (full 0):
 PSYoungGen      total 28672K, used 24576K [0x00000000e0000000, 0x00000000e2000000, 0x0000000100000000)
  eden space 24576K, 100% used [0x00000000e0000000,0x00000000e1800000,0x00000000e1800000)
  from space 4096K, 0% used [0x00000000e1c00000,0x00000000e1c00000,0x00000000e2000000)
  to   space 4096K, 0% used [0x00000000e1800000,0x00000000e1800000,0x00000000e1c00000)
 ParOldGen       total 65536K, used 0K [0x00000000a0000000, 0x00000000a4000000, 0x00000000e0000000)
  object space 65536K, 0% used [0x00000000a0000000,0x00000000a0000000,0x00000000a4000000)
 Metaspace       used 9679K, capacity 9814K, committed 10112K, reserved 1058816K
  class space    used 841K, capacity 889K, committed 896K, reserved 1048576K
Event: 5.082 GC heap after
Heap after GC invocations=1 (full 0):
 PSYoungGen      total 28672K, used 4077K [0x00000000e0000000, 0x00000000e2000000, 0x0000000100000000)
  eden space 24576K, 0% used [0x00000000e0000000,0x00000000e0000000,0x00000000e1800000)
  from space 4096K, 99% used [0x00000000e1800000,0x00000000e1bfb750,0x00000000e1c00000)
  to   space 4096K, 0% used [0x00000000e1c00000,0x00000000e1c00000,0x00000000e2000000)
 ParOldGen       total 65536K, used 3951K [0x00000000a0000000, 0x00000000a4000000, 0x00000000e0000000)
  object space 65536K, 6% used [0x00000000a0000000,0x00000000a03dbdd0,0x00000000a4000000)
 Metaspace       used 9679K, capacity 9814K, committed 10112K, reserved 1058816K
  class space    used 841K, capacity 889K, committed 896K, reserved 1048576K
}
Event: 12.370 GC heap before
{Heap before GC invocations=2 (full 0):
 PSYoungGen      total 28672K, used 28653K [0x00000000e0000000, 0x00000000e2000000, 0x0000000100000000)
  eden space 24576K, 100% used [0x00000000e0000000,0x00000000e1800000,0x00000000e1800000)
  from space 4096K, 99% used [0x00000000e1800000,0x00000000e1bfb750,0x00000000e1c00000)
  to   space 4096K, 0% used [0x00000000e1c00000,0x00000000e1c00000,0x00000000e2000000)
 ParOldGen       total 65536K, used 3951K [0x00000000a0000000, 0x00000000a4000000, 0x00000000e0000000)
  object space 65536K, 6% used [0x00000000a0000000,0x00000000a03dbdd0,0x00000000a4000000)
 Metaspace       used 9705K, capacity 9814K, committed 10112K, reserved 1058816K
  class space    used 841K, capacity 889K, committed 896K, reserved 1048576K
Event: 12.415 GC heap after
Heap after GC invocations=2 (full 0):
 PSYoungGen      total 28672K, used 4093K [0x00000000e0000000, 0x00000000e2000000, 0x0000000100000000)
  eden space 24576K, 0% used [0x00000000e0000000,0x00000000e0000000,0x00000000e1800000)
  from space 4096K, 99% used [0x00000000e1c00000,0x00000000e1fff760,0x00000000e2000000)
  to   space 4096K, 0% used [0x00000000e1800000,0x00000000e1800000,0x00000000e1c00000)
 ParOldGen       total 65536K, used 14431K [0x00000000a0000000, 0x00000000a4000000, 0x00000000e0000000)
  object space 65536K, 22% used [0x00000000a0000000,0x00000000a0e17dd0,0x00000000a4000000)
 Metaspace       used 9705K, capacity 9814K, committed 10112K, reserved 1058816K
  class space    used 841K, capacity 889K, committed 896K, reserved 1048576K
}
Event: 32.574 GC heap before
{Heap before GC invocations=3 (full 0):
 PSYoungGen      total 28672K, used 28669K [0x00000000e0000000, 0x00000000e2000000, 0x0000000100000000)
  eden space 24576K, 100% used [0x00000000e0000000,0x00000000e1800000,0x00000000e1800000)
  from space 4096K, 99% used [0x00000000e1c00000,0x00000000e1fff760,0x00000000e2000000)
  to   space 4096K, 0% used [0x00000000e1800000,0x00000000e1800000,0x00000000e1c00000)
 ParOldGen       total 65536K, used 14431K [0x00000000a0000000, 0x00000000a4000000, 0x00000000e0000000)
  object space 65536K, 22% used [0x00000000a0000000,0x00000000a0e17dd0,0x00000000a4000000)
 Metaspace       used 9727K, capacity 9814K, committed 10112K, reserved 1058816K
  class space    used 841K, capacity 889K, committed 896K, reserved 1048576K
Event: 32.619 GC heap after
Heap after GC invocations=3 (full 0):
 PSYoungGen      total 28672K, used 4093K [0x00000000e0000000, 0x00000000e2000000, 0x0000000100000000)
  eden space 24576K, 0% used [0x00000000e0000000,0x00000000e0000000,0x00000000e1800000)
  from space 4096K, 99% used [0x00000000e1800000,0x00000000e1bff760,0x00000000e1c00000)
  to   space 4096K, 0% used [0x00000000e1c00000,0x00000000e1c00000,0x00000000e2000000)
 ParOldGen       total 65536K, used 24935K [0x00000000a0000000, 0x00000000a4000000, 0x00000000e0000000)
  object space 65536K, 38% used [0x00000000a0000000,0x00000000a1859dd0,0x00000000a4000000)
 Metaspace       used 9727K, capacity 9814K, committed 10112K, reserved 1058816K
  class space    used 841K, capacity 889K, committed 896K, reserved 1048576K
}

Deoptimization events (9 events):
Event: 0.912 Thread 0x00000000172a9800 Uncommon trap: reason=unstable_if action=reinterpret pc=0x000000000242eb00 method=sun.misc.MetaIndex.mayContain(Ljava/lang/String;)Z @ 38
Event: 2.429 Thread 0x00000000172a9800 Uncommon trap: reason=unstable_if action=reinterpret pc=0x00000000024dc088 method=com.capthed.abyss.map.Scene.render()V @ 27
Event: 2.432 Thread 0x00000000172a9800 Uncommon trap: reason=unstable_if action=reinterpret pc=0x00000000024db54c method=com.capthed.abyss.map.Scene.render()V @ 27
Event: 2.436 Thread 0x00000000172a9800 Uncommon trap: reason=unstable_if action=reinterpret pc=0x00000000024ec254 method=com.capthed.abyss.map.Scene.init()V @ 27
Event: 2.436 Thread 0x00000000172a9800 Uncommon trap: reason=unstable_if action=reinterpret pc=0x00000000024e76b8 method=com.capthed.abyss.map.Scene.init()V @ 27
Event: 2.437 Thread 0x00000000172a9800 Uncommon trap: reason=unstable_if action=reinterpret pc=0x000000000251f178 method=com.capthed.abyss.map.Scene.update()V @ 27
Event: 2.437 Thread 0x00000000172a9800 Uncommon trap: reason=unstable_if action=reinterpret pc=0x000000000251e810 method=com.capthed.abyss.map.Scene.update()V @ 27
Event: 28.868 Thread 0x00000000172a9800 Uncommon trap: reason=bimorphic action=maybe_recompile pc=0x000000000257a638 method=com.capthed.game.Test2.check()V @ 115
Event: 36.086 Thread 0x00000000172a9800 Uncommon trap: reason=unstable_if action=reinterpret pc=0x000000000257a5a0 method=com.capthed.abyss.input.Keyboard.isKeyPressed(I)Z @ 6

Internal exceptions (10 events):
Event: 0.063 Thread 0x0000000002150800 Exception <a 'java/lang/NoSuchMethodError': Method sun.misc.Unsafe.defineClass(Ljava/lang/String;[BII)Ljava/lang/Class; name or signature does not match> (0x00000000e000cbd0) thrown at [C:\re\workspace\8-2-build-windows-amd64-cygwin\jdk8u66\5298\hotspot\srnª2°?
Event: 0.063 Thread 0x0000000002150800 Exception <a 'java/lang/NoSuchMethodError': Method sun.misc.Unsafe.prefetchRead(Ljava/lang/Object;J)V name or signature does not match> (0x00000000e000ceb8) thrown at [C:\re\workspace\8-2-build-windows-amd64-cygwin\jdk8u66\5298\hotspot\src\share\vm\prims\j:F,ÿmÅ?
Event: 0.167 Thread 0x0000000002150800 Exception <a 'java/lang/ArrayIndexOutOfBoundsException': 0> (0x00000000e0183028) thrown at [C:\re\workspace\8-2-build-windows-amd64-cygwin\jdk8u66\5298\hotspot\src\share\vm\interpreter\interpreterRuntime.cpp, line 366]
Event: 0.516 Thread 0x00000000172a9800 Exception <a 'java/security/PrivilegedActionException'> (0x00000000e042a098) thrown at [C:\re\workspace\8-2-build-windows-amd64-cygwin\jdk8u66\5298\hotspot\src\share\vm\prims\jvm.cpp, line 1386]
Event: 0.516 Thread 0x00000000172a9800 Exception <a 'java/security/PrivilegedActionException'> (0x00000000e042a490) thrown at [C:\re\workspace\8-2-build-windows-amd64-cygwin\jdk8u66\5298\hotspot\src\share\vm\prims\jvm.cpp, line 1386]
Event: 0.517 Thread 0x00000000172a9800 Exception <a 'java/security/PrivilegedActionException'> (0x00000000e042e408) thrown at [C:\re\workspace\8-2-build-windows-amd64-cygwin\jdk8u66\5298\hotspot\src\share\vm\prims\jvm.cpp, line 1386]
Event: 0.517 Thread 0x00000000172a9800 Exception <a 'java/security/PrivilegedActionException'> (0x00000000e042e800) thrown at [C:\re\workspace\8-2-build-windows-amd64-cygwin\jdk8u66\5298\hotspot\src\share\vm\prims\jvm.cpp, line 1386]
Event: 0.915 Thread 0x00000000172a9800 Exception <a 'java/io/FileNotFoundException'> (0x00000000e0cf6870) thrown at [C:\re\workspace\8-2-build-windows-amd64-cygwin\jdk8u66\5298\hotspot\src\share\vm\prims\jni.cpp, line 709]
Event: 0.968 Thread 0x00000000172a9800 Exception <a 'java/lang/NoSuchFieldError': method resolution failed> (0x00000000e0dc3de0) thrown at [C:\re\workspace\8-2-build-windows-amd64-cygwin\jdk8u66\5298\hotspot\src\share\vm\prims\methodHandles.cpp, line 1146]
Event: 0.971 Thread 0x00000000172a9800 Exception <a 'java/lang/NoSuchFieldError': method resolution failed> (0x00000000e0dd14d0) thrown at [C:\re\workspace\8-2-build-windows-amd64-cygwin\jdk8u66\5298\hotspot\src\share\vm\prims\methodHandles.cpp, line 1146]

Events (10 events):
Event: 28.868 Thread 0x00000000172a9800 Uncommon trap: trap_request=0xffffffc6 fr.pc=0x000000000257a638
Event: 28.868 Thread 0x00000000172a9800 DEOPT PACKING pc=0x000000000257a638 sp=0x00000000176cf340
Event: 28.868 Thread 0x00000000172a9800 DEOPT UNPACKING pc=0x000000000229582a sp=0x00000000176cf330 mode 2
Event: 32.574 Executing VM operation: ParallelGCFailedAllocation
Event: 32.619 Executing VM operation: ParallelGCFailedAllocation done
Event: 32.629 Thread 0x000000000223d000 DEOPT PACKING pc=0x0000000002580772 sp=0x00000000169eef50
Event: 32.629 Thread 0x000000000223d000 DEOPT UNPACKING pc=0x000000000229747f sp=0x00000000169eeca0 mode 0
Event: 36.086 Thread 0x00000000172a9800 Uncommon trap: trap_request=0xffffff65 fr.pc=0x000000000257a5a0
Event: 36.086 Thread 0x00000000172a9800 DEOPT PACKING pc=0x000000000257a5a0 sp=0x00000000176cf340
Event: 36.086 Thread 0x00000000172a9800 DEOPT UNPACKING pc=0x000000000229582a sp=0x00000000176cf2d0 mode 2


Dynamic libraries:
0x00007ff607da0000 - 0x00007ff607dd7000 	C:\Program Files\Java\jre1.8.0_66\bin\javaw.exe
0x00007ffe381c0000 - 0x00007ffe38381000 	C:\Windows\SYSTEM32\ntdll.dll
0x00007ffe376d0000 - 0x00007ffe3777d000 	C:\Windows\system32\KERNEL32.DLL
0x00007ffe353d0000 - 0x00007ffe355b8000 	C:\Windows\system32\KERNELBASE.dll
0x00007ffe35cc0000 - 0x00007ffe35d67000 	C:\Windows\system32\ADVAPI32.dll
0x00007ffe35b00000 - 0x00007ffe35b9d000 	C:\Windows\system32\msvcrt.dll
0x00007ffe35c60000 - 0x00007ffe35cbb000 	C:\Windows\system32\sechost.dll
0x00007ffe375b0000 - 0x00007ffe376cc000 	C:\Windows\system32\RPCRT4.dll
0x00007ffe37d00000 - 0x00007ffe37e56000 	C:\Windows\system32\USER32.dll
0x00007ffe35d70000 - 0x00007ffe35ef6000 	C:\Windows\system32\GDI32.dll
0x00007ffe23520000 - 0x00007ffe23794000 	C:\Windows\WinSxS\amd64_microsoft.windows.common-controls_6595b64144ccf1df_6.0.10586.0_none_8c15ae12515e1c22\COMCTL32.dll
0x00007ffe37790000 - 0x00007ffe37a0d000 	C:\Windows\system32\combase.dll
0x00007ffe34b20000 - 0x00007ffe34b8a000 	C:\Windows\system32\bcryptPrimitives.dll
0x00007ffe37b70000 - 0x00007ffe37bab000 	C:\Windows\system32\IMM32.DLL
0x0000000067db0000 - 0x0000000067e82000 	C:\Program Files\Java\jre1.8.0_66\bin\msvcr100.dll
0x0000000067090000 - 0x0000000067919000 	C:\Program Files\Java\jre1.8.0_66\bin\server\jvm.dll
0x00007ffe38100000 - 0x00007ffe38108000 	C:\Windows\system32\PSAPI.DLL
0x00007ffe32f60000 - 0x00007ffe32f69000 	C:\Windows\SYSTEM32\WSOCK32.dll
0x00007ffe374c0000 - 0x00007ffe3752b000 	C:\Windows\system32\WS2_32.dll
0x00007ffe32f10000 - 0x00007ffe32f33000 	C:\Windows\SYSTEM32\WINMM.dll
0x00007ffe30f60000 - 0x00007ffe30f6a000 	C:\Windows\SYSTEM32\VERSION.dll
0x00007ffe32eb0000 - 0x00007ffe32edc000 	C:\Windows\SYSTEM32\WINMMBASE.dll
0x00007ffe351e0000 - 0x00007ffe35223000 	C:\Windows\system32\cfgmgr32.dll
0x0000000067da0000 - 0x0000000067daf000 	C:\Program Files\Java\jre1.8.0_66\bin\verify.dll
0x0000000067d70000 - 0x0000000067d99000 	C:\Program Files\Java\jre1.8.0_66\bin\java.dll
0x0000000067d50000 - 0x0000000067d66000 	C:\Program Files\Java\jre1.8.0_66\bin\zip.dll
0x00007ffe35f60000 - 0x00007ffe374bf000 	C:\Windows\system32\SHELL32.dll
0x00007ffe34b90000 - 0x00007ffe351d4000 	C:\Windows\system32\windows.storage.dll
0x00007ffe35c00000 - 0x00007ffe35c52000 	C:\Windows\system32\shlwapi.dll
0x00007ffe34850000 - 0x00007ffe3485f000 	C:\Windows\system32\kernel.appcore.dll
0x00007ffe34890000 - 0x00007ffe34945000 	C:\Windows\system32\shcore.dll
0x00007ffe347e0000 - 0x00007ffe3482b000 	C:\Windows\system32\powrprof.dll
0x00007ffe34830000 - 0x00007ffe34844000 	C:\Windows\system32\profapi.dll
0x00007ffe288c0000 - 0x00007ffe28948000 	C:\Users\Toni\Desktop\Github\December\libs\native\lwjgl.dll
0x00007ffe342e0000 - 0x00007ffe342eb000 	C:\Windows\SYSTEM32\CRYPTBASE.DLL
0x00007ffe28a80000 - 0x00007ffe28ac2000 	C:\Users\Toni\Desktop\Github\December\libs\native\jemalloc.dll
0x00007ffe28880000 - 0x00007ffe288b8000 	C:\Users\Toni\Desktop\Github\December\libs\native\glfw.dll
0x00007ffe33160000 - 0x00007ffe331f6000 	C:\Windows\system32\uxtheme.dll
0x00007ffe31ee0000 - 0x00007ffe31f02000 	C:\Windows\SYSTEM32\dwmapi.dll
0x00007ffe1f280000 - 0x00007ffe1f3a9000 	C:\Windows\SYSTEM32\opengl32.dll
0x00007ffe202d0000 - 0x00007ffe203ca000 	C:\Windows\SYSTEM32\DDRAW.dll
0x00007ffe32e70000 - 0x00007ffe32e78000 	C:\Windows\SYSTEM32\DCIMAN32.dll
0x00007ffe28a50000 - 0x00007ffe28a7e000 	C:\Windows\SYSTEM32\GLU32.dll
0x00007ffe37a10000 - 0x00007ffe37b6a000 	C:\Windows\system32\MSCTF.dll
0x00007ffe257f0000 - 0x00007ffe25808000 	C:\Windows\SYSTEM32\atig6pxx.dll
0x0000000064f80000 - 0x0000000066d80000 	C:\Windows\SYSTEM32\atio6axx.dll
0x00007ffe355c0000 - 0x00007ffe359e9000 	C:\Windows\system32\SETUPAPI.dll
0x00007ffe14a20000 - 0x00007ffe14b61000 	C:\Windows\SYSTEM32\atiadlxx.dll
0x00007ffe37bb0000 - 0x00007ffe37cf3000 	C:\Windows\system32\ole32.dll
0x00007ffe32780000 - 0x00007ffe32906000 	C:\Windows\SYSTEM32\PROPSYS.dll
0x00007ffe37e80000 - 0x00007ffe37f41000 	C:\Windows\system32\OLEAUT32.dll
0x00007ffe33fa0000 - 0x00007ffe33fbf000 	C:\Windows\SYSTEM32\USERENV.dll
0x00007ffe2d670000 - 0x00007ffe2d6a8000 	C:\Windows\SYSTEM32\IPHLPAPI.DLL
0x00007ffe32760000 - 0x00007ffe32773000 	C:\Windows\SYSTEM32\WTSAPI32.dll
0x00007ffe33200000 - 0x00007ffe33227000 	C:\Windows\SYSTEM32\DEVOBJ.dll
0x00007ffe35370000 - 0x00007ffe353c5000 	C:\Windows\system32\WINTRUST.dll
0x00007ffe34860000 - 0x00007ffe34870000 	C:\Windows\system32\MSASN1.dll
0x00007ffe34950000 - 0x00007ffe34b17000 	C:\Windows\system32\CRYPT32.dll
0x00007ffe254f0000 - 0x00007ffe2551c000 	C:\Windows\SYSTEM32\atig6txx.dll
0x0000000067d30000 - 0x0000000067d4a000 	C:\Program Files\Java\jre1.8.0_66\bin\net.dll
0x00007ffe34110000 - 0x00007ffe3416c000 	C:\Windows\system32\mswsock.dll
0x0000000067d10000 - 0x0000000067d21000 	C:\Program Files\Java\jre1.8.0_66\bin\nio.dll
0x0000000064de0000 - 0x0000000064f78000 	C:\Program Files\Java\jre1.8.0_66\bin\awt.dll
0x00007ffe32fd0000 - 0x00007ffe33049000 	C:\Windows\system32\apphelp.dll
0x00007ffe1f0f0000 - 0x00007ffe1f27c000 	C:\Windows\SYSTEM32\dbghelp.dll

VM Arguments:
jvm_args: -Djava.library.path=C:\Users\Toni\Desktop\Github\December\libs\native -Dfile.encoding=Cp1252 
java_command: com.capthed.game.TestRun
java_class_path (initial): C:\Users\Toni\Desktop\Github\December\bin;C:\Users\Toni\Desktop\Github\December\libs\lwjgl.jar;C:\Users\Toni\Desktop\Github\December\res;C:\Users\Toni\Desktop\Github\December\libs\debug.jar
Launcher Type: SUN_STANDARD

Environment Variables:
PATH=C:/Program Files/Java/jre1.8.0_66/bin/server;C:/Program Files/Java/jre1.8.0_66/bin;C:/Program Files/Java/jre1.8.0_66/lib/amd64;C:\ProgramData\Oracle\Java\javapath;C:\Windows\system32;C:\Windows;C:\Windows\System32\Wbem;C:\Windows\System32\WindowsPowerShell\v1.0\;C:\Program Files (x86)\ATI Technologies\ATI.ACE\Core-Static;C:\Program Files (x86)\GtkSharp\2.12\bin;C:\Program Files\Java\jdk1.8.0_65\bin;E:\eclipse;
USERNAME=Toni
OS=Windows_NT
PROCESSOR_IDENTIFIER=AMD64 Family 16 Model 5 Stepping 3, AuthenticAMD



---------------  S Y S T E M  ---------------

OS: Windows 10.0 , 64 bit Build 10586 (10.0.10586.0)

CPU:total 3 (3 cores per cpu, 1 threads per core) family 16 model 5 stepping 3, cmov, cx8, fxsr, mmx, sse, sse2, sse3, popcnt, mmxext, 3dnowpref, lzcnt, sse4a, tsc, tscinvbit, tscinv

Memory: 4k page, physical 6290484k(3571464k free), swap 7339060k(4144808k free)

vm_info: Java HotSpot(TM) 64-Bit Server VM (25.66-b18) for windows-amd64 JRE (1.8.0_66-b18), built on Nov  9 2015 10:51:13 by "java_re" with MS VC++ 10.0 (VS2010)

time: Fri Jan 29 17:37:06 2016
elapsed time: 36 seconds (0d 0h 0m 36s)

