#
# A fatal error has been detected by the Java Runtime Environment:
#
#  EXCEPTION_ACCESS_VIOLATION (0xc0000005) at pc=0x00007ffed66c3cb3, pid=7128, tid=1064
#
# JRE version: Java(TM) SE Runtime Environment (8.0_66-b18) (build 1.8.0_66-b18)
# Java VM: Java HotSpot(TM) 64-Bit Server VM (25.66-b18 mixed mode windows-amd64 compressed oops)
# Problematic frame:
# C  [glfw.dll+0x3cb3]
#
# Failed to write core dump. Minidumps are not enabled by default on client versions of Windows
#
# If you would like to submit a bug report, please visit:
#   http://bugreport.java.com/bugreport/crash.jsp
# The crash happened outside the Java Virtual Machine in native code.
# See problematic frame for where to report the bug.
#

---------------  T H R E A D  ---------------

Current thread (0x00000000171fa800):  JavaThread "Thread-0" [_thread_in_native, id=1064, stack(0x0000000017580000,0x0000000017680000)]

siginfo: ExceptionCode=0xc0000005, reading address 0x0000000000000000

Registers:
RAX=0x0000000000000000, RBX=0x00000000005819c0, RCX=0x0000000000000000, RDX=0x0000000000000000
RSP=0x000000001767f000, RBP=0x000000001767f090, RSI=0x0000000000000108, RDI=0x000000000000e07c
R8 =0x0000000000000008, R9 =0x0000000000000000, R10=0x00007ffed15145d0, R11=0x0000000000581bf0
R12=0x0000000000000000, R13=0x000000001767f0b0, R14=0x000000001767f080, R15=0x00000000171fa800
RIP=0x00007ffed66c3cb3, EFLAGS=0x0000000000010283

Top of Stack: (sp=0x000000001767f000)
0x000000001767f000:   0000000000000000 00000000151f1288
0x000000001767f010:   0000000000000000 000000001767f030
0x000000001767f020:   0000000015551f68 0000000002515eca
0x000000001767f030:   00000000e18f2568 0000000000000000
0x000000001767f040:   0000000000000000 000000001767f038
0x000000001767f050:   00000000151ee7c4 000000001767f0a8
0x000000001767f060:   00000000151f0388 000000001d65ab88
0x000000001767f070:   00000000151ee808 0000000000000000
0x000000001767f080:   00000000a00009e0 000000001767f100
0x000000001767f090:   000000001767f110 0000000002217ced
0x000000001767f0a0:   000000001767f110 0000000002217ced
0x000000001767f0b0:   00000000005819c0 0000000002217800
0x000000001767f0c0:   00007ffed66c3c30 0000000000000001
0x000000001767f0d0:   000000001767f0d0 00000000154fa564
0x000000001767f0e0:   000000001767f138 00000000154ff788
0x000000001767f0f0:   000000001587b168 00000000154fa590 

Instructions: (pc=0x00007ffed66c3cb3)
0x00007ffed66c3c93:   02 00 e8 46 22 00 00 48 39 1d ff bd 02 00 48 8d
0x00007ffed66c3ca3:   0d f8 bd 02 00 74 0e 66 0f 1f 44 00 00 48 8b 09
0x00007ffed66c3cb3:   48 39 19 75 f8 48 8b 03 48 89 01 48 8b cb 48 83
0x00007ffed66c3cc3:   c4 20 5b e9 61 e6 00 00 48 83 c4 20 5b c3 cc cc 


Register to memory mapping:

RAX=0x0000000000000000 is an unknown value
RBX=0x00000000005819c0 is an unknown value
RCX=0x0000000000000000 is an unknown value
RDX=0x0000000000000000 is an unknown value
RSP=0x000000001767f000 is pointing into the stack for thread: 0x00000000171fa800
RBP=0x000000001767f090 is pointing into the stack for thread: 0x00000000171fa800
RSI=0x0000000000000108 is an unknown value
RDI=0x000000000000e07c is an unknown value
R8 =0x0000000000000008 is an unknown value
R9 =0x0000000000000000 is an unknown value
R10=0x00007ffed15145d0 is an unknown value
R11=0x0000000000581bf0 is an unknown value
R12=0x0000000000000000 is an unknown value
R13=0x000000001767f0b0 is pointing into the stack for thread: 0x00000000171fa800
R14=0x000000001767f080 is pointing into the stack for thread: 0x00000000171fa800
R15=0x00000000171fa800 is a thread


Stack: [0x0000000017580000,0x0000000017680000],  sp=0x000000001767f000,  free space=1020k
Native frames: (J=compiled Java code, j=interpreted, Vv=VM code, C=native code)
C  [glfw.dll+0x3cb3]
C  0x0000000002515eca

Java frames: (J=compiled Java code, j=interpreted, Vv=VM code)
J 658  org.lwjgl.system.JNI.invokePV(JJ)V (0 bytes) @ 0x0000000002515e44 [0x0000000002515e00+0x44]
j  org.lwjgl.glfw.GLFW.glfwDestroyWindow(J)V+20
j  com.capthed.abyss.gfx.Display.destroy()V+3
j  com.capthed.abyss.Abyss.stop()V+19
j  com.capthed.game.Test2.check()V+9
j  com.capthed.game.Test2.update()V+1
j  com.capthed.abyss.map.Scene.update()V+38
J 674 C1 com.capthed.abyss.GameLoop.update()V (21 bytes) @ 0x000000000252ab74 [0x000000000252a600+0x574]
J 637% C2 com.capthed.abyss.GameLoop.run()V (323 bytes) @ 0x000000000250bba8 [0x000000000250b920+0x288]
j  java.lang.Thread.run()V+11
v  ~StubRoutines::call_stub

---------------  P R O C E S S  ---------------

Java Threads: ( => current thread )
  0x000000001cd82000 JavaThread "Java2D Disposer" daemon [_thread_blocked, id=208, stack(0x000000001d7d0000,0x000000001d8d0000)]
  0x0000000002110800 JavaThread "DestroyJavaVM" [_thread_blocked, id=2784, stack(0x0000000001fa0000,0x00000000020a0000)]
=>0x00000000171fa800 JavaThread "Thread-0" [_thread_in_native, id=1064, stack(0x0000000017580000,0x0000000017680000)]
  0x0000000015abb800 JavaThread "Service Thread" daemon [_thread_blocked, id=6784, stack(0x0000000016f80000,0x0000000017080000)]
  0x0000000015ab4800 JavaThread "C1 CompilerThread1" daemon [_thread_blocked, id=5672, stack(0x0000000016e80000,0x0000000016f80000)]
  0x0000000015a57000 JavaThread "C2 CompilerThread0" daemon [_thread_blocked, id=3500, stack(0x0000000016d80000,0x0000000016e80000)]
  0x0000000015a63000 JavaThread "Attach Listener" daemon [_thread_blocked, id=1532, stack(0x0000000016c80000,0x0000000016d80000)]
  0x0000000015a61800 JavaThread "Signal Dispatcher" daemon [_thread_blocked, id=1048, stack(0x0000000016b80000,0x0000000016c80000)]
  0x0000000002203000 JavaThread "Finalizer" daemon [_thread_blocked, id=5276, stack(0x00000000169a0000,0x0000000016aa0000)]
  0x00000000021fc000 JavaThread "Reference Handler" daemon [_thread_blocked, id=6308, stack(0x00000000168a0000,0x00000000169a0000)]

Other Threads:
  0x0000000015a25800 VMThread [stack: 0x00000000167a0000,0x00000000168a0000] [id=2716]
  0x0000000015ac2000 WatcherThread [stack: 0x0000000017080000,0x0000000017180000] [id=7140]

VM state:not at safepoint (normal execution)

VM Mutex/Monitor currently owned by a thread: None

Heap:
 PSYoungGen      total 28672K, used 16405K [0x00000000e0000000, 0x00000000e3800000, 0x0000000100000000)
  eden space 24576K, 50% used [0x00000000e0000000,0x00000000e0c0ab10,0x00000000e1800000)
  from space 4096K, 99% used [0x00000000e1800000,0x00000000e1bfacc0,0x00000000e1c00000)
  to   space 4096K, 0% used [0x00000000e3400000,0x00000000e3400000,0x00000000e3800000)
 ParOldGen       total 65536K, used 6960K [0x00000000a0000000, 0x00000000a4000000, 0x00000000e0000000)
  object space 65536K, 10% used [0x00000000a0000000,0x00000000a06cc170,0x00000000a4000000)
 Metaspace       used 9589K, capacity 9762K, committed 9856K, reserved 1058816K
  class space    used 830K, capacity 889K, committed 896K, reserved 1048576K

Card table byte_map: [0x00000000115d0000,0x00000000118e0000] byte_map_base: 0x00000000110d0000

Marking Bits: (ParMarkBitMap*) 0x00000000590aa5b0
 Begin Bits: [0x0000000011de0000, 0x00000000135e0000)
 End Bits:   [0x00000000135e0000, 0x0000000014de0000)

Polling page: 0x00000000001f0000

CodeCache: size=245760Kb used=3246Kb max_used=3246Kb free=242513Kb
 bounds [0x0000000002210000, 0x0000000002550000, 0x0000000011210000]
 total_blobs=1394 nmethods=678 adapters=630
 compilation: enabled

Compilation events (10 events):
Event: 5.872 Thread 0x0000000015ab4800  674       3       com.capthed.abyss.GameLoop::update (21 bytes)
Event: 5.873 Thread 0x0000000015ab4800 nmethod 674 0x000000000252a390 code [0x000000000252a600, 0x000000000252b198]
Event: 6.277 Thread 0x0000000015ab4800  675       3       java.nio.Buffer::<init> (121 bytes)
Event: 6.278 Thread 0x0000000015ab4800 nmethod 675 0x0000000002532ed0 code [0x00000000025331a0, 0x0000000002534628]
Event: 6.342 Thread 0x0000000015a57000  676       4       com.capthed.abyss.gfx.RenderDebug::collider (238 bytes)
Event: 6.412 Thread 0x0000000015ab4800  677       3       java.util.ArrayList$Itr::<init> (26 bytes)
Event: 6.412 Thread 0x0000000015ab4800 nmethod 677 0x0000000002529f90 code [0x000000000252a100, 0x000000000252a2d0]
Event: 6.425 Thread 0x0000000015a57000 nmethod 676 0x0000000002537550 code [0x0000000002537a80, 0x0000000002539830]
Event: 6.890 Thread 0x0000000015ab4800  678       3       com.capthed.abyss.gfx.RenderDebug::church (77 bytes)
Event: 6.892 Thread 0x0000000015ab4800 nmethod 678 0x000000000253dfd0 code [0x000000000253e420, 0x000000000253f578]

GC Heap History (2 events):
Event: 1.064 GC heap before
{Heap before GC invocations=1 (full 0):
 PSYoungGen      total 28672K, used 24320K [0x00000000e0000000, 0x00000000e2000000, 0x0000000100000000)
  eden space 24576K, 98% used [0x00000000e0000000,0x00000000e17c0250,0x00000000e1800000)
  from space 4096K, 0% used [0x00000000e1c00000,0x00000000e1c00000,0x00000000e2000000)
  to   space 4096K, 0% used [0x00000000e1800000,0x00000000e1800000,0x00000000e1c00000)
 ParOldGen       total 65536K, used 0K [0x00000000a0000000, 0x00000000a4000000, 0x00000000e0000000)
  object space 65536K, 0% used [0x00000000a0000000,0x00000000a0000000,0x00000000a4000000)
 Metaspace       used 7497K, capacity 8448K, committed 8576K, reserved 1056768K
  class space    used 599K, capacity 624K, committed 640K, reserved 1048576K
Event: 1.086 GC heap after
Heap after GC invocations=1 (full 0):
 PSYoungGen      total 28672K, used 4075K [0x00000000e0000000, 0x00000000e3800000, 0x0000000100000000)
  eden space 24576K, 0% used [0x00000000e0000000,0x00000000e0000000,0x00000000e1800000)
  from space 4096K, 99% used [0x00000000e1800000,0x00000000e1bfacc0,0x00000000e1c00000)
  to   space 4096K, 0% used [0x00000000e3400000,0x00000000e3400000,0x00000000e3800000)
 ParOldGen       total 65536K, used 6960K [0x00000000a0000000, 0x00000000a4000000, 0x00000000e0000000)
  object space 65536K, 10% used [0x00000000a0000000,0x00000000a06cc170,0x00000000a4000000)
 Metaspace       used 7497K, capacity 8448K, committed 8576K, reserved 1056768K
  class space    used 599K, capacity 624K, committed 640K, reserved 1048576K
}

Deoptimization events (10 events):
Event: 1.346 Thread 0x00000000171fa800 Uncommon trap: reason=unstable_if action=reinterpret pc=0x00000000024a6678 method=com.capthed.abyss.map.Scene.render()V @ 27
Event: 1.360 Thread 0x00000000171fa800 Uncommon trap: reason=unstable_if action=reinterpret pc=0x0000000002487e6c method=com.capthed.abyss.map.Scene.init()V @ 27
Event: 1.381 Thread 0x00000000171fa800 Uncommon trap: reason=speculate_class_check action=maybe_recompile pc=0x00000000024ac364 method=com.capthed.abyss.map.Scene.update()V @ 38
Event: 1.382 Thread 0x00000000171fa800 Uncommon trap: reason=unstable_if action=reinterpret pc=0x00000000024a7954 method=com.capthed.abyss.input.Keyboard.postProcess()V @ 27
Event: 5.178 Thread 0x00000000171fa800 Uncommon trap: reason=unstable_if action=reinterpret pc=0x00000000024bd60c method=com.capthed.game.Test2.check()V @ 19
Event: 5.178 Thread 0x00000000171fa800 Uncommon trap: reason=unstable_if action=reinterpret pc=0x00000000024a1d2c method=com.capthed.game.Test2.check()V @ 19
Event: 5.178 Thread 0x00000000171fa800 Uncommon trap: reason=unstable_if action=reinterpret pc=0x00000000024a70ec method=com.capthed.game.Test2.check()V @ 19
Event: 5.179 Thread 0x00000000171fa800 Uncommon trap: reason=unstable_if action=reinterpret pc=0x00000000024ac3f4 method=com.capthed.game.Test2.check()V @ 19
Event: 7.984 Thread 0x00000000171fa800 Uncommon trap: reason=unstable_if action=reinterpret pc=0x000000000251bd1c method=com.capthed.abyss.input.Keyboard.isKeyPressed(I)Z @ 6
Event: 8.017 Thread 0x00000000171fa800 Uncommon trap: reason=unstable_if action=reinterpret pc=0x0000000002509b90 method=com.capthed.abyss.input.Keyboard.isKeyPressed(I)Z @ 6

Internal exceptions (9 events):
Event: 0.061 Thread 0x0000000002110800 Exception <a 'java/lang/NoSuchMethodError': Method sun.misc.Unsafe.defineClass(Ljava/lang/String;[BII)Ljava/lang/Class; name or signature does not match> (0x00000000e000cb10) thrown at [C:\re\workspace\8-2-build-windows-amd64-cygwin\jdk8u66\5298\hotspot\sr¬g x·FØ?
Event: 0.061 Thread 0x0000000002110800 Exception <a 'java/lang/NoSuchMethodError': Method sun.misc.Unsafe.prefetchRead(Ljava/lang/Object;J)V name or signature does not match> (0x00000000e000cdf8) thrown at [C:\re\workspace\8-2-build-windows-amd64-cygwin\jdk8u66\5298\hotspot\src\share\vm\prims\jm	ê_˙„?
Event: 0.624 Thread 0x00000000171fa800 Exception <a 'java/security/PrivilegedActionException'> (0x00000000e0435ab0) thrown at [C:\re\workspace\8-2-build-windows-amd64-cygwin\jdk8u66\5298\hotspot\src\share\vm\prims\jvm.cpp, line 1386]
Event: 0.624 Thread 0x00000000171fa800 Exception <a 'java/security/PrivilegedActionException'> (0x00000000e0435ea8) thrown at [C:\re\workspace\8-2-build-windows-amd64-cygwin\jdk8u66\5298\hotspot\src\share\vm\prims\jvm.cpp, line 1386]
Event: 0.627 Thread 0x00000000171fa800 Exception <a 'java/security/PrivilegedActionException'> (0x00000000e0439e20) thrown at [C:\re\workspace\8-2-build-windows-amd64-cygwin\jdk8u66\5298\hotspot\src\share\vm\prims\jvm.cpp, line 1386]
Event: 0.627 Thread 0x00000000171fa800 Exception <a 'java/security/PrivilegedActionException'> (0x00000000e043a218) thrown at [C:\re\workspace\8-2-build-windows-amd64-cygwin\jdk8u66\5298\hotspot\src\share\vm\prims\jvm.cpp, line 1386]
Event: 1.115 Thread 0x00000000171fa800 Exception <a 'java/io/FileNotFoundException'> (0x00000000e094a6d0) thrown at [C:\re\workspace\8-2-build-windows-amd64-cygwin\jdk8u66\5298\hotspot\src\share\vm\prims\jni.cpp, line 709]
Event: 1.173 Thread 0x00000000171fa800 Exception <a 'java/lang/NoSuchFieldError': method resolution failed> (0x00000000e0a17bc0) thrown at [C:\re\workspace\8-2-build-windows-amd64-cygwin\jdk8u66\5298\hotspot\src\share\vm\prims\methodHandles.cpp, line 1146]
Event: 1.175 Thread 0x00000000171fa800 Exception <a 'java/lang/NoSuchFieldError': method resolution failed> (0x00000000e0a252b0) thrown at [C:\re\workspace\8-2-build-windows-amd64-cygwin\jdk8u66\5298\hotspot\src\share\vm\prims\methodHandles.cpp, line 1146]

Events (10 events):
Event: 5.190 Thread 0x00000000171fa800 DEOPT PACKING pc=0x00000000025197c4 sp=0x000000001767f1f0
Event: 5.190 Thread 0x00000000171fa800 DEOPT UNPACKING pc=0x000000000225747f sp=0x000000001767ef90 mode 0
Event: 5.872 Thread 0x00000000171fa800 DEOPT PACKING pc=0x000000000251dc91 sp=0x000000001767f310
Event: 5.872 Thread 0x00000000171fa800 DEOPT UNPACKING pc=0x000000000225747f sp=0x000000001767efc8 mode 0
Event: 7.984 Thread 0x00000000171fa800 Uncommon trap: trap_request=0xffffff65 fr.pc=0x000000000251bd1c
Event: 7.984 Thread 0x00000000171fa800 DEOPT PACKING pc=0x000000000251bd1c sp=0x000000001767f2b0
Event: 7.984 Thread 0x00000000171fa800 DEOPT UNPACKING pc=0x000000000225582a sp=0x000000001767f158 mode 2
Event: 8.017 Thread 0x00000000171fa800 Uncommon trap: trap_request=0xffffff65 fr.pc=0x0000000002509b90
Event: 8.017 Thread 0x00000000171fa800 DEOPT PACKING pc=0x0000000002509b90 sp=0x000000001767f240
Event: 8.017 Thread 0x00000000171fa800 DEOPT UNPACKING pc=0x000000000225582a sp=0x000000001767f148 mode 2


Dynamic libraries:
0x00007ff7b76a0000 - 0x00007ff7b76d7000 	C:\Program Files\Java\jre1.8.0_66\bin\javaw.exe
0x00007ffef5790000 - 0x00007ffef5951000 	C:\Windows\SYSTEM32\ntdll.dll
0x00007ffef53f0000 - 0x00007ffef549d000 	C:\Windows\system32\KERNEL32.DLL
0x00007ffef2260000 - 0x00007ffef2448000 	C:\Windows\system32\KERNELBASE.dll
0x00007ffef45e0000 - 0x00007ffef4687000 	C:\Windows\system32\ADVAPI32.dll
0x00007ffef5040000 - 0x00007ffef50dd000 	C:\Windows\system32\msvcrt.dll
0x00007ffef46f0000 - 0x00007ffef474b000 	C:\Windows\system32\sechost.dll
0x00007ffef52d0000 - 0x00007ffef53ec000 	C:\Windows\system32\RPCRT4.dll
0x00007ffef2ca0000 - 0x00007ffef2df6000 	C:\Windows\system32\USER32.dll
0x00007ffef5600000 - 0x00007ffef5786000 	C:\Windows\system32\GDI32.dll
0x00007ffee5670000 - 0x00007ffee58e4000 	C:\Windows\WinSxS\amd64_microsoft.windows.common-controls_6595b64144ccf1df_6.0.10586.0_none_8c15ae12515e1c22\COMCTL32.dll
0x00007ffef4360000 - 0x00007ffef45dd000 	C:\Windows\system32\combase.dll
0x00007ffef2b00000 - 0x00007ffef2b6a000 	C:\Windows\system32\bcryptPrimitives.dll
0x00007ffef5290000 - 0x00007ffef52cb000 	C:\Windows\system32\IMM32.DLL
0x00000000587c0000 - 0x0000000058892000 	C:\Program Files\Java\jre1.8.0_66\bin\msvcr100.dll
0x00000000588a0000 - 0x0000000059129000 	C:\Program Files\Java\jre1.8.0_66\bin\server\jvm.dll
0x00007ffef4b90000 - 0x00007ffef4b98000 	C:\Windows\system32\PSAPI.DLL
0x00007ffeed5f0000 - 0x00007ffeed5f9000 	C:\Windows\SYSTEM32\WSOCK32.dll
0x00007ffef4ba0000 - 0x00007ffef4c0b000 	C:\Windows\system32\WS2_32.dll
0x00007ffef01b0000 - 0x00007ffef01d3000 	C:\Windows\SYSTEM32\WINMM.dll
0x00007ffeee870000 - 0x00007ffeee87a000 	C:\Windows\SYSTEM32\VERSION.dll
0x00007ffef0180000 - 0x00007ffef01ac000 	C:\Windows\SYSTEM32\WINMMBASE.dll
0x00007ffef1e40000 - 0x00007ffef1e83000 	C:\Windows\system32\cfgmgr32.dll
0x00000000587b0000 - 0x00000000587bf000 	C:\Program Files\Java\jre1.8.0_66\bin\verify.dll
0x0000000058780000 - 0x00000000587a9000 	C:\Program Files\Java\jre1.8.0_66\bin\java.dll
0x0000000058760000 - 0x0000000058776000 	C:\Program Files\Java\jre1.8.0_66\bin\zip.dll
0x00007ffef2e00000 - 0x00007ffef435f000 	C:\Windows\system32\SHELL32.dll
0x00007ffef2450000 - 0x00007ffef2a94000 	C:\Windows\system32\windows.storage.dll
0x00007ffef4690000 - 0x00007ffef46e2000 	C:\Windows\system32\shlwapi.dll
0x00007ffef1e30000 - 0x00007ffef1e3f000 	C:\Windows\system32\kernel.appcore.dll
0x00007ffef1e90000 - 0x00007ffef1f45000 	C:\Windows\system32\shcore.dll
0x00007ffef1db0000 - 0x00007ffef1dfb000 	C:\Windows\system32\powrprof.dll
0x00007ffef1e00000 - 0x00007ffef1e14000 	C:\Windows\system32\profapi.dll
0x00007ffed14e0000 - 0x00007ffed1568000 	C:\Users\Toni\Desktop\Github\December\libs\native\lwjgl.dll
0x00007ffef1850000 - 0x00007ffef185b000 	C:\Windows\SYSTEM32\CRYPTBASE.DLL
0x00007ffede7b0000 - 0x00007ffede7f2000 	C:\Users\Toni\Desktop\Github\December\libs\native\jemalloc.dll
0x00007ffed66c0000 - 0x00007ffed66f8000 	C:\Users\Toni\Desktop\Github\December\libs\native\glfw.dll
0x00007ffef0730000 - 0x00007ffef07c6000 	C:\Windows\system32\uxtheme.dll
0x00007ffeefd40000 - 0x00007ffeefd62000 	C:\Windows\SYSTEM32\dwmapi.dll
0x00007ffecd830000 - 0x00007ffecd959000 	C:\Windows\SYSTEM32\opengl32.dll
0x00007ffecf440000 - 0x00007ffecf53a000 	C:\Windows\SYSTEM32\DDRAW.dll
0x00007ffed6320000 - 0x00007ffed634e000 	C:\Windows\SYSTEM32\GLU32.dll
0x00007ffeeb050000 - 0x00007ffeeb058000 	C:\Windows\SYSTEM32\DCIMAN32.dll
0x00007ffef4900000 - 0x00007ffef4a5a000 	C:\Windows\system32\MSCTF.dll
0x00007ffed62b0000 - 0x00007ffed62c8000 	C:\Windows\SYSTEM32\atig6pxx.dll
0x00000000568f0000 - 0x00000000586f0000 	C:\Windows\SYSTEM32\atio6axx.dll
0x00007ffef4c10000 - 0x00007ffef5039000 	C:\Windows\system32\SETUPAPI.dll
0x00007ffed8e10000 - 0x00007ffed8f51000 	C:\Windows\SYSTEM32\atiadlxx.dll
0x00007ffef54b0000 - 0x00007ffef55f3000 	C:\Windows\system32\ole32.dll
0x00007ffeefd90000 - 0x00007ffeeff16000 	C:\Windows\SYSTEM32\PROPSYS.dll
0x00007ffef1510000 - 0x00007ffef152f000 	C:\Windows\SYSTEM32\USERENV.dll
0x00007ffef4ac0000 - 0x00007ffef4b81000 	C:\Windows\system32\OLEAUT32.dll
0x00007ffeeff20000 - 0x00007ffeeff33000 	C:\Windows\SYSTEM32\WTSAPI32.dll
0x00007ffeed0d0000 - 0x00007ffeed108000 	C:\Windows\SYSTEM32\IPHLPAPI.DLL
0x00007ffef07d0000 - 0x00007ffef07f7000 	C:\Windows\SYSTEM32\DEVOBJ.dll
0x00007ffef2aa0000 - 0x00007ffef2af5000 	C:\Windows\system32\WINTRUST.dll
0x00007ffef1e20000 - 0x00007ffef1e30000 	C:\Windows\system32\MSASN1.dll
0x00007ffef1fe0000 - 0x00007ffef21a7000 	C:\Windows\system32\CRYPT32.dll
0x00007ffed4cf0000 - 0x00007ffed4d1c000 	C:\Windows\SYSTEM32\atig6txx.dll
0x0000000058740000 - 0x000000005875a000 	C:\Program Files\Java\jre1.8.0_66\bin\net.dll
0x00007ffef1680000 - 0x00007ffef16dc000 	C:\Windows\system32\mswsock.dll
0x0000000058720000 - 0x0000000058731000 	C:\Program Files\Java\jre1.8.0_66\bin\nio.dll
0x0000000056750000 - 0x00000000568e8000 	C:\Program Files\Java\jre1.8.0_66\bin\awt.dll
0x00007ffef05a0000 - 0x00007ffef0619000 	C:\Windows\system32\apphelp.dll
0x00007ffecd6a0000 - 0x00007ffecd82c000 	C:\Windows\SYSTEM32\dbghelp.dll

VM Arguments:
jvm_args: -Djava.library.path=C:\Users\Toni\Desktop\Github\December\libs\native -Dfile.encoding=Cp1252 
java_command: com.capthed.game.TestRun
java_class_path (initial): C:\Users\Toni\Desktop\Github\December\bin;C:\Users\Toni\Desktop\Github\December\libs\lwjgl.jar
Launcher Type: SUN_STANDARD

Environment Variables:
PATH=C:/Program Files/Java/jre1.8.0_66/bin/server;C:/Program Files/Java/jre1.8.0_66/bin;C:/Program Files/Java/jre1.8.0_66/lib/amd64;C:\ProgramData\Oracle\Java\javapath;C:\Windows\system32;C:\Windows;C:\Windows\System32\Wbem;C:\Windows\System32\WindowsPowerShell\v1.0\;C:\Program Files (x86)\ATI Technologies\ATI.ACE\Core-Static;C:\Program Files (x86)\GtkSharp\2.12\bin;C:\Program Files\Java\jdk1.8.0_65\bin;E:\eclipse;
USERNAME=Toni
OS=Windows_NT
PROCESSOR_IDENTIFIER=AMD64 Family 16 Model 5 Stepping 3, AuthenticAMD



---------------  S Y S T E M  ---------------

OS: Windows 10.0 , 64 bit Build 10586 (10.0.10586.0)

CPU:total 3 (3 cores per cpu, 1 threads per core) family 16 model 5 stepping 3, cmov, cx8, fxsr, mmx, sse, sse2, sse3, popcnt, mmxext, 3dnowpref, lzcnt, sse4a, tsc, tscinvbit, tscinv

Memory: 4k page, physical 6290576k(4277776k free), swap 7339152k(4869228k free)

vm_info: Java HotSpot(TM) 64-Bit Server VM (25.66-b18) for windows-amd64 JRE (1.8.0_66-b18), built on Nov  9 2015 10:51:13 by "java_re" with MS VC++ 10.0 (VS2010)

time: Sun Jan 03 16:06:24 2016
elapsed time: 8 seconds (0d 0h 0m 8s)

