#
# A fatal error has been detected by the Java Runtime Environment:
#
#  EXCEPTION_ACCESS_VIOLATION (0xc0000005) at pc=0x00007ffe28883cb3, pid=2172, tid=6276
#
# JRE version: Java(TM) SE Runtime Environment (8.0_66-b18) (build 1.8.0_66-b18)
# Java VM: Java HotSpot(TM) 64-Bit Server VM (25.66-b18 mixed mode windows-amd64 compressed oops)
# Problematic frame:
# C  [glfw.dll+0x3cb3]
#
# Failed to write core dump. Minidumps are not enabled by default on client versions of Windows
#
# If you would like to submit a bug report, please visit:
#   http://bugreport.java.com/bugreport/crash.jsp
# The crash happened outside the Java Virtual Machine in native code.
# See problematic frame for where to report the bug.
#

---------------  T H R E A D  ---------------

Current thread (0x0000000017284800):  JavaThread "Thread-0" [_thread_in_native, id=6276, stack(0x00000000175a0000,0x00000000176a0000)]

siginfo: ExceptionCode=0xc0000005, reading address 0x0000000000000000

Registers:
RAX=0x0000000000000000, RBX=0x000000000056c8e0, RCX=0x0000000000000000, RDX=0x0000000000000000
RSP=0x000000001769f5f0, RBP=0x000000001769f680, RSI=0x0000000000000108, RDI=0x0000000000002d9f
R8 =0x0000000000000008, R9 =0x0000000000000000, R10=0x00007ffe288f45d0, R11=0x000000000056cb10
R12=0x0000000000000000, R13=0x0000000002580f84, R14=0x000000001769f670, R15=0x0000000017284800
RIP=0x00007ffe28883cb3, EFLAGS=0x0000000000010283

Top of Stack: (sp=0x000000001769f5f0)
0x000000001769f5f0:   000000001769f618 000000001769f668
0x000000001769f600:   0000000002217ced 0000000000000000
0x000000001769f610:   000000000056c8e0 000000000255ef4a
0x000000001769f620:   00000000e0011ef0 000000001769f628
0x000000001769f630:   00000000154ecb9f 000000001769f680
0x000000001769f640:   00000000154ed128 000000001d5b7100
0x000000001769f650:   00000000154ecbc8 0000000000000000
0x000000001769f660:   000000001769f690 000000001769f868
0x000000001769f670:   00000000e03a1348 00000000e0008d58
0x000000001769f680:   000000001769f868 000000000258113c
0x000000001769f690:   0000000000010128 000001528e4171f3
0x000000001769f6a0:   000000001769f6b0 000000000000330a
0x000000001769f6b0:   bfef5088e6922d1f ffffffff83010c77
0x000000001769f6c0:   00000000e0008d58 00000000e103ce68
0x000000001769f6d0:   4031000000000000 0000000000000102
0x000000001769f6e0:   00000000e15d9e80 00000000e0335f48 

Instructions: (pc=0x00007ffe28883cb3)
0x00007ffe28883c93:   02 00 e8 46 22 00 00 48 39 1d ff bd 02 00 48 8d
0x00007ffe28883ca3:   0d f8 bd 02 00 74 0e 66 0f 1f 44 00 00 48 8b 09
0x00007ffe28883cb3:   48 39 19 75 f8 48 8b 03 48 89 01 48 8b cb 48 83
0x00007ffe28883cc3:   c4 20 5b e9 61 e6 00 00 48 83 c4 20 5b c3 cc cc 


Register to memory mapping:

RAX=0x0000000000000000 is an unknown value
RBX=0x000000000056c8e0 is an unknown value
RCX=0x0000000000000000 is an unknown value
RDX=0x0000000000000000 is an unknown value
RSP=0x000000001769f5f0 is pointing into the stack for thread: 0x0000000017284800
RBP=0x000000001769f680 is pointing into the stack for thread: 0x0000000017284800
RSI=0x0000000000000108 is an unknown value
RDI=0x0000000000002d9f is an unknown value
R8 =0x0000000000000008 is an unknown value
R9 =0x0000000000000000 is an unknown value
R10=0x00007ffe288f45d0 is an unknown value
R11=0x000000000056cb10 is an unknown value
R12=0x0000000000000000 is an unknown value
R13=0x0000000002580f84 is at entry_point+772 in (nmethod*)0x00000000025808d0
R14=0x000000001769f670 is pointing into the stack for thread: 0x0000000017284800
R15=0x0000000017284800 is a thread


Stack: [0x00000000175a0000,0x00000000176a0000],  sp=0x000000001769f5f0,  free space=1021k
Native frames: (J=compiled Java code, j=interpreted, Vv=VM code, C=native code)
C  [glfw.dll+0x3cb3]
C  0x000000000255ef4a

Java frames: (J=compiled Java code, j=interpreted, Vv=VM code)
J 875  org.lwjgl.system.JNI.invokePV(JJ)V (0 bytes) @ 0x000000000255eec4 [0x000000000255ee80+0x44]
J 902 C1 com.capthed.game.Test2.check()V (104 bytes) @ 0x000000000258113c [0x0000000002580c80+0x4bc]
J 913 C1 com.capthed.abyss.GameLoop.update()V (21 bytes) @ 0x000000000258aff4 [0x000000000258a8c0+0x734]
j  com.capthed.abyss.GameLoop.run()V+186
j  java.lang.Thread.run()V+11
v  ~StubRoutines::call_stub

---------------  P R O C E S S  ---------------

Java Threads: ( => current thread )
  0x000000001ce0b000 JavaThread "TimerQueue" daemon [_thread_blocked, id=3312, stack(0x0000000024170000,0x0000000024270000)]
  0x000000001ce06000 JavaThread "D3D Screen Updater" daemon [_thread_blocked, id=1412, stack(0x0000000021750000,0x0000000021850000)]
  0x000000001cc9f000 JavaThread "AWT-Windows" daemon [_thread_in_native, id=4500, stack(0x000000001e910000,0x000000001ea10000)]
  0x000000001cc87000 JavaThread "Java2D Disposer" daemon [_thread_blocked, id=6304, stack(0x000000001d710000,0x000000001d810000)]
  0x0000000002110800 JavaThread "DestroyJavaVM" [_thread_blocked, id=7112, stack(0x0000000002010000,0x0000000002110000)]
=>0x0000000017284800 JavaThread "Thread-0" [_thread_in_native, id=6276, stack(0x00000000175a0000,0x00000000176a0000)]
  0x0000000015abb800 JavaThread "Service Thread" daemon [_thread_blocked, id=2324, stack(0x0000000016fa0000,0x00000000170a0000)]
  0x0000000015ab4800 JavaThread "C1 CompilerThread1" daemon [_thread_blocked, id=2828, stack(0x0000000016ea0000,0x0000000016fa0000)]
  0x0000000015a5b000 JavaThread "C2 CompilerThread0" daemon [_thread_blocked, id=224, stack(0x0000000016da0000,0x0000000016ea0000)]
  0x0000000015a59800 JavaThread "Attach Listener" daemon [_thread_blocked, id=1556, stack(0x0000000016ca0000,0x0000000016da0000)]
  0x0000000015a58000 JavaThread "Signal Dispatcher" daemon [_thread_blocked, id=4084, stack(0x0000000016ba0000,0x0000000016ca0000)]
  0x0000000002204000 JavaThread "Finalizer" daemon [_thread_blocked, id=3244, stack(0x00000000169c0000,0x0000000016ac0000)]
  0x00000000021fd000 JavaThread "Reference Handler" daemon [_thread_blocked, id=6616, stack(0x00000000168c0000,0x00000000169c0000)]

Other Threads:
  0x0000000015a27800 VMThread [stack: 0x00000000167c0000,0x00000000168c0000] [id=1520]
  0x0000000015ac2000 WatcherThread [stack: 0x00000000170a0000,0x00000000171a0000] [id=3560]

VM state:not at safepoint (normal execution)

VM Mutex/Monitor currently owned by a thread: None

Heap:
 PSYoungGen      total 28672K, used 22466K [0x00000000e0000000, 0x00000000e2000000, 0x0000000100000000)
  eden space 24576K, 91% used [0x00000000e0000000,0x00000000e15f0838,0x00000000e1800000)
  from space 4096K, 0% used [0x00000000e1c00000,0x00000000e1c00000,0x00000000e2000000)
  to   space 4096K, 0% used [0x00000000e1800000,0x00000000e1800000,0x00000000e1c00000)
 ParOldGen       total 65536K, used 0K [0x00000000a0000000, 0x00000000a4000000, 0x00000000e0000000)
  object space 65536K, 0% used [0x00000000a0000000,0x00000000a0000000,0x00000000a4000000)
 Metaspace       used 15414K, capacity 15606K, committed 15872K, reserved 1062912K
  class space    used 1681K, capacity 1746K, committed 1792K, reserved 1048576K

Card table byte_map: [0x00000000115d0000,0x00000000118e0000] byte_map_base: 0x00000000110d0000

Marking Bits: (ParMarkBitMap*) 0x000000006789a5b0
 Begin Bits: [0x0000000011de0000, 0x00000000135e0000)
 End Bits:   [0x00000000135e0000, 0x0000000014de0000)

Polling page: 0x00000000001f0000

CodeCache: size=245760Kb used=3646Kb max_used=3656Kb free=242113Kb
 bounds [0x0000000002210000, 0x00000000025b0000, 0x0000000011210000]
 total_blobs=1819 nmethods=936 adapters=797
 compilation: enabled

Compilation events (10 events):
Event: 12.625 Thread 0x0000000015a5b000  932       4       java.nio.Buffer::<init> (121 bytes)
Event: 12.626 Thread 0x0000000015a5b000 nmethod 932 0x00000000025968d0 code [0x0000000002596a20, 0x0000000002596bd8]
Event: 12.782 Thread 0x0000000015ab4800  933  s    3       java.io.BufferedOutputStream::flush (12 bytes)
Event: 12.783 Thread 0x0000000015ab4800 nmethod 933 0x0000000002598990 code [0x0000000002598b20, 0x0000000002599018]
Event: 12.785 Thread 0x0000000015a5b000  934       4       com.capthed.abyss.gfx.RenderDebug::box (92 bytes)
Event: 12.822 Thread 0x0000000015a5b000 nmethod 934 0x00000000025a0890 code [0x00000000025a0cc0, 0x00000000025a2388]
Event: 13.211 Thread 0x0000000015a5b000  935       4       com.capthed.abyss.Timer::getTime (4 bytes)
Event: 13.211 Thread 0x0000000015a5b000 nmethod 935 0x0000000002598790 code [0x00000000025988c0, 0x0000000002598918]
Event: 13.284 Thread 0x0000000015ab4800  936       3       java.io.PrintStream::ensureOpen (18 bytes)
Event: 13.284 Thread 0x0000000015ab4800 nmethod 936 0x0000000002598310 code [0x0000000002598480, 0x00000000025986c8]

GC Heap History (0 events):
No events

Deoptimization events (10 events):
Event: 2.190 Thread 0x0000000017284800 Uncommon trap: reason=unstable_if action=reinterpret pc=0x000000000240d7c4 method=java.lang.AbstractStringBuilder.append(Ljava/lang/String;)Ljava/lang/AbstractStringBuilder; @ 1
Event: 2.203 Thread 0x000000001cc9f000 Uncommon trap: reason=unstable_if action=reinterpret pc=0x00000000023bcd40 method=java.lang.CharacterData.of(I)Ljava/lang/CharacterData; @ 4
Event: 3.400 Thread 0x000000001cd8f800 Uncommon trap: reason=class_check action=maybe_recompile pc=0x00000000023e9c5c method=java.lang.String.equals(Ljava/lang/Object;)Z @ 8
Event: 3.400 Thread 0x000000001cd8f800 Uncommon trap: reason=class_check action=maybe_recompile pc=0x00000000023e9c5c method=java.lang.String.equals(Ljava/lang/Object;)Z @ 8
Event: 3.529 Thread 0x000000001cd8f800 Uncommon trap: reason=class_check action=maybe_recompile pc=0x00000000023e9c5c method=java.lang.String.equals(Ljava/lang/Object;)Z @ 8
Event: 3.529 Thread 0x000000001cd8f800 Uncommon trap: reason=class_check action=maybe_recompile pc=0x00000000023e9c5c method=java.lang.String.equals(Ljava/lang/Object;)Z @ 8
Event: 3.769 Thread 0x0000000017284800 Uncommon trap: reason=unstable_if action=reinterpret pc=0x00000000024a2e48 method=com.capthed.abyss.map.Scene.render()V @ 27
Event: 3.771 Thread 0x0000000017284800 Uncommon trap: reason=unstable_if action=reinterpret pc=0x00000000024a984c method=com.capthed.abyss.map.Scene.render()V @ 27
Event: 3.772 Thread 0x0000000017284800 Uncommon trap: reason=unstable_if action=reinterpret pc=0x00000000024b7714 method=com.capthed.abyss.map.Scene.init()V @ 27
Event: 3.773 Thread 0x0000000017284800 Uncommon trap: reason=unstable_if action=reinterpret pc=0x00000000024b2938 method=com.capthed.abyss.map.Scene.init()V @ 27

Internal exceptions (10 events):
Event: 0.633 Thread 0x0000000017284800 Exception <a 'java/security/PrivilegedActionException'> (0x00000000e042a098) thrown at [C:\re\workspace\8-2-build-windows-amd64-cygwin\jdk8u66\5298\hotspot\src\share\vm\prims\jvm.cpp, line 1386]
Event: 0.633 Thread 0x0000000017284800 Exception <a 'java/security/PrivilegedActionException'> (0x00000000e042a490) thrown at [C:\re\workspace\8-2-build-windows-amd64-cygwin\jdk8u66\5298\hotspot\src\share\vm\prims\jvm.cpp, line 1386]
Event: 0.635 Thread 0x0000000017284800 Exception <a 'java/security/PrivilegedActionException'> (0x00000000e042e408) thrown at [C:\re\workspace\8-2-build-windows-amd64-cygwin\jdk8u66\5298\hotspot\src\share\vm\prims\jvm.cpp, line 1386]
Event: 0.635 Thread 0x0000000017284800 Exception <a 'java/security/PrivilegedActionException'> (0x00000000e042e800) thrown at [C:\re\workspace\8-2-build-windows-amd64-cygwin\jdk8u66\5298\hotspot\src\share\vm\prims\jvm.cpp, line 1386]
Event: 1.123 Thread 0x0000000017284800 Exception <a 'java/io/FileNotFoundException'> (0x00000000e0cf6830) thrown at [C:\re\workspace\8-2-build-windows-amd64-cygwin\jdk8u66\5298\hotspot\src\share\vm\prims\jni.cpp, line 709]
Event: 1.180 Thread 0x0000000017284800 Exception <a 'java/lang/NoSuchFieldError': method resolution failed> (0x00000000e0dc3d48) thrown at [C:\re\workspace\8-2-build-windows-amd64-cygwin\jdk8u66\5298\hotspot\src\share\vm\prims\methodHandles.cpp, line 1146]
Event: 1.182 Thread 0x0000000017284800 Exception <a 'java/lang/NoSuchFieldError': method resolution failed> (0x00000000e0dd1438) thrown at [C:\re\workspace\8-2-build-windows-amd64-cygwin\jdk8u66\5298\hotspot\src\share\vm\prims\methodHandles.cpp, line 1146]
Event: 1.977 Thread 0x0000000017284800 Exception <a 'java/io/FileNotFoundException'> (0x00000000e1111830) thrown at [C:\re\workspace\8-2-build-windows-amd64-cygwin\jdk8u66\5298\hotspot\src\share\vm\prims\jni.cpp, line 709]
Event: 2.189 Thread 0x0000000017284800 Implicit null exception at 0x0000000002519796 to 0x0000000002519ac1
Event: 2.190 Thread 0x0000000017284800 Implicit null exception at 0x000000000240d496 to 0x000000000240d7ad

Events (10 events):
Event: 3.869 Thread 0x0000000017284800 DEOPT UNPACKING pc=0x000000000225747f sp=0x000000001769f430 mode 0
Event: 4.206 Executing VM operation: EnableBiasedLocking
Event: 4.206 Executing VM operation: EnableBiasedLocking done
Event: 5.059 loading class sun/awt/AppContext$PostShutdownEventRunnable
Event: 5.059 loading class sun/awt/AppContext$PostShutdownEventRunnable done
Event: 5.059 loading class sun/awt/AWTAutoShutdown$1
Event: 5.059 loading class sun/awt/AWTAutoShutdown$1 done
Event: 5.059 Thread 0x000000001cc9c000 Thread exited: 0x000000001cc9c000
Event: 5.059 Thread 0x000000001cd8f800 Thread exited: 0x000000001cd8f800
Event: 7.010 Thread 0x000000001cc96800 Thread exited: 0x000000001cc96800


Dynamic libraries:
0x00007ff607da0000 - 0x00007ff607dd7000 	C:\Program Files\Java\jre1.8.0_66\bin\javaw.exe
0x00007ffe381c0000 - 0x00007ffe38381000 	C:\Windows\SYSTEM32\ntdll.dll
0x00007ffe376d0000 - 0x00007ffe3777d000 	C:\Windows\system32\KERNEL32.DLL
0x00007ffe353d0000 - 0x00007ffe355b8000 	C:\Windows\system32\KERNELBASE.dll
0x00007ffe35cc0000 - 0x00007ffe35d67000 	C:\Windows\system32\ADVAPI32.dll
0x00007ffe35b00000 - 0x00007ffe35b9d000 	C:\Windows\system32\msvcrt.dll
0x00007ffe35c60000 - 0x00007ffe35cbb000 	C:\Windows\system32\sechost.dll
0x00007ffe375b0000 - 0x00007ffe376cc000 	C:\Windows\system32\RPCRT4.dll
0x00007ffe37d00000 - 0x00007ffe37e56000 	C:\Windows\system32\USER32.dll
0x00007ffe35d70000 - 0x00007ffe35ef6000 	C:\Windows\system32\GDI32.dll
0x00007ffe23520000 - 0x00007ffe23794000 	C:\Windows\WinSxS\amd64_microsoft.windows.common-controls_6595b64144ccf1df_6.0.10586.0_none_8c15ae12515e1c22\COMCTL32.dll
0x00007ffe37790000 - 0x00007ffe37a0d000 	C:\Windows\system32\combase.dll
0x00007ffe34b20000 - 0x00007ffe34b8a000 	C:\Windows\system32\bcryptPrimitives.dll
0x00007ffe37b70000 - 0x00007ffe37bab000 	C:\Windows\system32\IMM32.DLL
0x0000000067db0000 - 0x0000000067e82000 	C:\Program Files\Java\jre1.8.0_66\bin\msvcr100.dll
0x0000000067090000 - 0x0000000067919000 	C:\Program Files\Java\jre1.8.0_66\bin\server\jvm.dll
0x00007ffe38100000 - 0x00007ffe38108000 	C:\Windows\system32\PSAPI.DLL
0x00007ffe32f60000 - 0x00007ffe32f69000 	C:\Windows\SYSTEM32\WSOCK32.dll
0x00007ffe374c0000 - 0x00007ffe3752b000 	C:\Windows\system32\WS2_32.dll
0x00007ffe32f10000 - 0x00007ffe32f33000 	C:\Windows\SYSTEM32\WINMM.dll
0x00007ffe30f60000 - 0x00007ffe30f6a000 	C:\Windows\SYSTEM32\VERSION.dll
0x00007ffe32eb0000 - 0x00007ffe32edc000 	C:\Windows\SYSTEM32\WINMMBASE.dll
0x00007ffe351e0000 - 0x00007ffe35223000 	C:\Windows\system32\cfgmgr32.dll
0x0000000067da0000 - 0x0000000067daf000 	C:\Program Files\Java\jre1.8.0_66\bin\verify.dll
0x0000000067d70000 - 0x0000000067d99000 	C:\Program Files\Java\jre1.8.0_66\bin\java.dll
0x0000000067d50000 - 0x0000000067d66000 	C:\Program Files\Java\jre1.8.0_66\bin\zip.dll
0x00007ffe35f60000 - 0x00007ffe374bf000 	C:\Windows\system32\SHELL32.dll
0x00007ffe34b90000 - 0x00007ffe351d4000 	C:\Windows\system32\windows.storage.dll
0x00007ffe35c00000 - 0x00007ffe35c52000 	C:\Windows\system32\shlwapi.dll
0x00007ffe34850000 - 0x00007ffe3485f000 	C:\Windows\system32\kernel.appcore.dll
0x00007ffe34890000 - 0x00007ffe34945000 	C:\Windows\system32\shcore.dll
0x00007ffe347e0000 - 0x00007ffe3482b000 	C:\Windows\system32\powrprof.dll
0x00007ffe34830000 - 0x00007ffe34844000 	C:\Windows\system32\profapi.dll
0x00007ffe288c0000 - 0x00007ffe28948000 	C:\Users\Toni\Desktop\Github\December\libs\native\lwjgl.dll
0x00007ffe342e0000 - 0x00007ffe342eb000 	C:\Windows\SYSTEM32\CRYPTBASE.DLL
0x00007ffe28a80000 - 0x00007ffe28ac2000 	C:\Users\Toni\Desktop\Github\December\libs\native\jemalloc.dll
0x00007ffe28880000 - 0x00007ffe288b8000 	C:\Users\Toni\Desktop\Github\December\libs\native\glfw.dll
0x00007ffe33160000 - 0x00007ffe331f6000 	C:\Windows\system32\uxtheme.dll
0x00007ffe31ee0000 - 0x00007ffe31f02000 	C:\Windows\SYSTEM32\dwmapi.dll
0x00007ffe1f280000 - 0x00007ffe1f3a9000 	C:\Windows\SYSTEM32\opengl32.dll
0x00007ffe28a50000 - 0x00007ffe28a7e000 	C:\Windows\SYSTEM32\GLU32.dll
0x00007ffe1f180000 - 0x00007ffe1f27a000 	C:\Windows\SYSTEM32\DDRAW.dll
0x00007ffe32e70000 - 0x00007ffe32e78000 	C:\Windows\SYSTEM32\DCIMAN32.dll
0x00007ffe37a10000 - 0x00007ffe37b6a000 	C:\Windows\system32\MSCTF.dll
0x00007ffe257f0000 - 0x00007ffe25808000 	C:\Windows\SYSTEM32\atig6pxx.dll
0x0000000064f80000 - 0x0000000066d80000 	C:\Windows\SYSTEM32\atio6axx.dll
0x00007ffe355c0000 - 0x00007ffe359e9000 	C:\Windows\system32\SETUPAPI.dll
0x00007ffe14a20000 - 0x00007ffe14b61000 	C:\Windows\SYSTEM32\atiadlxx.dll
0x00007ffe37bb0000 - 0x00007ffe37cf3000 	C:\Windows\system32\ole32.dll
0x00007ffe32780000 - 0x00007ffe32906000 	C:\Windows\SYSTEM32\PROPSYS.dll
0x00007ffe37e80000 - 0x00007ffe37f41000 	C:\Windows\system32\OLEAUT32.dll
0x00007ffe33fa0000 - 0x00007ffe33fbf000 	C:\Windows\SYSTEM32\USERENV.dll
0x00007ffe32760000 - 0x00007ffe32773000 	C:\Windows\SYSTEM32\WTSAPI32.dll
0x00007ffe2d670000 - 0x00007ffe2d6a8000 	C:\Windows\SYSTEM32\IPHLPAPI.DLL
0x00007ffe33200000 - 0x00007ffe33227000 	C:\Windows\SYSTEM32\DEVOBJ.dll
0x00007ffe35370000 - 0x00007ffe353c5000 	C:\Windows\system32\WINTRUST.dll
0x00007ffe34860000 - 0x00007ffe34870000 	C:\Windows\system32\MSASN1.dll
0x00007ffe34950000 - 0x00007ffe34b17000 	C:\Windows\system32\CRYPT32.dll
0x00007ffe25630000 - 0x00007ffe2565c000 	C:\Windows\SYSTEM32\atig6txx.dll
0x0000000067d30000 - 0x0000000067d4a000 	C:\Program Files\Java\jre1.8.0_66\bin\net.dll
0x00007ffe34110000 - 0x00007ffe3416c000 	C:\Windows\system32\mswsock.dll
0x0000000067d10000 - 0x0000000067d21000 	C:\Program Files\Java\jre1.8.0_66\bin\nio.dll
0x0000000064de0000 - 0x0000000064f78000 	C:\Program Files\Java\jre1.8.0_66\bin\awt.dll
0x00007ffe32fd0000 - 0x00007ffe33049000 	C:\Windows\system32\apphelp.dll
0x0000000064d90000 - 0x0000000064dd7000 	C:\Program Files\Java\jre1.8.0_66\bin\fontmanager.dll
0x00007ffe0c6f0000 - 0x00007ffe0c900000 	C:\Windows\system32\d3d9.dll
0x00007ffe30f70000 - 0x00007ffe310d7000 	C:\Windows\SYSTEM32\aticfx64.dll
0x00007ffe1fd30000 - 0x00007ffe1fd51000 	C:\Windows\SYSTEM32\atiu9p64.dll
0x00007ffe0bd40000 - 0x00007ffe0c599000 	C:\Windows\SYSTEM32\atiumd64.dll
0x0000000067e90000 - 0x0000000068718000 	C:\Windows\SYSTEM32\atiumd6a.dll
0x0000000064d40000 - 0x0000000064d82000 	C:\Program Files\Java\jre1.8.0_66\bin\t2k.dll
0x00007ffe38110000 - 0x00007ffe381b7000 	C:\Windows\system32\clbcatq.dll
0x00007ffe31420000 - 0x00007ffe315d1000 	C:\Windows\SYSTEM32\WindowsCodecs.dll
0x00007ffe1d0b0000 - 0x00007ffe1d0fa000 	C:\Windows\system32\dataexchange.dll
0x00007ffe32c20000 - 0x00007ffe32d03000 	C:\Windows\system32\dcomp.dll
0x00007ffe31820000 - 0x00007ffe31ac8000 	C:\Windows\system32\d3d11.dll
0x00007ffe31770000 - 0x00007ffe31812000 	C:\Windows\system32\dxgi.dll
0x00007ffe33300000 - 0x00007ffe33400000 	C:\Windows\system32\twinapi.appcore.dll
0x00007ffe34670000 - 0x00007ffe34699000 	C:\Windows\system32\bcrypt.dll
0x00007ffe1d480000 - 0x00007ffe1d60c000 	C:\Windows\SYSTEM32\dbghelp.dll

VM Arguments:
jvm_args: -Djava.library.path=C:\Users\Toni\Desktop\Github\December\libs\native -Dfile.encoding=Cp1252 
java_command: com.capthed.game.TestRun
java_class_path (initial): C:\Users\Toni\Desktop\Github\December\bin;C:\Users\Toni\Desktop\Github\December\libs\lwjgl.jar;C:\Users\Toni\Desktop\Github\December\res;C:\Users\Toni\Desktop\Github\December\libs\debug.jar
Launcher Type: SUN_STANDARD

Environment Variables:
PATH=C:/Program Files/Java/jre1.8.0_66/bin/server;C:/Program Files/Java/jre1.8.0_66/bin;C:/Program Files/Java/jre1.8.0_66/lib/amd64;C:\ProgramData\Oracle\Java\javapath;C:\Windows\system32;C:\Windows;C:\Windows\System32\Wbem;C:\Windows\System32\WindowsPowerShell\v1.0\;C:\Program Files (x86)\ATI Technologies\ATI.ACE\Core-Static;C:\Program Files (x86)\GtkSharp\2.12\bin;C:\Program Files\Java\jdk1.8.0_65\bin;E:\eclipse;
USERNAME=Toni
OS=Windows_NT
PROCESSOR_IDENTIFIER=AMD64 Family 16 Model 5 Stepping 3, AuthenticAMD



---------------  S Y S T E M  ---------------

OS: Windows 10.0 , 64 bit Build 10586 (10.0.10586.0)

CPU:total 3 (3 cores per cpu, 1 threads per core) family 16 model 5 stepping 3, cmov, cx8, fxsr, mmx, sse, sse2, sse3, popcnt, mmxext, 3dnowpref, lzcnt, sse4a, tsc, tscinvbit, tscinv

Memory: 4k page, physical 6290484k(3640596k free), swap 7339060k(4099348k free)

vm_info: Java HotSpot(TM) 64-Bit Server VM (25.66-b18) for windows-amd64 JRE (1.8.0_66-b18), built on Nov  9 2015 10:51:13 by "java_re" with MS VC++ 10.0 (VS2010)

time: Fri Jan 29 17:39:59 2016
elapsed time: 13 seconds (0d 0h 0m 13s)

