#
# A fatal error has been detected by the Java Runtime Environment:
#
#  EXCEPTION_ACCESS_VIOLATION (0xc0000005) at pc=0x00007ffe28883cb3, pid=3096, tid=4300
#
# JRE version: Java(TM) SE Runtime Environment (8.0_66-b18) (build 1.8.0_66-b18)
# Java VM: Java HotSpot(TM) 64-Bit Server VM (25.66-b18 mixed mode windows-amd64 compressed oops)
# Problematic frame:
# C  [glfw.dll+0x3cb3]
#
# Failed to write core dump. Minidumps are not enabled by default on client versions of Windows
#
# If you would like to submit a bug report, please visit:
#   http://bugreport.java.com/bugreport/crash.jsp
# The crash happened outside the Java Virtual Machine in native code.
# See problematic frame for where to report the bug.
#

---------------  T H R E A D  ---------------

Current thread (0x0000000017237800):  JavaThread "Thread-0" [_thread_in_native, id=4300, stack(0x00000000175b0000,0x00000000176b0000)]

siginfo: ExceptionCode=0xc0000005, reading address 0x0000000000000000

Registers:
RAX=0x0000000000000000, RBX=0x00000000004dc880, RCX=0x0000000000000000, RDX=0x0000000000000000
RSP=0x00000000176af070, RBP=0x00000000176af100, RSI=0x0000000000000108, RDI=0x0000000000000652
R8 =0x0000000000000008, R9 =0x0000000000000000, R10=0x00007ffe288f45d0, R11=0x00000000004dcab0
R12=0x0000000000000000, R13=0x00000000176af118, R14=0x00000000176af0f0, R15=0x0000000017237800
RIP=0x00007ffe28883cb3, EFLAGS=0x0000000000010283

Top of Stack: (sp=0x00000000176af070)
0x00000000176af070:   00000000152f1288 0000000000000000
0x00000000176af080:   00000000176af098 00000000176af0f0
0x00000000176af090:   0000000015654940 000000000265460a
0x00000000176af0a0:   0000000000000000 0000000000000000
0x00000000176af0b0:   00000000176af0a0 00000000152ee7c4
0x00000000176af0c0:   00000000176af110 00000000152f0388
0x00000000176af0d0:   0000000021431938 00000000152ee808
0x00000000176af0e0:   0000000000000000 00000000176af110
0x00000000176af0f0:   00000000e03a1310 0000000002317ced
0x00000000176af100:   00000000176af178 0000000002317ced
0x00000000176af110:   0000000002317ced 00000000004dc880
0x00000000176af120:   0000000002317800 00007ffe28883c30
0x00000000176af130:   0000000000000001 00000000176af138
0x00000000176af140:   00000000155fcf64 00000000176af1a0
0x00000000176af150:   0000000015602188 0000000000000000
0x00000000176af160:   00000000155fcf90 00000000176af118 

Instructions: (pc=0x00007ffe28883cb3)
0x00007ffe28883c93:   02 00 e8 46 22 00 00 48 39 1d ff bd 02 00 48 8d
0x00007ffe28883ca3:   0d f8 bd 02 00 74 0e 66 0f 1f 44 00 00 48 8b 09
0x00007ffe28883cb3:   48 39 19 75 f8 48 8b 03 48 89 01 48 8b cb 48 83
0x00007ffe28883cc3:   c4 20 5b e9 61 e6 00 00 48 83 c4 20 5b c3 cc cc 


Register to memory mapping:

RAX=0x0000000000000000 is an unknown value
RBX=0x00000000004dc880 is an unknown value
RCX=0x0000000000000000 is an unknown value
RDX=0x0000000000000000 is an unknown value
RSP=0x00000000176af070 is pointing into the stack for thread: 0x0000000017237800
RBP=0x00000000176af100 is pointing into the stack for thread: 0x0000000017237800
RSI=0x0000000000000108 is an unknown value
RDI=0x0000000000000652 is an unknown value
R8 =0x0000000000000008 is an unknown value
R9 =0x0000000000000000 is an unknown value
R10=0x00007ffe288f45d0 is an unknown value
R11=0x00000000004dcab0 is an unknown value
R12=0x0000000000000000 is an unknown value
R13=0x00000000176af118 is pointing into the stack for thread: 0x0000000017237800
R14=0x00000000176af0f0 is pointing into the stack for thread: 0x0000000017237800
R15=0x0000000017237800 is a thread


Stack: [0x00000000175b0000,0x00000000176b0000],  sp=0x00000000176af070,  free space=1020k
Native frames: (J=compiled Java code, j=interpreted, Vv=VM code, C=native code)
C  [glfw.dll+0x3cb3]
C  0x000000000265460a

Java frames: (J=compiled Java code, j=interpreted, Vv=VM code)
J 857  org.lwjgl.system.JNI.invokePV(JJ)V (0 bytes) @ 0x0000000002654584 [0x0000000002654540+0x44]
j  org.lwjgl.glfw.GLFW.glfwDestroyWindow(J)V+20
j  com.capthed.abyss.gfx.Display.destroy()V+3
j  com.capthed.abyss.Abyss.stop()V+19
j  com.capthed.game.Test2.check()V+9
j  com.capthed.game.Test2.update()V+1
j  com.capthed.game.TestRun.constUpdate()V+3
j  com.capthed.abyss.GameLoop.update()V+12
j  com.capthed.abyss.GameLoop.run()V+186
j  java.lang.Thread.run()V+11
v  ~StubRoutines::call_stub

---------------  P R O C E S S  ---------------

Java Threads: ( => current thread )
  0x000000001cfa4000 JavaThread "TimerQueue" daemon [_thread_blocked, id=5584, stack(0x0000000024160000,0x0000000024260000)]
  0x000000001cf9e800 JavaThread "D3D Screen Updater" daemon [_thread_blocked, id=5568, stack(0x0000000021740000,0x0000000021840000)]
  0x000000001ce6f800 JavaThread "AWT-EventQueue-0" [_thread_blocked, id=1500, stack(0x00000000211c0000,0x00000000212c0000)]
  0x000000001ce74800 JavaThread "Image Fetcher 0" daemon [_thread_blocked, id=3128, stack(0x000000001fb90000,0x000000001fc90000)]
  0x000000001cedd000 JavaThread "AWT-Windows" daemon [_thread_in_native, id=2964, stack(0x000000001e940000,0x000000001ea40000)]
  0x000000001cedc000 JavaThread "AWT-Shutdown" [_thread_blocked, id=2472, stack(0x000000001e840000,0x000000001e940000)]
  0x000000001ce31000 JavaThread "Java2D Disposer" daemon [_thread_blocked, id=5900, stack(0x000000001d740000,0x000000001d840000)]
  0x0000000002210800 JavaThread "DestroyJavaVM" [_thread_blocked, id=2276, stack(0x0000000002010000,0x0000000002110000)]
=>0x0000000017237800 JavaThread "Thread-0" [_thread_in_native, id=4300, stack(0x00000000175b0000,0x00000000176b0000)]
  0x0000000015bc6000 JavaThread "Service Thread" daemon [_thread_blocked, id=800, stack(0x0000000016fb0000,0x00000000170b0000)]
  0x0000000015b68800 JavaThread "C1 CompilerThread1" daemon [_thread_blocked, id=3136, stack(0x0000000016eb0000,0x0000000016fb0000)]
  0x0000000015b5b000 JavaThread "C2 CompilerThread0" daemon [_thread_blocked, id=5036, stack(0x0000000016db0000,0x0000000016eb0000)]
  0x0000000015b59800 JavaThread "Attach Listener" daemon [_thread_blocked, id=5828, stack(0x0000000016cb0000,0x0000000016db0000)]
  0x0000000015b58800 JavaThread "Signal Dispatcher" daemon [_thread_blocked, id=5692, stack(0x0000000016bb0000,0x0000000016cb0000)]
  0x0000000002304000 JavaThread "Finalizer" daemon [_thread_blocked, id=1792, stack(0x0000000016ab0000,0x0000000016bb0000)]
  0x00000000022fd000 JavaThread "Reference Handler" daemon [_thread_blocked, id=5620, stack(0x00000000169b0000,0x0000000016ab0000)]

Other Threads:
  0x0000000015b28800 VMThread [stack: 0x00000000168b0000,0x00000000169b0000] [id=6608]
  0x0000000015bdd800 WatcherThread [stack: 0x00000000170b0000,0x00000000171b0000] [id=216]

VM state:not at safepoint (normal execution)

VM Mutex/Monitor currently owned by a thread: None

Heap:
 PSYoungGen      total 28672K, used 21490K [0x00000000e0000000, 0x00000000e2000000, 0x0000000100000000)
  eden space 24576K, 87% used [0x00000000e0000000,0x00000000e14fc848,0x00000000e1800000)
  from space 4096K, 0% used [0x00000000e1c00000,0x00000000e1c00000,0x00000000e2000000)
  to   space 4096K, 0% used [0x00000000e1800000,0x00000000e1800000,0x00000000e1c00000)
 ParOldGen       total 65536K, used 0K [0x00000000a0000000, 0x00000000a4000000, 0x00000000e0000000)
  object space 65536K, 0% used [0x00000000a0000000,0x00000000a0000000,0x00000000a4000000)
 Metaspace       used 15368K, capacity 15538K, committed 15872K, reserved 1062912K
  class space    used 1685K, capacity 1746K, committed 1792K, reserved 1048576K

Card table byte_map: [0x00000000116d0000,0x00000000119e0000] byte_map_base: 0x00000000111d0000

Marking Bits: (ParMarkBitMap*) 0x000000006789a5b0
 Begin Bits: [0x0000000011ee0000, 0x00000000136e0000)
 End Bits:   [0x00000000136e0000, 0x0000000014ee0000)

Polling page: 0x00000000001f0000

CodeCache: size=245760Kb used=3461Kb max_used=3461Kb free=242298Kb
 bounds [0x0000000002310000, 0x0000000002680000, 0x0000000011310000]
 total_blobs=1760 nmethods=877 adapters=797
 compilation: enabled

Compilation events (10 events):
Event: 3.819 Thread 0x0000000015b68800  872       3       org.lwjgl.BufferUtils::createDoubleBuffer (10 bytes)
Event: 3.819 Thread 0x0000000015b68800 nmethod 872 0x0000000002669390 code [0x0000000002669540, 0x0000000002669ae8]
Event: 3.846 Thread 0x0000000015b68800  873       3       com.capthed.abyss.gfx.RenderDebug::church (77 bytes)
Event: 3.847 Thread 0x0000000015b68800 nmethod 873 0x0000000002670cd0 code [0x0000000002671120, 0x00000000026721f8]
Event: 3.847 Thread 0x0000000015b68800  874       3       java.nio.ByteBuffer::arrayOffset (35 bytes)
Event: 3.847 Thread 0x0000000015b68800 nmethod 874 0x0000000002668d90 code [0x0000000002668f20, 0x0000000002669238]
Event: 3.847 Thread 0x0000000015b68800  875       3       java.nio.CharBuffer::arrayOffset (35 bytes)
Event: 3.848 Thread 0x0000000015b68800 nmethod 875 0x0000000002668790 code [0x0000000002668920, 0x0000000002668c38]
Event: 3.849 Thread 0x0000000015b68800  877       3       com.capthed.game.TestCollider::render (12 bytes)
Event: 3.849 Thread 0x0000000015b68800 nmethod 877 0x0000000002667fd0 code [0x0000000002668140, 0x00000000026682f8]

GC Heap History (0 events):
No events

Deoptimization events (10 events):
Event: 1.625 Thread 0x0000000017237800 Uncommon trap: reason=unstable_if action=reinterpret pc=0x00000000025168c4 method=java.lang.AbstractStringBuilder.append(Ljava/lang/String;)Ljava/lang/AbstractStringBuilder; @ 1
Event: 1.638 Thread 0x000000001cedd000 Uncommon trap: reason=unstable_if action=reinterpret pc=0x00000000024cf680 method=java.lang.CharacterData.of(I)Ljava/lang/CharacterData; @ 4
Event: 2.532 Thread 0x000000001ce6f800 Uncommon trap: reason=class_check action=maybe_recompile pc=0x00000000024e869c method=java.lang.String.equals(Ljava/lang/Object;)Z @ 8
Event: 2.533 Thread 0x000000001ce6f800 Uncommon trap: reason=class_check action=maybe_recompile pc=0x00000000024e869c method=java.lang.String.equals(Ljava/lang/Object;)Z @ 8
Event: 2.637 Thread 0x000000001ce6f800 Uncommon trap: reason=class_check action=maybe_recompile pc=0x00000000024e869c method=java.lang.String.equals(Ljava/lang/Object;)Z @ 8
Event: 2.637 Thread 0x000000001ce6f800 Uncommon trap: reason=class_check action=maybe_recompile pc=0x00000000024e869c method=java.lang.String.equals(Ljava/lang/Object;)Z @ 8
Event: 2.838 Thread 0x0000000017237800 Uncommon trap: reason=unstable_if action=reinterpret pc=0x00000000025a14c8 method=com.capthed.abyss.map.Scene.render()V @ 27
Event: 2.842 Thread 0x0000000017237800 Uncommon trap: reason=unstable_if action=reinterpret pc=0x00000000025a098c method=com.capthed.abyss.map.Scene.render()V @ 27
Event: 2.843 Thread 0x0000000017237800 Uncommon trap: reason=unstable_if action=reinterpret pc=0x00000000025b0cd4 method=com.capthed.abyss.map.Scene.init()V @ 27
Event: 2.843 Thread 0x0000000017237800 Uncommon trap: reason=unstable_if action=reinterpret pc=0x00000000025a8cf8 method=com.capthed.abyss.map.Scene.init()V @ 27

Internal exceptions (10 events):
Event: 0.466 Thread 0x0000000017237800 Exception <a 'java/security/PrivilegedActionException'> (0x00000000e042a458) thrown at [C:\re\workspace\8-2-build-windows-amd64-cygwin\jdk8u66\5298\hotspot\src\share\vm\prims\jvm.cpp, line 1386]
Event: 0.467 Thread 0x0000000017237800 Exception <a 'java/security/PrivilegedActionException'> (0x00000000e042e3d0) thrown at [C:\re\workspace\8-2-build-windows-amd64-cygwin\jdk8u66\5298\hotspot\src\share\vm\prims\jvm.cpp, line 1386]
Event: 0.467 Thread 0x0000000017237800 Exception <a 'java/security/PrivilegedActionException'> (0x00000000e042e7c8) thrown at [C:\re\workspace\8-2-build-windows-amd64-cygwin\jdk8u66\5298\hotspot\src\share\vm\prims\jvm.cpp, line 1386]
Event: 0.862 Thread 0x0000000017237800 Exception <a 'java/io/FileNotFoundException'> (0x00000000e0cf6838) thrown at [C:\re\workspace\8-2-build-windows-amd64-cygwin\jdk8u66\5298\hotspot\src\share\vm\prims\jni.cpp, line 709]
Event: 0.916 Thread 0x0000000017237800 Exception <a 'java/lang/NoSuchFieldError': method resolution failed> (0x00000000e0dc3da8) thrown at [C:\re\workspace\8-2-build-windows-amd64-cygwin\jdk8u66\5298\hotspot\src\share\vm\prims\methodHandles.cpp, line 1146]
Event: 0.918 Thread 0x0000000017237800 Exception <a 'java/lang/NoSuchFieldError': method resolution failed> (0x00000000e0dd1498) thrown at [C:\re\workspace\8-2-build-windows-amd64-cygwin\jdk8u66\5298\hotspot\src\share\vm\prims\methodHandles.cpp, line 1146]
Event: 1.400 Thread 0x0000000017237800 Exception <a 'java/io/FileNotFoundException'> (0x00000000e1105438) thrown at [C:\re\workspace\8-2-build-windows-amd64-cygwin\jdk8u66\5298\hotspot\src\share\vm\prims\jni.cpp, line 709]
Event: 1.439 Thread 0x0000000017237800 Implicit null exception at 0x0000000002565235 to 0x000000000256552d
Event: 1.623 Thread 0x0000000017237800 Implicit null exception at 0x00000000025c4e96 to 0x00000000025c51c1
Event: 1.624 Thread 0x0000000017237800 Implicit null exception at 0x0000000002516596 to 0x00000000025168ad

Events (10 events):
Event: 2.843 Thread 0x0000000017237800 DEOPT PACKING pc=0x00000000025a8cf8 sp=0x00000000176af280
Event: 2.843 Thread 0x0000000017237800 DEOPT UNPACKING pc=0x000000000235582a sp=0x00000000176af248 mode 2
Event: 2.851 loading class sun/misc/FDBigInteger
Event: 2.852 loading class sun/misc/FDBigInteger done
Event: 2.874 Thread 0x0000000017237800 DEOPT PACKING pc=0x00000000026352ff sp=0x00000000176af220
Event: 2.874 Thread 0x0000000017237800 DEOPT UNPACKING pc=0x000000000235747f sp=0x00000000176aefb0 mode 0
Event: 2.879 Thread 0x0000000017237800 DEOPT PACKING pc=0x00000000026352ff sp=0x00000000176af220
Event: 2.879 Thread 0x0000000017237800 DEOPT UNPACKING pc=0x000000000235747f sp=0x00000000176aefb0 mode 0
Event: 2.943 Thread 0x0000000017237800 DEOPT PACKING pc=0x0000000002636af7 sp=0x00000000176af220
Event: 2.943 Thread 0x0000000017237800 DEOPT UNPACKING pc=0x000000000235747f sp=0x00000000176aefb0 mode 0


Dynamic libraries:
0x00007ff607da0000 - 0x00007ff607dd7000 	C:\Program Files\Java\jre1.8.0_66\bin\javaw.exe
0x00007ffe381c0000 - 0x00007ffe38381000 	C:\Windows\SYSTEM32\ntdll.dll
0x00007ffe376d0000 - 0x00007ffe3777d000 	C:\Windows\system32\KERNEL32.DLL
0x00007ffe353d0000 - 0x00007ffe355b8000 	C:\Windows\system32\KERNELBASE.dll
0x00007ffe35cc0000 - 0x00007ffe35d67000 	C:\Windows\system32\ADVAPI32.dll
0x00007ffe35b00000 - 0x00007ffe35b9d000 	C:\Windows\system32\msvcrt.dll
0x00007ffe35c60000 - 0x00007ffe35cbb000 	C:\Windows\system32\sechost.dll
0x00007ffe375b0000 - 0x00007ffe376cc000 	C:\Windows\system32\RPCRT4.dll
0x00007ffe37d00000 - 0x00007ffe37e56000 	C:\Windows\system32\USER32.dll
0x00007ffe35d70000 - 0x00007ffe35ef6000 	C:\Windows\system32\GDI32.dll
0x00007ffe23520000 - 0x00007ffe23794000 	C:\Windows\WinSxS\amd64_microsoft.windows.common-controls_6595b64144ccf1df_6.0.10586.0_none_8c15ae12515e1c22\COMCTL32.dll
0x00007ffe37790000 - 0x00007ffe37a0d000 	C:\Windows\system32\combase.dll
0x00007ffe34b20000 - 0x00007ffe34b8a000 	C:\Windows\system32\bcryptPrimitives.dll
0x00007ffe37b70000 - 0x00007ffe37bab000 	C:\Windows\system32\IMM32.DLL
0x0000000067db0000 - 0x0000000067e82000 	C:\Program Files\Java\jre1.8.0_66\bin\msvcr100.dll
0x0000000067090000 - 0x0000000067919000 	C:\Program Files\Java\jre1.8.0_66\bin\server\jvm.dll
0x00007ffe38100000 - 0x00007ffe38108000 	C:\Windows\system32\PSAPI.DLL
0x00007ffe32f60000 - 0x00007ffe32f69000 	C:\Windows\SYSTEM32\WSOCK32.dll
0x00007ffe374c0000 - 0x00007ffe3752b000 	C:\Windows\system32\WS2_32.dll
0x00007ffe32f10000 - 0x00007ffe32f33000 	C:\Windows\SYSTEM32\WINMM.dll
0x00007ffe30f60000 - 0x00007ffe30f6a000 	C:\Windows\SYSTEM32\VERSION.dll
0x00007ffe32eb0000 - 0x00007ffe32edc000 	C:\Windows\SYSTEM32\WINMMBASE.dll
0x00007ffe351e0000 - 0x00007ffe35223000 	C:\Windows\system32\cfgmgr32.dll
0x0000000067da0000 - 0x0000000067daf000 	C:\Program Files\Java\jre1.8.0_66\bin\verify.dll
0x0000000067d70000 - 0x0000000067d99000 	C:\Program Files\Java\jre1.8.0_66\bin\java.dll
0x0000000067d50000 - 0x0000000067d66000 	C:\Program Files\Java\jre1.8.0_66\bin\zip.dll
0x00007ffe35f60000 - 0x00007ffe374bf000 	C:\Windows\system32\SHELL32.dll
0x00007ffe34b90000 - 0x00007ffe351d4000 	C:\Windows\system32\windows.storage.dll
0x00007ffe35c00000 - 0x00007ffe35c52000 	C:\Windows\system32\shlwapi.dll
0x00007ffe34850000 - 0x00007ffe3485f000 	C:\Windows\system32\kernel.appcore.dll
0x00007ffe34890000 - 0x00007ffe34945000 	C:\Windows\system32\shcore.dll
0x00007ffe347e0000 - 0x00007ffe3482b000 	C:\Windows\system32\powrprof.dll
0x00007ffe34830000 - 0x00007ffe34844000 	C:\Windows\system32\profapi.dll
0x00007ffe288c0000 - 0x00007ffe28948000 	C:\Users\Toni\Desktop\Github\December\libs\native\lwjgl.dll
0x00007ffe342e0000 - 0x00007ffe342eb000 	C:\Windows\SYSTEM32\CRYPTBASE.DLL
0x00007ffe28a80000 - 0x00007ffe28ac2000 	C:\Users\Toni\Desktop\Github\December\libs\native\jemalloc.dll
0x00007ffe28880000 - 0x00007ffe288b8000 	C:\Users\Toni\Desktop\Github\December\libs\native\glfw.dll
0x00007ffe33160000 - 0x00007ffe331f6000 	C:\Windows\system32\uxtheme.dll
0x00007ffe31ee0000 - 0x00007ffe31f02000 	C:\Windows\SYSTEM32\dwmapi.dll
0x00007ffe1f280000 - 0x00007ffe1f3a9000 	C:\Windows\SYSTEM32\opengl32.dll
0x00007ffe1f180000 - 0x00007ffe1f27a000 	C:\Windows\SYSTEM32\DDRAW.dll
0x00007ffe28a50000 - 0x00007ffe28a7e000 	C:\Windows\SYSTEM32\GLU32.dll
0x00007ffe32e70000 - 0x00007ffe32e78000 	C:\Windows\SYSTEM32\DCIMAN32.dll
0x00007ffe37a10000 - 0x00007ffe37b6a000 	C:\Windows\system32\MSCTF.dll
0x00007ffe257f0000 - 0x00007ffe25808000 	C:\Windows\SYSTEM32\atig6pxx.dll
0x0000000064f80000 - 0x0000000066d80000 	C:\Windows\SYSTEM32\atio6axx.dll
0x00007ffe355c0000 - 0x00007ffe359e9000 	C:\Windows\system32\SETUPAPI.dll
0x00007ffe14a20000 - 0x00007ffe14b61000 	C:\Windows\SYSTEM32\atiadlxx.dll
0x00007ffe37bb0000 - 0x00007ffe37cf3000 	C:\Windows\system32\ole32.dll
0x00007ffe33fa0000 - 0x00007ffe33fbf000 	C:\Windows\SYSTEM32\USERENV.dll
0x00007ffe32780000 - 0x00007ffe32906000 	C:\Windows\SYSTEM32\PROPSYS.dll
0x00007ffe2d670000 - 0x00007ffe2d6a8000 	C:\Windows\SYSTEM32\IPHLPAPI.DLL
0x00007ffe37e80000 - 0x00007ffe37f41000 	C:\Windows\system32\OLEAUT32.dll
0x00007ffe32760000 - 0x00007ffe32773000 	C:\Windows\SYSTEM32\WTSAPI32.dll
0x00007ffe33200000 - 0x00007ffe33227000 	C:\Windows\SYSTEM32\DEVOBJ.dll
0x00007ffe35370000 - 0x00007ffe353c5000 	C:\Windows\system32\WINTRUST.dll
0x00007ffe34860000 - 0x00007ffe34870000 	C:\Windows\system32\MSASN1.dll
0x00007ffe34950000 - 0x00007ffe34b17000 	C:\Windows\system32\CRYPT32.dll
0x00007ffe25630000 - 0x00007ffe2565c000 	C:\Windows\SYSTEM32\atig6txx.dll
0x0000000067d30000 - 0x0000000067d4a000 	C:\Program Files\Java\jre1.8.0_66\bin\net.dll
0x00007ffe34110000 - 0x00007ffe3416c000 	C:\Windows\system32\mswsock.dll
0x0000000067d10000 - 0x0000000067d21000 	C:\Program Files\Java\jre1.8.0_66\bin\nio.dll
0x0000000064de0000 - 0x0000000064f78000 	C:\Program Files\Java\jre1.8.0_66\bin\awt.dll
0x00007ffe32fd0000 - 0x00007ffe33049000 	C:\Windows\system32\apphelp.dll
0x0000000064d90000 - 0x0000000064dd7000 	C:\Program Files\Java\jre1.8.0_66\bin\fontmanager.dll
0x00007ffe0c6f0000 - 0x00007ffe0c900000 	C:\Windows\system32\d3d9.dll
0x00007ffe30f70000 - 0x00007ffe310d7000 	C:\Windows\SYSTEM32\aticfx64.dll
0x00007ffe1fd30000 - 0x00007ffe1fd51000 	C:\Windows\SYSTEM32\atiu9p64.dll
0x00007ffe0bd40000 - 0x00007ffe0c599000 	C:\Windows\SYSTEM32\atiumd64.dll
0x0000000067e90000 - 0x0000000068718000 	C:\Windows\SYSTEM32\atiumd6a.dll
0x0000000064d40000 - 0x0000000064d82000 	C:\Program Files\Java\jre1.8.0_66\bin\t2k.dll
0x00007ffe38110000 - 0x00007ffe381b7000 	C:\Windows\system32\clbcatq.dll
0x00007ffe31420000 - 0x00007ffe315d1000 	C:\Windows\SYSTEM32\WindowsCodecs.dll
0x00007ffe1d0b0000 - 0x00007ffe1d0fa000 	C:\Windows\system32\dataexchange.dll
0x00007ffe32c20000 - 0x00007ffe32d03000 	C:\Windows\system32\dcomp.dll
0x00007ffe31820000 - 0x00007ffe31ac8000 	C:\Windows\system32\d3d11.dll
0x00007ffe31770000 - 0x00007ffe31812000 	C:\Windows\system32\dxgi.dll
0x00007ffe33300000 - 0x00007ffe33400000 	C:\Windows\system32\twinapi.appcore.dll
0x00007ffe34670000 - 0x00007ffe34699000 	C:\Windows\system32\bcrypt.dll
0x00007ffe1d480000 - 0x00007ffe1d60c000 	C:\Windows\SYSTEM32\dbghelp.dll

VM Arguments:
jvm_args: -Djava.library.path=C:\Users\Toni\Desktop\Github\December\libs\native -Dfile.encoding=Cp1252 
java_command: com.capthed.game.TestRun
java_class_path (initial): C:\Users\Toni\Desktop\Github\December\bin;C:\Users\Toni\Desktop\Github\December\libs\lwjgl.jar;C:\Users\Toni\Desktop\Github\December\res;C:\Users\Toni\Desktop\Github\December\libs\debug.jar
Launcher Type: SUN_STANDARD

Environment Variables:
PATH=C:/Program Files/Java/jre1.8.0_66/bin/server;C:/Program Files/Java/jre1.8.0_66/bin;C:/Program Files/Java/jre1.8.0_66/lib/amd64;C:\ProgramData\Oracle\Java\javapath;C:\Windows\system32;C:\Windows;C:\Windows\System32\Wbem;C:\Windows\System32\WindowsPowerShell\v1.0\;C:\Program Files (x86)\ATI Technologies\ATI.ACE\Core-Static;C:\Program Files (x86)\GtkSharp\2.12\bin;C:\Program Files\Java\jdk1.8.0_65\bin;E:\eclipse;
USERNAME=Toni
OS=Windows_NT
PROCESSOR_IDENTIFIER=AMD64 Family 16 Model 5 Stepping 3, AuthenticAMD



---------------  S Y S T E M  ---------------

OS: Windows 10.0 , 64 bit Build 10586 (10.0.10586.0)

CPU:total 3 (3 cores per cpu, 1 threads per core) family 16 model 5 stepping 3, cmov, cx8, fxsr, mmx, sse, sse2, sse3, popcnt, mmxext, 3dnowpref, lzcnt, sse4a, tsc, tscinvbit, tscinv

Memory: 4k page, physical 6290484k(3628464k free), swap 7339060k(4096388k free)

vm_info: Java HotSpot(TM) 64-Bit Server VM (25.66-b18) for windows-amd64 JRE (1.8.0_66-b18), built on Nov  9 2015 10:51:13 by "java_re" with MS VC++ 10.0 (VS2010)

time: Fri Jan 29 17:40:40 2016
elapsed time: 3 seconds (0d 0h 0m 3s)

