#
# A fatal error has been detected by the Java Runtime Environment:
#
#  EXCEPTION_ACCESS_VIOLATION (0xc0000005) at pc=0x00007ffe257d3cb3, pid=1480, tid=5556
#
# JRE version: Java(TM) SE Runtime Environment (8.0_66-b18) (build 1.8.0_66-b18)
# Java VM: Java HotSpot(TM) 64-Bit Server VM (25.66-b18 mixed mode windows-amd64 compressed oops)
# Problematic frame:
# C  [glfw.dll+0x3cb3]
#
# Failed to write core dump. Minidumps are not enabled by default on client versions of Windows
#
# If you would like to submit a bug report, please visit:
#   http://bugreport.java.com/bugreport/crash.jsp
# The crash happened outside the Java Virtual Machine in native code.
# See problematic frame for where to report the bug.
#

---------------  T H R E A D  ---------------

Current thread (0x0000000017457000):  JavaThread "Thread-0" [_thread_in_native, id=5556, stack(0x0000000017780000,0x0000000017880000)]

siginfo: ExceptionCode=0xc0000005, reading address 0x0000000000000000

Registers:
RAX=0x0000000000000000, RBX=0x000000000046bb00, RCX=0x0000000000000000, RDX=0x0000000000000000
RSP=0x000000001787efe0, RBP=0x000000001787f070, RSI=0x0000000000000108, RDI=0x00000000000045f9
R8 =0x0000000000000008, R9 =0x0000000000000000, R10=0x00007ffe207b45d0, R11=0x000000000046bd30
R12=0x0000000000000000, R13=0x000000001787f088, R14=0x000000001787f060, R15=0x0000000017457000
RIP=0x00007ffe257d3cb3, EFLAGS=0x0000000000010287

Top of Stack: (sp=0x000000001787efe0)
0x000000001787efe0:   00000000153f1c38 0000000000000000
0x000000001787eff0:   000000001787f060 0000000002417ced
0x000000001787f000:   0000000015754940 00000000026e694a
0x000000001787f010:   0000000000000000 0000000000000000
0x000000001787f020:   000000001787f010 00000000153ee7c4
0x000000001787f030:   000000001787f080 00000000153f0388
0x000000001787f040:   000000001d679a50 00000000153ee808
0x000000001787f050:   0000000000000000 000000001787f080
0x000000001787f060:   00000000e1833250 0000000002417ced
0x000000001787f070:   000000001787f0e8 0000000002417ced
0x000000001787f080:   0000000002417ced 000000000046bb00
0x000000001787f090:   0000000002417800 00007ffe257d3c30
0x000000001787f0a0:   0000000000000001 000000001787f0a8
0x000000001787f0b0:   00000000156fcf64 000000001787f110
0x000000001787f0c0:   0000000015702188 000000001d6685d8
0x000000001787f0d0:   00000000156fcf90 000000001787f088 

Instructions: (pc=0x00007ffe257d3cb3)
0x00007ffe257d3c93:   02 00 e8 46 22 00 00 48 39 1d ff bd 02 00 48 8d
0x00007ffe257d3ca3:   0d f8 bd 02 00 74 0e 66 0f 1f 44 00 00 48 8b 09
0x00007ffe257d3cb3:   48 39 19 75 f8 48 8b 03 48 89 01 48 8b cb 48 83
0x00007ffe257d3cc3:   c4 20 5b e9 61 e6 00 00 48 83 c4 20 5b c3 cc cc 


Register to memory mapping:

RAX=0x0000000000000000 is an unknown value
RBX=0x000000000046bb00 is an unknown value
RCX=0x0000000000000000 is an unknown value
RDX=0x0000000000000000 is an unknown value
RSP=0x000000001787efe0 is pointing into the stack for thread: 0x0000000017457000
RBP=0x000000001787f070 is pointing into the stack for thread: 0x0000000017457000
RSI=0x0000000000000108 is an unknown value
RDI=0x00000000000045f9 is an unknown value
R8 =0x0000000000000008 is an unknown value
R9 =0x0000000000000000 is an unknown value
R10=0x00007ffe207b45d0 is an unknown value
R11=0x000000000046bd30 is an unknown value
R12=0x0000000000000000 is an unknown value
R13=0x000000001787f088 is pointing into the stack for thread: 0x0000000017457000
R14=0x000000001787f060 is pointing into the stack for thread: 0x0000000017457000
R15=0x0000000017457000 is a thread


Stack: [0x0000000017780000,0x0000000017880000],  sp=0x000000001787efe0,  free space=1019k
Native frames: (J=compiled Java code, j=interpreted, Vv=VM code, C=native code)
C  [glfw.dll+0x3cb3]
C  0x00000000026e694a

Java frames: (J=compiled Java code, j=interpreted, Vv=VM code)
J 663  org.lwjgl.system.JNI.invokePV(JJ)V (0 bytes) @ 0x00000000026e68c4 [0x00000000026e6880+0x44]
j  org.lwjgl.glfw.GLFW.glfwDestroyWindow(J)V+20
j  com.capthed.abyss.gfx.Display.destroy()V+3
j  com.capthed.abyss.Abyss.stop()V+19
j  com.capthed.game.Test2.check()V+9
J 759 C1 com.capthed.abyss.GameLoop.update()V (21 bytes) @ 0x00000000027341f4 [0x0000000002733ac0+0x734]
j  com.capthed.abyss.GameLoop.run()V+186
j  java.lang.Thread.run()V+11
v  ~StubRoutines::call_stub

---------------  P R O C E S S  ---------------

Java Threads: ( => current thread )
  0x000000001cda0000 JavaThread "Java2D Disposer" daemon [_thread_blocked, id=4868, stack(0x000000001d7c0000,0x000000001d8c0000)]
  0x0000000002310800 JavaThread "DestroyJavaVM" [_thread_blocked, id=5432, stack(0x00000000021c0000,0x00000000022c0000)]
=>0x0000000017457000 JavaThread "Thread-0" [_thread_in_native, id=5556, stack(0x0000000017780000,0x0000000017880000)]
  0x0000000015cd0000 JavaThread "Service Thread" daemon [_thread_blocked, id=4900, stack(0x0000000017180000,0x0000000017280000)]
  0x0000000015c7a000 JavaThread "C1 CompilerThread1" daemon [_thread_blocked, id=3172, stack(0x0000000017080000,0x0000000017180000)]
  0x0000000015c5c000 JavaThread "C2 CompilerThread0" daemon [_thread_blocked, id=5316, stack(0x0000000016f80000,0x0000000017080000)]
  0x0000000015c5b000 JavaThread "Attach Listener" daemon [_thread_blocked, id=3160, stack(0x0000000016e80000,0x0000000016f80000)]
  0x0000000015c5a800 JavaThread "Signal Dispatcher" daemon [_thread_blocked, id=1428, stack(0x0000000016d80000,0x0000000016e80000)]
  0x0000000002404000 JavaThread "Finalizer" daemon [_thread_blocked, id=6272, stack(0x0000000016ba0000,0x0000000016ca0000)]
  0x00000000023fd000 JavaThread "Reference Handler" daemon [_thread_blocked, id=212, stack(0x0000000016aa0000,0x0000000016ba0000)]

Other Threads:
  0x0000000015c27800 VMThread [stack: 0x00000000169a0000,0x0000000016aa0000] [id=6488]
  0x0000000015cde000 WatcherThread [stack: 0x0000000017280000,0x0000000017380000] [id=3372]

VM state:not at safepoint (normal execution)

VM Mutex/Monitor currently owned by a thread: None

Heap:
 PSYoungGen      total 28672K, used 20711K [0x00000000e0000000, 0x00000000e2000000, 0x0000000100000000)
  eden space 24576K, 67% used [0x00000000e0000000,0x00000000e103c298,0x00000000e1800000)
  from space 4096K, 99% used [0x00000000e1800000,0x00000000e1bfdbb8,0x00000000e1c00000)
  to   space 4096K, 0% used [0x00000000e1c00000,0x00000000e1c00000,0x00000000e2000000)
 ParOldGen       total 65536K, used 3947K [0x00000000a0000000, 0x00000000a4000000, 0x00000000e0000000)
  object space 65536K, 6% used [0x00000000a0000000,0x00000000a03dac48,0x00000000a4000000)
 Metaspace       used 9712K, capacity 9810K, committed 10112K, reserved 1058816K
  class space    used 841K, capacity 889K, committed 896K, reserved 1048576K

Card table byte_map: [0x00000000117d0000,0x0000000011ae0000] byte_map_base: 0x00000000112d0000

Marking Bits: (ParMarkBitMap*) 0x000000006789a5b0
 Begin Bits: [0x0000000011fe0000, 0x00000000137e0000)
 End Bits:   [0x00000000137e0000, 0x0000000014fe0000)

Polling page: 0x00000000001f0000

CodeCache: size=245760Kb used=3357Kb max_used=3357Kb free=242402Kb
 bounds [0x0000000002410000, 0x0000000002760000, 0x0000000011410000]
 total_blobs=1503 nmethods=784 adapters=633
 compilation: enabled

Compilation events (10 events):
Event: 11.933 Thread 0x0000000015c5c000  780       4       com.capthed.abyss.gfx.RenderDebug::box (92 bytes)
Event: 11.970 Thread 0x0000000015c5c000 nmethod 780 0x0000000002752e50 code [0x0000000002753280, 0x0000000002754948]
Event: 12.015 Thread 0x0000000015c7a000  781       3       sun.nio.cs.SingleByte$Encoder::encodeArrayLoop (236 bytes)
Event: 12.018 Thread 0x0000000015c7a000 nmethod 781 0x0000000002758690 code [0x0000000002758b20, 0x000000000275b708]
Event: 12.038 Thread 0x0000000015c7a000  782       3       java.nio.Buffer::hasRemaining (17 bytes)
Event: 12.038 Thread 0x0000000015c7a000 nmethod 782 0x0000000002743d50 code [0x0000000002743ea0, 0x0000000002744050]
Event: 12.038 Thread 0x0000000015c7a000  783       3       java.nio.CharBuffer::hasArray (20 bytes)
Event: 12.038 Thread 0x0000000015c7a000 nmethod 783 0x0000000002743990 code [0x0000000002743ae0, 0x0000000002743cd0]
Event: 12.038 Thread 0x0000000015c7a000  784       3       java.nio.ByteBuffer::hasArray (20 bytes)
Event: 12.038 Thread 0x0000000015c7a000 nmethod 784 0x00000000027435d0 code [0x0000000002743720, 0x0000000002743910]

GC Heap History (2 events):
Event: 5.387 GC heap before
{Heap before GC invocations=1 (full 0):
 PSYoungGen      total 28672K, used 24576K [0x00000000e0000000, 0x00000000e2000000, 0x0000000100000000)
  eden space 24576K, 100% used [0x00000000e0000000,0x00000000e1800000,0x00000000e1800000)
  from space 4096K, 0% used [0x00000000e1c00000,0x00000000e1c00000,0x00000000e2000000)
  to   space 4096K, 0% used [0x00000000e1800000,0x00000000e1800000,0x00000000e1c00000)
 ParOldGen       total 65536K, used 0K [0x00000000a0000000, 0x00000000a4000000, 0x00000000e0000000)
  object space 65536K, 0% used [0x00000000a0000000,0x00000000a0000000,0x00000000a4000000)
 Metaspace       used 9685K, capacity 9810K, committed 10112K, reserved 1058816K
  class space    used 841K, capacity 889K, committed 896K, reserved 1048576K
Event: 5.409 GC heap after
Heap after GC invocations=1 (full 0):
 PSYoungGen      total 28672K, used 4086K [0x00000000e0000000, 0x00000000e2000000, 0x0000000100000000)
  eden space 24576K, 0% used [0x00000000e0000000,0x00000000e0000000,0x00000000e1800000)
  from space 4096K, 99% used [0x00000000e1800000,0x00000000e1bfdbb8,0x00000000e1c00000)
  to   space 4096K, 0% used [0x00000000e1c00000,0x00000000e1c00000,0x00000000e2000000)
 ParOldGen       total 65536K, used 3947K [0x00000000a0000000, 0x00000000a4000000, 0x00000000e0000000)
  object space 65536K, 6% used [0x00000000a0000000,0x00000000a03dac48,0x00000000a4000000)
 Metaspace       used 9685K, capacity 9810K, committed 10112K, reserved 1058816K
  class space    used 841K, capacity 889K, committed 896K, reserved 1048576K
}

Deoptimization events (8 events):
Event: 0.840 Thread 0x0000000017457000 Uncommon trap: reason=unstable_if action=reinterpret pc=0x00000000025f1200 method=sun.misc.MetaIndex.mayContain(Ljava/lang/String;)Z @ 38
Event: 3.491 Thread 0x0000000017457000 Uncommon trap: reason=unstable_if action=reinterpret pc=0x00000000026a59c8 method=com.capthed.abyss.map.Scene.render()V @ 27
Event: 3.493 Thread 0x0000000017457000 Uncommon trap: reason=unstable_if action=reinterpret pc=0x000000000269e88c method=com.capthed.abyss.map.Scene.render()V @ 27
Event: 3.500 Thread 0x0000000017457000 Uncommon trap: reason=unstable_if action=reinterpret pc=0x00000000026b2314 method=com.capthed.abyss.map.Scene.init()V @ 27
Event: 3.501 Thread 0x0000000017457000 Uncommon trap: reason=unstable_if action=reinterpret pc=0x00000000026ad538 method=com.capthed.abyss.map.Scene.init()V @ 27
Event: 3.501 Thread 0x0000000017457000 Uncommon trap: reason=unstable_if action=reinterpret pc=0x00000000026e80b8 method=com.capthed.abyss.map.Scene.update()V @ 27
Event: 3.502 Thread 0x0000000017457000 Uncommon trap: reason=unstable_if action=reinterpret pc=0x00000000026e7750 method=com.capthed.abyss.map.Scene.update()V @ 27
Event: 12.504 Thread 0x0000000017457000 Uncommon trap: reason=unstable_if action=reinterpret pc=0x000000000274ec58 method=com.capthed.abyss.input.Keyboard.isKeyPressed(I)Z @ 6

Internal exceptions (10 events):
Event: 0.051 Thread 0x0000000002310800 Exception <a 'java/lang/NoSuchMethodError': Method sun.misc.Unsafe.defineClass(Ljava/lang/String;[BII)Ljava/lang/Class; name or signature does not match> (0x00000000e000ccb0) thrown at [C:\re\workspace\8-2-build-windows-amd64-cygwin\jdk8u66\5298\hotspot\srw'$ßrdª?
Event: 0.052 Thread 0x0000000002310800 Exception <a 'java/lang/NoSuchMethodError': Method sun.misc.Unsafe.prefetchRead(Ljava/lang/Object;J)V name or signature does not match> (0x00000000e000cf98) thrown at [C:\re\workspace\8-2-build-windows-amd64-cygwin\jdk8u66\5298\hotspot\src\share\vm\prims\j˜¾<º§þÃ?
Event: 0.156 Thread 0x0000000002310800 Exception <a 'java/lang/ArrayIndexOutOfBoundsException': 0> (0x00000000e0183100) thrown at [C:\re\workspace\8-2-build-windows-amd64-cygwin\jdk8u66\5298\hotspot\src\share\vm\interpreter\interpreterRuntime.cpp, line 366]
Event: 0.443 Thread 0x0000000017457000 Exception <a 'java/security/PrivilegedActionException'> (0x00000000e042a060) thrown at [C:\re\workspace\8-2-build-windows-amd64-cygwin\jdk8u66\5298\hotspot\src\share\vm\prims\jvm.cpp, line 1386]
Event: 0.443 Thread 0x0000000017457000 Exception <a 'java/security/PrivilegedActionException'> (0x00000000e042a458) thrown at [C:\re\workspace\8-2-build-windows-amd64-cygwin\jdk8u66\5298\hotspot\src\share\vm\prims\jvm.cpp, line 1386]
Event: 0.444 Thread 0x0000000017457000 Exception <a 'java/security/PrivilegedActionException'> (0x00000000e042e3d0) thrown at [C:\re\workspace\8-2-build-windows-amd64-cygwin\jdk8u66\5298\hotspot\src\share\vm\prims\jvm.cpp, line 1386]
Event: 0.444 Thread 0x0000000017457000 Exception <a 'java/security/PrivilegedActionException'> (0x00000000e042e7c8) thrown at [C:\re\workspace\8-2-build-windows-amd64-cygwin\jdk8u66\5298\hotspot\src\share\vm\prims\jvm.cpp, line 1386]
Event: 0.843 Thread 0x0000000017457000 Exception <a 'java/io/FileNotFoundException'> (0x00000000e0cf6838) thrown at [C:\re\workspace\8-2-build-windows-amd64-cygwin\jdk8u66\5298\hotspot\src\share\vm\prims\jni.cpp, line 709]
Event: 0.904 Thread 0x0000000017457000 Exception <a 'java/lang/NoSuchFieldError': method resolution failed> (0x00000000e0dc3e30) thrown at [C:\re\workspace\8-2-build-windows-amd64-cygwin\jdk8u66\5298\hotspot\src\share\vm\prims\methodHandles.cpp, line 1146]
Event: 0.906 Thread 0x0000000017457000 Exception <a 'java/lang/NoSuchFieldError': method resolution failed> (0x00000000e0dd1520) thrown at [C:\re\workspace\8-2-build-windows-amd64-cygwin\jdk8u66\5298\hotspot\src\share\vm\prims\methodHandles.cpp, line 1146]

Events (10 events):
Event: 3.600 Thread 0x0000000017457000 DEOPT UNPACKING pc=0x000000000245747f sp=0x000000001787eeb0 mode 0
Event: 4.181 Executing VM operation: EnableBiasedLocking
Event: 4.182 Executing VM operation: EnableBiasedLocking done
Event: 5.328 loading class java/nio/DirectByteBuffer$1
Event: 5.328 loading class java/nio/DirectByteBuffer$1 done
Event: 5.387 Executing VM operation: ParallelGCFailedAllocation
Event: 5.409 Executing VM operation: ParallelGCFailedAllocation done
Event: 12.504 Thread 0x0000000017457000 Uncommon trap: trap_request=0xffffff65 fr.pc=0x000000000274ec58
Event: 12.504 Thread 0x0000000017457000 DEOPT PACKING pc=0x000000000274ec58 sp=0x000000001787f100
Event: 12.504 Thread 0x0000000017457000 DEOPT UNPACKING pc=0x000000000245582a sp=0x000000001787f0a0 mode 2


Dynamic libraries:
0x00007ff607da0000 - 0x00007ff607dd7000 	C:\Program Files\Java\jre1.8.0_66\bin\javaw.exe
0x00007ffe381c0000 - 0x00007ffe38381000 	C:\Windows\SYSTEM32\ntdll.dll
0x00007ffe376d0000 - 0x00007ffe3777d000 	C:\Windows\system32\KERNEL32.DLL
0x00007ffe353d0000 - 0x00007ffe355b8000 	C:\Windows\system32\KERNELBASE.dll
0x00007ffe35cc0000 - 0x00007ffe35d67000 	C:\Windows\system32\ADVAPI32.dll
0x00007ffe35b00000 - 0x00007ffe35b9d000 	C:\Windows\system32\msvcrt.dll
0x00007ffe35c60000 - 0x00007ffe35cbb000 	C:\Windows\system32\sechost.dll
0x00007ffe375b0000 - 0x00007ffe376cc000 	C:\Windows\system32\RPCRT4.dll
0x00007ffe37d00000 - 0x00007ffe37e56000 	C:\Windows\system32\USER32.dll
0x00007ffe35d70000 - 0x00007ffe35ef6000 	C:\Windows\system32\GDI32.dll
0x00007ffe23520000 - 0x00007ffe23794000 	C:\Windows\WinSxS\amd64_microsoft.windows.common-controls_6595b64144ccf1df_6.0.10586.0_none_8c15ae12515e1c22\COMCTL32.dll
0x00007ffe37790000 - 0x00007ffe37a0d000 	C:\Windows\system32\combase.dll
0x00007ffe34b20000 - 0x00007ffe34b8a000 	C:\Windows\system32\bcryptPrimitives.dll
0x00007ffe37b70000 - 0x00007ffe37bab000 	C:\Windows\system32\IMM32.DLL
0x0000000067db0000 - 0x0000000067e82000 	C:\Program Files\Java\jre1.8.0_66\bin\msvcr100.dll
0x0000000067090000 - 0x0000000067919000 	C:\Program Files\Java\jre1.8.0_66\bin\server\jvm.dll
0x00007ffe38100000 - 0x00007ffe38108000 	C:\Windows\system32\PSAPI.DLL
0x00007ffe32f60000 - 0x00007ffe32f69000 	C:\Windows\SYSTEM32\WSOCK32.dll
0x00007ffe32f10000 - 0x00007ffe32f33000 	C:\Windows\SYSTEM32\WINMM.dll
0x00007ffe374c0000 - 0x00007ffe3752b000 	C:\Windows\system32\WS2_32.dll
0x00007ffe30f60000 - 0x00007ffe30f6a000 	C:\Windows\SYSTEM32\VERSION.dll
0x00007ffe32eb0000 - 0x00007ffe32edc000 	C:\Windows\SYSTEM32\WINMMBASE.dll
0x00007ffe351e0000 - 0x00007ffe35223000 	C:\Windows\system32\cfgmgr32.dll
0x0000000067da0000 - 0x0000000067daf000 	C:\Program Files\Java\jre1.8.0_66\bin\verify.dll
0x0000000067d70000 - 0x0000000067d99000 	C:\Program Files\Java\jre1.8.0_66\bin\java.dll
0x0000000067d50000 - 0x0000000067d66000 	C:\Program Files\Java\jre1.8.0_66\bin\zip.dll
0x00007ffe35f60000 - 0x00007ffe374bf000 	C:\Windows\system32\SHELL32.dll
0x00007ffe34b90000 - 0x00007ffe351d4000 	C:\Windows\system32\windows.storage.dll
0x00007ffe35c00000 - 0x00007ffe35c52000 	C:\Windows\system32\shlwapi.dll
0x00007ffe34850000 - 0x00007ffe3485f000 	C:\Windows\system32\kernel.appcore.dll
0x00007ffe34890000 - 0x00007ffe34945000 	C:\Windows\system32\shcore.dll
0x00007ffe347e0000 - 0x00007ffe3482b000 	C:\Windows\system32\powrprof.dll
0x00007ffe34830000 - 0x00007ffe34844000 	C:\Windows\system32\profapi.dll
0x00007ffe20780000 - 0x00007ffe20808000 	C:\Users\Toni\Desktop\Github\December\libs\native\lwjgl.dll
0x00007ffe342e0000 - 0x00007ffe342eb000 	C:\Windows\SYSTEM32\CRYPTBASE.DLL
0x00007ffe28870000 - 0x00007ffe288b2000 	C:\Users\Toni\Desktop\Github\December\libs\native\jemalloc.dll
0x00007ffe257d0000 - 0x00007ffe25808000 	C:\Users\Toni\Desktop\Github\December\libs\native\glfw.dll
0x00007ffe33160000 - 0x00007ffe331f6000 	C:\Windows\system32\uxtheme.dll
0x00007ffe31ee0000 - 0x00007ffe31f02000 	C:\Windows\SYSTEM32\dwmapi.dll
0x00007ffe1f280000 - 0x00007ffe1f3a9000 	C:\Windows\SYSTEM32\opengl32.dll
0x00007ffe1f180000 - 0x00007ffe1f27a000 	C:\Windows\SYSTEM32\DDRAW.dll
0x00007ffe254f0000 - 0x00007ffe2551e000 	C:\Windows\SYSTEM32\GLU32.dll
0x00007ffe32e70000 - 0x00007ffe32e78000 	C:\Windows\SYSTEM32\DCIMAN32.dll
0x00007ffe37a10000 - 0x00007ffe37b6a000 	C:\Windows\system32\MSCTF.dll
0x00007ffe246a0000 - 0x00007ffe246b8000 	C:\Windows\SYSTEM32\atig6pxx.dll
0x0000000064f80000 - 0x0000000066d80000 	C:\Windows\SYSTEM32\atio6axx.dll
0x00007ffe355c0000 - 0x00007ffe359e9000 	C:\Windows\system32\SETUPAPI.dll
0x00007ffe14a20000 - 0x00007ffe14b61000 	C:\Windows\SYSTEM32\atiadlxx.dll
0x00007ffe37bb0000 - 0x00007ffe37cf3000 	C:\Windows\system32\ole32.dll
0x00007ffe33fa0000 - 0x00007ffe33fbf000 	C:\Windows\SYSTEM32\USERENV.dll
0x00007ffe32780000 - 0x00007ffe32906000 	C:\Windows\SYSTEM32\PROPSYS.dll
0x00007ffe2d670000 - 0x00007ffe2d6a8000 	C:\Windows\SYSTEM32\IPHLPAPI.DLL
0x00007ffe37e80000 - 0x00007ffe37f41000 	C:\Windows\system32\OLEAUT32.dll
0x00007ffe32760000 - 0x00007ffe32773000 	C:\Windows\SYSTEM32\WTSAPI32.dll
0x00007ffe33200000 - 0x00007ffe33227000 	C:\Windows\SYSTEM32\DEVOBJ.dll
0x00007ffe35370000 - 0x00007ffe353c5000 	C:\Windows\system32\WINTRUST.dll
0x00007ffe34860000 - 0x00007ffe34870000 	C:\Windows\system32\MSASN1.dll
0x00007ffe34950000 - 0x00007ffe34b17000 	C:\Windows\system32\CRYPT32.dll
0x00007ffe21240000 - 0x00007ffe2126c000 	C:\Windows\SYSTEM32\atig6txx.dll
0x0000000067d30000 - 0x0000000067d4a000 	C:\Program Files\Java\jre1.8.0_66\bin\net.dll
0x00007ffe34110000 - 0x00007ffe3416c000 	C:\Windows\system32\mswsock.dll
0x0000000067d10000 - 0x0000000067d21000 	C:\Program Files\Java\jre1.8.0_66\bin\nio.dll
0x0000000064de0000 - 0x0000000064f78000 	C:\Program Files\Java\jre1.8.0_66\bin\awt.dll
0x00007ffe32fd0000 - 0x00007ffe33049000 	C:\Windows\system32\apphelp.dll
0x00007ffe15c00000 - 0x00007ffe15d8c000 	C:\Windows\SYSTEM32\dbghelp.dll

VM Arguments:
jvm_args: -Djava.library.path=C:\Users\Toni\Desktop\Github\December\libs\native -Dfile.encoding=Cp1252 
java_command: com.capthed.game.TestRun
java_class_path (initial): C:\Users\Toni\Desktop\Github\December\bin;C:\Users\Toni\Desktop\Github\December\libs\lwjgl.jar;C:\Users\Toni\Desktop\Github\December\res;C:\Users\Toni\Desktop\Github\December\libs\debug.jar
Launcher Type: SUN_STANDARD

Environment Variables:
PATH=C:/Program Files/Java/jre1.8.0_66/bin/server;C:/Program Files/Java/jre1.8.0_66/bin;C:/Program Files/Java/jre1.8.0_66/lib/amd64;C:\ProgramData\Oracle\Java\javapath;C:\Windows\system32;C:\Windows;C:\Windows\System32\Wbem;C:\Windows\System32\WindowsPowerShell\v1.0\;C:\Program Files (x86)\ATI Technologies\ATI.ACE\Core-Static;C:\Program Files (x86)\GtkSharp\2.12\bin;C:\Program Files\Java\jdk1.8.0_65\bin;E:\eclipse;
USERNAME=Toni
OS=Windows_NT
PROCESSOR_IDENTIFIER=AMD64 Family 16 Model 5 Stepping 3, AuthenticAMD



---------------  S Y S T E M  ---------------

OS: Windows 10.0 , 64 bit Build 10586 (10.0.10586.0)

CPU:total 3 (3 cores per cpu, 1 threads per core) family 16 model 5 stepping 3, cmov, cx8, fxsr, mmx, sse, sse2, sse3, popcnt, mmxext, 3dnowpref, lzcnt, sse4a, tsc, tscinvbit, tscinv

Memory: 4k page, physical 6290484k(3567352k free), swap 7339060k(4131128k free)

vm_info: Java HotSpot(TM) 64-Bit Server VM (25.66-b18) for windows-amd64 JRE (1.8.0_66-b18), built on Nov  9 2015 10:51:13 by "java_re" with MS VC++ 10.0 (VS2010)

time: Fri Jan 29 17:34:06 2016
elapsed time: 12 seconds (0d 0h 0m 12s)

