#
# A fatal error has been detected by the Java Runtime Environment:
#
#  EXCEPTION_ACCESS_VIOLATION (0xc0000005) at pc=0x00007ffa9b535b77, pid=5912, tid=6096
#
# JRE version: Java(TM) SE Runtime Environment (8.0_66-b18) (build 1.8.0_66-b18)
# Java VM: Java HotSpot(TM) 64-Bit Server VM (25.66-b18 mixed mode windows-amd64 compressed oops)
# Problematic frame:
# C  [glfw.dll+0x5b77]
#
# Failed to write core dump. Minidumps are not enabled by default on client versions of Windows
#
# If you would like to submit a bug report, please visit:
#   http://bugreport.java.com/bugreport/crash.jsp
# The crash happened outside the Java Virtual Machine in native code.
# See problematic frame for where to report the bug.
#

---------------  T H R E A D  ---------------

Current thread (0x00000000170ba800):  JavaThread "Thread-0" [_thread_in_native, id=6096, stack(0x0000000017610000,0x0000000017710000)]

siginfo: ExceptionCode=0xc0000005, reading address 0x000000000000000d

Registers:
RAX=0x0000a19073ebd77c, RBX=0x000000001c2b8ab0, RCX=0x000000001c2b8ab0, RDX=0x0000000000000005
RSP=0x000000001770efa0, RBP=0x000000001770f079, RSI=0x0000000000000000, RDI=0x0000000000000000
R8 =0x0000000000000000, R9 =0x0000000000000000, R10=0x0000000000000000, R11=0x000000001c2b8570
R12=0x0000000000000000, R13=0x00000000156c0d98, R14=0x000000001770f1e8, R15=0x00000000170ba800
RIP=0x00007ffa9b535b77, EFLAGS=0x0000000000010202

Top of Stack: (sp=0x000000001770efa0)
0x000000001770efa0:   000000001770eeb0 00000000001802a8
0x000000001770efb0:   0000000000000000 0000000000000020
0x000000001770efc0:   0000000000180cc0 000000001770efd8
0x000000001770efd0:   000000001770f050 0000000000000008
0x000000001770efe0:   0000000000540000 0000000000000010
0x000000001770eff0:   0000000000000000 0000000000000004
0x000000001770f000:   0000000000000000 0000000000000020
0x000000001770f010:   0000000000000002 00007ffaa9ed5b14
0x000000001770f020:   0000000000180000 0000000000000000
0x000000001770f030:   0000000000000010 00007ffa00000008
0x000000001770f040:   00000000170ba800 00000000170ba800
0x000000001770f050:   00000000156c0d98 0000000000000000
0x000000001770f060:   00000000170ba800 0000000000000000
0x000000001770f070:   00000000170ba800 000000001770f1e8
0x000000001770f080:   0000a19073ebd77c 0000000000000000
0x000000001770f090:   0000000000000000 00000000170ba800 

Instructions: (pc=0x00007ffa9b535b77)
0x00007ffa9b535b57:   41 55 41 56 41 57 48 8d 6c 24 e1 48 81 ec f8 00
0x00007ffa9b535b67:   00 00 48 8b 05 90 84 02 00 48 33 c4 48 89 45 07
0x00007ffa9b535b77:   4c 8b 6a 08 33 f6 45 8b e0 44 89 4c 24 38 48 8b
0x00007ffa9b535b87:   fa 48 89 74 24 30 4c 8b f9 33 d2 44 8d 46 7c 48 


Register to memory mapping:

RAX=0x0000a19073ebd77c is an unknown value
RBX=0x000000001c2b8ab0 is an unknown value
RCX=0x000000001c2b8ab0 is an unknown value
RDX=0x0000000000000005 is an unknown value
RSP=0x000000001770efa0 is pointing into the stack for thread: 0x00000000170ba800
RBP=0x000000001770f079 is pointing into the stack for thread: 0x00000000170ba800
RSI=0x0000000000000000 is an unknown value
RDI=0x0000000000000000 is an unknown value
R8 =0x0000000000000000 is an unknown value
R9 =0x0000000000000000 is an unknown value
R10=0x0000000000000000 is an unknown value
R11=0x000000001c2b8570 is an unknown value
R12=0x0000000000000000 is an unknown value
R13={method} {0x00000000156c0da0} 'invokePIIP' '(JJII)J' in 'org/lwjgl/system/JNI'
R14=0x000000001770f1e8 is pointing into the stack for thread: 0x00000000170ba800
R15=0x00000000170ba800 is a thread


Stack: [0x0000000017610000,0x0000000017710000],  sp=0x000000001770efa0,  free space=1019k
Native frames: (J=compiled Java code, j=interpreted, Vv=VM code, C=native code)
C  [glfw.dll+0x5b77]
C  [glfw.dll+0x2355]
C  0x0000000002393b54

Java frames: (J=compiled Java code, j=interpreted, Vv=VM code)
j  org.lwjgl.system.JNI.invokePIIP(JJII)J+0
j  org.lwjgl.glfw.GLFW.nglfwCreateCursor(JII)J+13
j  com.capthed.mazebomber.Main.init()V+13
j  com.capthed.abyss.GameLoop.initSubsystems()V+36
j  com.capthed.abyss.GameLoop.run()V+0
j  java.lang.Thread.run()V+11
v  ~StubRoutines::call_stub

---------------  P R O C E S S  ---------------

Java Threads: ( => current thread )
  0x0000000002280800 JavaThread "DestroyJavaVM" [_thread_blocked, id=2188, stack(0x0000000002180000,0x0000000002280000)]
=>0x00000000170ba800 JavaThread "Thread-0" [_thread_in_native, id=6096, stack(0x0000000017610000,0x0000000017710000)]
  0x0000000017018800 JavaThread "Service Thread" daemon [_thread_blocked, id=2708, stack(0x0000000017410000,0x0000000017510000)]
  0x0000000015bcd000 JavaThread "C1 CompilerThread1" daemon [_thread_blocked, id=6872, stack(0x0000000016f10000,0x0000000017010000)]
  0x0000000015bcb000 JavaThread "C2 CompilerThread0" daemon [_thread_in_native, id=1044, stack(0x0000000016e10000,0x0000000016f10000)]
  0x0000000015bc9800 JavaThread "Attach Listener" daemon [_thread_blocked, id=5972, stack(0x0000000016d10000,0x0000000016e10000)]
  0x0000000015bc8000 JavaThread "Signal Dispatcher" daemon [_thread_blocked, id=1972, stack(0x0000000016c10000,0x0000000016d10000)]
  0x0000000002374000 JavaThread "Finalizer" daemon [_thread_blocked, id=4460, stack(0x0000000016b10000,0x0000000016c10000)]
  0x000000000236d000 JavaThread "Reference Handler" daemon [_thread_blocked, id=6404, stack(0x0000000016a10000,0x0000000016b10000)]

Other Threads:
  0x0000000015b97800 VMThread [stack: 0x0000000016910000,0x0000000016a10000] [id=6244]
  0x0000000015c4c800 WatcherThread [stack: 0x0000000017510000,0x0000000017610000] [id=1772]

VM state:not at safepoint (normal execution)

VM Mutex/Monitor currently owned by a thread: None

Heap:
 PSYoungGen      total 28672K, used 13990K [0x00000000e0000000, 0x00000000e2000000, 0x0000000100000000)
  eden space 24576K, 56% used [0x00000000e0000000,0x00000000e0da99c8,0x00000000e1800000)
  from space 4096K, 0% used [0x00000000e1c00000,0x00000000e1c00000,0x00000000e2000000)
  to   space 4096K, 0% used [0x00000000e1800000,0x00000000e1800000,0x00000000e1c00000)
 ParOldGen       total 65536K, used 0K [0x00000000a0000000, 0x00000000a4000000, 0x00000000e0000000)
  object space 65536K, 0% used [0x00000000a0000000,0x00000000a0000000,0x00000000a4000000)
 Metaspace       used 7727K, capacity 8576K, committed 8832K, reserved 1056768K
  class space    used 611K, capacity 624K, committed 640K, reserved 1048576K

Card table byte_map: [0x0000000011740000,0x0000000011a50000] byte_map_base: 0x0000000011240000

Marking Bits: (ParMarkBitMap*) 0x0000000060b0a5b0
 Begin Bits: [0x0000000011f50000, 0x0000000013750000)
 End Bits:   [0x0000000013750000, 0x0000000014f50000)

Polling page: 0x00000000001f0000

CodeCache: size=245760Kb used=2014Kb max_used=2021Kb free=243745Kb
 bounds [0x0000000002380000, 0x00000000025f0000, 0x0000000011380000]
 total_blobs=979 nmethods=320 adapters=573
 compilation: enabled

Compilation events (10 events):
Event: 0.899 Thread 0x0000000015bcd000 nmethod 315 0x0000000002573c90 code [0x0000000002573de0, 0x0000000002573ed0]
Event: 0.906 Thread 0x0000000015bcb000  316       4       java.lang.String::<init> (82 bytes)
Event: 0.909 Thread 0x0000000015bcb000 nmethod 316 0x0000000002571e50 code [0x0000000002571fa0, 0x0000000002572298]
Event: 0.914 Thread 0x0000000015bcd000  317       3       com.capthed.abyss.math.Vec2::<init> (15 bytes)
Event: 0.914 Thread 0x0000000015bcd000 nmethod 317 0x0000000002571690 code [0x00000000025717e0, 0x0000000002571990]
Event: 0.914 Thread 0x0000000015bcd000  318       3       com.capthed.abyss.math.Vec2::x (5 bytes)
Event: 0.914 Thread 0x0000000015bcd000 nmethod 318 0x000000000257abd0 code [0x000000000257ad20, 0x000000000257ae70]
Event: 0.916 Thread 0x0000000015bcb000  319  s    4       sun.misc.URLClassPath::getNextLoader (88 bytes)
Event: 0.924 Thread 0x0000000015bcd000  321       3       java.nio.Buffer::position (43 bytes)
Event: 0.925 Thread 0x0000000015bcd000 nmethod 321 0x000000000257a350 code [0x000000000257a4c0, 0x000000000257a788]

GC Heap History (0 events):
No events

Deoptimization events (0 events):
No events

Internal exceptions (6 events):
Event: 0.063 Thread 0x0000000002280800 Exception <a 'java/lang/NoSuchMethodError': Method sun.misc.Unsafe.defineClass(Ljava/lang/String;[BII)Ljava/lang/Class; name or signature does not match> (0x00000000e000cbd8) thrown at [C:\re\workspace\8-2-build-windows-amd64-cygwin\jdk8u66\5298\hotspot\srr¹þ°?
Event: 0.063 Thread 0x0000000002280800 Exception <a 'java/lang/NoSuchMethodError': Method sun.misc.Unsafe.prefetchRead(Ljava/lang/Object;J)V name or signature does not match> (0x00000000e000cec0) thrown at [C:\re\workspace\8-2-build-windows-amd64-cygwin\jdk8u66\5298\hotspot\src\share\vm\prims\j,ß`Ñê¼Þ?
Event: 0.480 Thread 0x00000000170ba800 Exception <a 'java/security/PrivilegedActionException'> (0x00000000e0429ee8) thrown at [C:\re\workspace\8-2-build-windows-amd64-cygwin\jdk8u66\5298\hotspot\src\share\vm\prims\jvm.cpp, line 1386]
Event: 0.480 Thread 0x00000000170ba800 Exception <a 'java/security/PrivilegedActionException'> (0x00000000e042a2e0) thrown at [C:\re\workspace\8-2-build-windows-amd64-cygwin\jdk8u66\5298\hotspot\src\share\vm\prims\jvm.cpp, line 1386]
Event: 0.481 Thread 0x00000000170ba800 Exception <a 'java/security/PrivilegedActionException'> (0x00000000e042e258) thrown at [C:\re\workspace\8-2-build-windows-amd64-cygwin\jdk8u66\5298\hotspot\src\share\vm\prims\jvm.cpp, line 1386]
Event: 0.481 Thread 0x00000000170ba800 Exception <a 'java/security/PrivilegedActionException'> (0x00000000e042e650) thrown at [C:\re\workspace\8-2-build-windows-amd64-cygwin\jdk8u66\5298\hotspot\src\share\vm\prims\jvm.cpp, line 1386]

Events (10 events):
Event: 0.915 loading class com/capthed/abyss/util/DebugPrompt
Event: 0.915 loading class com/capthed/abyss/util/DebugPrompt done
Event: 0.916 loading class com/capthed/abyss/util/DebugPrompt$DummyObject
Event: 0.916 loading class com/capthed/abyss/util/DebugPrompt$DummyObject done
Event: 0.916 loading class com/capthed/abyss/component/gui/GUITextFieldListener
Event: 0.916 loading class com/capthed/abyss/component/gui/GUITextFieldListener done
Event: 0.917 loading class com/capthed/abyss/util/DebugPrompt$1
Event: 0.917 loading class com/capthed/abyss/util/DebugPrompt$1 done
Event: 0.918 loading class com/capthed/abyss/component/gui/GUITextField
Event: 0.918 loading class com/capthed/abyss/component/gui/GUITextField done


Dynamic libraries:
0x00007ff7f9d00000 - 0x00007ff7f9d37000 	C:\Program Files\Java\jre1.8.0_66\bin\javaw.exe
0x00007ffaa9eb0000 - 0x00007ffaaa071000 	C:\Windows\SYSTEM32\ntdll.dll
0x00007ffaa72b0000 - 0x00007ffaa735d000 	C:\Windows\system32\KERNEL32.DLL
0x00007ffaa6780000 - 0x00007ffaa6968000 	C:\Windows\system32\KERNELBASE.dll
0x00007ffaa7590000 - 0x00007ffaa7637000 	C:\Windows\system32\ADVAPI32.dll
0x00007ffaa7d70000 - 0x00007ffaa7e0d000 	C:\Windows\system32\msvcrt.dll
0x00007ffaa9990000 - 0x00007ffaa99eb000 	C:\Windows\system32\sechost.dll
0x00007ffaa77d0000 - 0x00007ffaa78ec000 	C:\Windows\system32\RPCRT4.dll
0x00007ffaa7bb0000 - 0x00007ffaa7d06000 	C:\Windows\system32\USER32.dll
0x00007ffaa7640000 - 0x00007ffaa77c6000 	C:\Windows\system32\GDI32.dll
0x00007ffa95c80000 - 0x00007ffa95ef4000 	C:\Windows\WinSxS\amd64_microsoft.windows.common-controls_6595b64144ccf1df_6.0.10586.0_none_8c15ae12515e1c22\COMCTL32.dll
0x00007ffaa99f0000 - 0x00007ffaa9c6d000 	C:\Windows\system32\combase.dll
0x00007ffaa6b40000 - 0x00007ffaa6baa000 	C:\Windows\system32\bcryptPrimitives.dll
0x00007ffaa79c0000 - 0x00007ffaa79fb000 	C:\Windows\system32\IMM32.DLL
0x0000000060220000 - 0x00000000602f2000 	C:\Program Files\Java\jre1.8.0_66\bin\msvcr100.dll
0x0000000060300000 - 0x0000000060b89000 	C:\Program Files\Java\jre1.8.0_66\bin\server\jvm.dll
0x00007ffaa8240000 - 0x00007ffaa8248000 	C:\Windows\system32\PSAPI.DLL
0x00007ffa8a730000 - 0x00007ffa8a739000 	C:\Windows\SYSTEM32\WSOCK32.dll
0x00007ffaa7360000 - 0x00007ffaa73cb000 	C:\Windows\system32\WS2_32.dll
0x00007ffaa4720000 - 0x00007ffaa4743000 	C:\Windows\SYSTEM32\WINMM.dll
0x00007ffaa2780000 - 0x00007ffaa278a000 	C:\Windows\SYSTEM32\VERSION.dll
0x00007ffaa46f0000 - 0x00007ffaa471c000 	C:\Windows\SYSTEM32\WINMMBASE.dll
0x00007ffaa6730000 - 0x00007ffaa6773000 	C:\Windows\system32\cfgmgr32.dll
0x0000000060210000 - 0x000000006021f000 	C:\Program Files\Java\jre1.8.0_66\bin\verify.dll
0x00000000601e0000 - 0x0000000060209000 	C:\Program Files\Java\jre1.8.0_66\bin\java.dll
0x00000000601c0000 - 0x00000000601d6000 	C:\Program Files\Java\jre1.8.0_66\bin\zip.dll
0x00007ffaa8250000 - 0x00007ffaa97ac000 	C:\Windows\system32\SHELL32.dll
0x00007ffaa6bb0000 - 0x00007ffaa71f5000 	C:\Windows\system32\windows.storage.dll
0x00007ffaa7d10000 - 0x00007ffaa7d62000 	C:\Windows\system32\shlwapi.dll
0x00007ffaa6550000 - 0x00007ffaa655f000 	C:\Windows\system32\kernel.appcore.dll
0x00007ffaa65c0000 - 0x00007ffaa6675000 	C:\Windows\system32\shcore.dll
0x00007ffaa64d0000 - 0x00007ffaa651b000 	C:\Windows\system32\powrprof.dll
0x00007ffaa6530000 - 0x00007ffaa6544000 	C:\Windows\system32\profapi.dll
0x00007ffa968d0000 - 0x00007ffa96958000 	C:\Users\Toni\Desktop\Github\December\libs\native\lwjgl.dll
0x00007ffaa5fd0000 - 0x00007ffaa5fdb000 	C:\Windows\SYSTEM32\CRYPTBASE.DLL
0x00007ffaa0010000 - 0x00007ffaa0052000 	C:\Users\Toni\Desktop\Github\December\libs\native\jemalloc.dll
0x00007ffa9b530000 - 0x00007ffa9b568000 	C:\Users\Toni\Desktop\Github\December\libs\native\glfw.dll
0x00007ffaa4e50000 - 0x00007ffaa4ee6000 	C:\Windows\system32\uxtheme.dll
0x00007ffaa4090000 - 0x00007ffaa40b2000 	C:\Windows\SYSTEM32\dwmapi.dll
0x00007ffa8d060000 - 0x00007ffa8d189000 	C:\Windows\SYSTEM32\opengl32.dll
0x00007ffa8d210000 - 0x00007ffa8d30a000 	C:\Windows\SYSTEM32\DDRAW.dll
0x00007ffa9b4e0000 - 0x00007ffa9b50e000 	C:\Windows\SYSTEM32\GLU32.dll
0x00007ffaa3350000 - 0x00007ffaa3358000 	C:\Windows\SYSTEM32\DCIMAN32.dll
0x00007ffaa97b0000 - 0x00007ffaa990a000 	C:\Windows\system32\MSCTF.dll
0x00007ffaa0d30000 - 0x00007ffaa0d48000 	C:\Windows\SYSTEM32\atig6pxx.dll
0x000000005e2a0000 - 0x00000000600a0000 	C:\Windows\SYSTEM32\atio6axx.dll
0x00007ffaa7e10000 - 0x00007ffaa8239000 	C:\Windows\system32\SETUPAPI.dll
0x00007ffa935c0000 - 0x00007ffa93701000 	C:\Windows\SYSTEM32\atiadlxx.dll
0x00007ffaa9c90000 - 0x00007ffaa9dd3000 	C:\Windows\system32\ole32.dll
0x00007ffaa3ba0000 - 0x00007ffaa3d26000 	C:\Windows\SYSTEM32\PROPSYS.dll
0x00007ffaa5c90000 - 0x00007ffaa5caf000 	C:\Windows\SYSTEM32\USERENV.dll
0x00007ffaa78f0000 - 0x00007ffaa79b1000 	C:\Windows\system32\OLEAUT32.dll
0x00007ffaa46a0000 - 0x00007ffaa46b3000 	C:\Windows\SYSTEM32\WTSAPI32.dll
0x00007ffa9efc0000 - 0x00007ffa9eff8000 	C:\Windows\SYSTEM32\IPHLPAPI.DLL
0x00007ffaa4ef0000 - 0x00007ffaa4f17000 	C:\Windows\SYSTEM32\DEVOBJ.dll
0x00007ffaa6560000 - 0x00007ffaa65b5000 	C:\Windows\system32\WINTRUST.dll
0x00007ffaa6520000 - 0x00007ffaa6530000 	C:\Windows\system32\MSASN1.dll
0x00007ffaa6970000 - 0x00007ffaa6b37000 	C:\Windows\system32\CRYPT32.dll
0x00007ffa9b4b0000 - 0x00007ffa9b4dc000 	C:\Windows\SYSTEM32\atig6txx.dll
0x00007ffa8c880000 - 0x00007ffa8c959000 	C:\Users\Toni\Desktop\Github\December\libs\native\OpenAL.dll
0x00007ffaa73d0000 - 0x00007ffaa7477000 	C:\Windows\system32\clbcatq.dll
0x00007ffa9f460000 - 0x00007ffa9f4d0000 	C:\Windows\System32\MMDevApi.dll
0x00007ffa95810000 - 0x00007ffa958ac000 	C:\Windows\SYSTEM32\dsound.dll
0x00007ffa8ce20000 - 0x00007ffa8cea8000 	C:\Windows\SYSTEM32\AUDIOSES.DLL
0x00007ffa9f860000 - 0x00007ffa9f996000 	C:\Windows\SYSTEM32\wintypes.dll
0x00000000601a0000 - 0x00000000601ba000 	C:\Program Files\Java\jre1.8.0_66\bin\net.dll
0x00007ffaa5e00000 - 0x00007ffaa5e5c000 	C:\Windows\system32\mswsock.dll
0x0000000060180000 - 0x0000000060191000 	C:\Program Files\Java\jre1.8.0_66\bin\nio.dll
0x00007ffa7f7a0000 - 0x00007ffa7f92c000 	C:\Windows\SYSTEM32\dbghelp.dll

VM Arguments:
jvm_args: -Djava.library.path=C:\Users\Toni\Desktop\Github\December\libs\native -Dfile.encoding=Cp1252 
java_command: com.capthed.mazebomber.Main
java_class_path (initial): C:\Users\Toni\Desktop\Github\December\bin;C:\Users\Toni\Desktop\Github\December\libs\lwjgl.jar;C:\Users\Toni\Desktop\Github\December\res;C:\Users\Toni\Desktop\Github\December\libs\debug.jar
Launcher Type: SUN_STANDARD

Environment Variables:
PATH=C:/Program Files/Java/jre1.8.0_66/bin/server;C:/Program Files/Java/jre1.8.0_66/bin;C:/Program Files/Java/jre1.8.0_66/lib/amd64;C:\ProgramData\Oracle\Java\javapath;C:\Windows\system32;C:\Windows;C:\Windows\System32\Wbem;C:\Windows\System32\WindowsPowerShell\v1.0\;C:\Program Files (x86)\ATI Technologies\ATI.ACE\Core-Static;C:\Program Files (x86)\GtkSharp\2.12\bin;C:\Program Files\Java\jdk1.8.0_65\bin;E:\eclipse;
USERNAME=Toni
OS=Windows_NT
PROCESSOR_IDENTIFIER=AMD64 Family 16 Model 5 Stepping 3, AuthenticAMD



---------------  S Y S T E M  ---------------

OS: Windows 10.0 , 64 bit Build 10586 (10.0.10586.0)

CPU:total 3 (3 cores per cpu, 1 threads per core) family 16 model 5 stepping 3, cmov, cx8, fxsr, mmx, sse, sse2, sse3, popcnt, mmxext, 3dnowpref, lzcnt, sse4a, tsc, tscinvbit, tscinv

Memory: 4k page, physical 6290484k(3767980k free), swap 7339060k(4356696k free)

vm_info: Java HotSpot(TM) 64-Bit Server VM (25.66-b18) for windows-amd64 JRE (1.8.0_66-b18), built on Nov  9 2015 10:51:13 by "java_re" with MS VC++ 10.0 (VS2010)

time: Sat Feb 13 13:37:04 2016
elapsed time: 0 seconds (0d 0h 0m 0s)

