#
# A fatal error has been detected by the Java Runtime Environment:
#
#  EXCEPTION_ACCESS_VIOLATION (0xc0000005) at pc=0x00007ffa9b535b77, pid=3548, tid=3672
#
# JRE version: Java(TM) SE Runtime Environment (8.0_66-b18) (build 1.8.0_66-b18)
# Java VM: Java HotSpot(TM) 64-Bit Server VM (25.66-b18 mixed mode windows-amd64 compressed oops)
# Problematic frame:
# C  [glfw.dll+0x5b77]
#
# Failed to write core dump. Minidumps are not enabled by default on client versions of Windows
#
# If you would like to submit a bug report, please visit:
#   http://bugreport.java.com/bugreport/crash.jsp
# The crash happened outside the Java Virtual Machine in native code.
# See problematic frame for where to report the bug.
#

---------------  T H R E A D  ---------------

Current thread (0x000000001720c800):  JavaThread "Thread-0" [_thread_in_native, id=3672, stack(0x0000000017580000,0x0000000017680000)]

siginfo: ExceptionCode=0xc0000005, reading address 0x000000000000000d

Registers:
RAX=0x0000491c76520073, RBX=0x000000001bf6cf30, RCX=0x000000001bf6cf30, RDX=0x0000000000000005
RSP=0x000000001767ee70, RBP=0x000000001767ef49, RSI=0x0000000000000000, RDI=0x0000000000000000
R8 =0x0000000000000000, R9 =0x0000000000000000, R10=0x0000000000000000, R11=0x000000001bf6cb10
R12=0x0000000000000000, R13=0x0000000015540d98, R14=0x000000001767f0b8, R15=0x000000001720c800
RIP=0x00007ffa9b535b77, EFLAGS=0x0000000000010202

Top of Stack: (sp=0x000000001767ee70)
0x000000001767ee70:   000000001767ed80 00000000001802a8
0x000000001767ee80:   0000000000000000 0000000000000020
0x000000001767ee90:   0000000000180cc0 000000001767eea8
0x000000001767eea0:   000000001767ef20 0000000000000008
0x000000001767eeb0:   00000000004e0000 0000000000000010
0x000000001767eec0:   0000000000000000 0000000000000004
0x000000001767eed0:   0000000000000000 0000000000000020
0x000000001767eee0:   0000000000000002 00007ffaa9ed5b14
0x000000001767eef0:   0000000000180000 0000000000000000
0x000000001767ef00:   0000000000000010 00007ffa00000008
0x000000001767ef10:   000000001720c800 000000001720c800
0x000000001767ef20:   0000000015540d98 0000000000000000
0x000000001767ef30:   000000001720c800 0000000000000000
0x000000001767ef40:   000000001720c800 000000001767f0b8
0x000000001767ef50:   0000491c76520073 0000000000000000
0x000000001767ef60:   0000000000000000 000000001720c800 

Instructions: (pc=0x00007ffa9b535b77)
0x00007ffa9b535b57:   41 55 41 56 41 57 48 8d 6c 24 e1 48 81 ec f8 00
0x00007ffa9b535b67:   00 00 48 8b 05 90 84 02 00 48 33 c4 48 89 45 07
0x00007ffa9b535b77:   4c 8b 6a 08 33 f6 45 8b e0 44 89 4c 24 38 48 8b
0x00007ffa9b535b87:   fa 48 89 74 24 30 4c 8b f9 33 d2 44 8d 46 7c 48 


Register to memory mapping:

RAX=0x0000491c76520073 is an unknown value
RBX=0x000000001bf6cf30 is an unknown value
RCX=0x000000001bf6cf30 is an unknown value
RDX=0x0000000000000005 is an unknown value
RSP=0x000000001767ee70 is pointing into the stack for thread: 0x000000001720c800
RBP=0x000000001767ef49 is pointing into the stack for thread: 0x000000001720c800
RSI=0x0000000000000000 is an unknown value
RDI=0x0000000000000000 is an unknown value
R8 =0x0000000000000000 is an unknown value
R9 =0x0000000000000000 is an unknown value
R10=0x0000000000000000 is an unknown value
R11=0x000000001bf6cb10 is an unknown value
R12=0x0000000000000000 is an unknown value
R13={method} {0x0000000015540da0} 'invokePIIP' '(JJII)J' in 'org/lwjgl/system/JNI'
R14=0x000000001767f0b8 is pointing into the stack for thread: 0x000000001720c800
R15=0x000000001720c800 is a thread


Stack: [0x0000000017580000,0x0000000017680000],  sp=0x000000001767ee70,  free space=1019k
Native frames: (J=compiled Java code, j=interpreted, Vv=VM code, C=native code)
C  [glfw.dll+0x5b77]
C  [glfw.dll+0x2355]
C  0x0000000002213b54

Java frames: (J=compiled Java code, j=interpreted, Vv=VM code)
j  org.lwjgl.system.JNI.invokePIIP(JJII)J+0
j  org.lwjgl.glfw.GLFW.nglfwCreateCursor(JII)J+13
j  com.capthed.mazebomber.Main.init()V+13
j  com.capthed.abyss.GameLoop.initSubsystems()V+36
j  com.capthed.abyss.GameLoop.run()V+0
j  java.lang.Thread.run()V+11
v  ~StubRoutines::call_stub

---------------  P R O C E S S  ---------------

Java Threads: ( => current thread )
  0x0000000002100800 JavaThread "DestroyJavaVM" [_thread_blocked, id=6792, stack(0x0000000001f20000,0x0000000002020000)]
=>0x000000001720c800 JavaThread "Thread-0" [_thread_in_native, id=3672, stack(0x0000000017580000,0x0000000017680000)]
  0x0000000015ac5000 JavaThread "Service Thread" daemon [_thread_blocked, id=3868, stack(0x0000000016f80000,0x0000000017080000)]
  0x0000000015a51000 JavaThread "C1 CompilerThread1" daemon [_thread_blocked, id=4608, stack(0x0000000016e80000,0x0000000016f80000)]
  0x0000000015a4b000 JavaThread "C2 CompilerThread0" daemon [_thread_blocked, id=5660, stack(0x0000000016d80000,0x0000000016e80000)]
  0x0000000015a49800 JavaThread "Attach Listener" daemon [_thread_blocked, id=732, stack(0x0000000016c80000,0x0000000016d80000)]
  0x0000000015a48000 JavaThread "Signal Dispatcher" daemon [_thread_blocked, id=3584, stack(0x0000000016b80000,0x0000000016c80000)]
  0x00000000021f4000 JavaThread "Finalizer" daemon [_thread_blocked, id=7044, stack(0x00000000169a0000,0x0000000016aa0000)]
  0x00000000021ed000 JavaThread "Reference Handler" daemon [_thread_blocked, id=172, stack(0x00000000168a0000,0x00000000169a0000)]

Other Threads:
  0x0000000015a17800 VMThread [stack: 0x00000000167a0000,0x00000000168a0000] [id=4520]
  0x0000000015acc800 WatcherThread [stack: 0x0000000017080000,0x0000000017180000] [id=604]

VM state:not at safepoint (normal execution)

VM Mutex/Monitor currently owned by a thread: None

Heap:
 PSYoungGen      total 28672K, used 13990K [0x00000000e0000000, 0x00000000e2000000, 0x0000000100000000)
  eden space 24576K, 56% used [0x00000000e0000000,0x00000000e0da99c8,0x00000000e1800000)
  from space 4096K, 0% used [0x00000000e1c00000,0x00000000e1c00000,0x00000000e2000000)
  to   space 4096K, 0% used [0x00000000e1800000,0x00000000e1800000,0x00000000e1c00000)
 ParOldGen       total 65536K, used 0K [0x00000000a0000000, 0x00000000a4000000, 0x00000000e0000000)
  object space 65536K, 0% used [0x00000000a0000000,0x00000000a0000000,0x00000000a4000000)
 Metaspace       used 7731K, capacity 8576K, committed 8832K, reserved 1056768K
  class space    used 611K, capacity 624K, committed 640K, reserved 1048576K

Card table byte_map: [0x00000000115c0000,0x00000000118d0000] byte_map_base: 0x00000000110c0000

Marking Bits: (ParMarkBitMap*) 0x0000000060b0a5b0
 Begin Bits: [0x0000000011dd0000, 0x00000000135d0000)
 End Bits:   [0x00000000135d0000, 0x0000000014dd0000)

Polling page: 0x0000000002020000

CodeCache: size=245760Kb used=2024Kb max_used=2038Kb free=243735Kb
 bounds [0x0000000002200000, 0x0000000002470000, 0x0000000011200000]
 total_blobs=980 nmethods=321 adapters=573
 compilation: enabled

Compilation events (10 events):
Event: 0.954 Thread 0x0000000015a51000 nmethod 314 0x00000000023f1250 code [0x00000000023f13a0, 0x00000000023f1490]
Event: 0.962 Thread 0x0000000015a4b000  315       4       java.lang.String::<init> (82 bytes)
Event: 0.965 Thread 0x0000000015a4b000 nmethod 315 0x00000000023f26d0 code [0x00000000023f2820, 0x00000000023f2b18]
Event: 0.971 Thread 0x0000000015a51000  316       3       com.capthed.abyss.math.Vec2::<init> (15 bytes)
Event: 0.971 Thread 0x0000000015a51000 nmethod 316 0x00000000023fa150 code [0x00000000023fa2a0, 0x00000000023fa450]
Event: 0.971 Thread 0x0000000015a51000  317       3       com.capthed.abyss.math.Vec2::x (5 bytes)
Event: 0.971 Thread 0x0000000015a51000 nmethod 317 0x00000000023f9e10 code [0x00000000023f9f60, 0x00000000023fa0b0]
Event: 0.975 Thread 0x0000000015a4b000  318  s!   4       sun.misc.URLClassPath::getLoader (197 bytes)
Event: 0.984 Thread 0x0000000015a51000  321       3       java.nio.Buffer::position (43 bytes)
Event: 0.985 Thread 0x0000000015a51000 nmethod 321 0x00000000023f9390 code [0x00000000023f9500, 0x00000000023f97c8]

GC Heap History (0 events):
No events

Deoptimization events (0 events):
No events

Internal exceptions (6 events):
Event: 0.071 Thread 0x0000000002100800 Exception <a 'java/lang/NoSuchMethodError': Method sun.misc.Unsafe.defineClass(Ljava/lang/String;[BII)Ljava/lang/Class; name or signature does not match> (0x00000000e000cbd8) thrown at [C:\re\workspace\8-2-build-windows-amd64-cygwin\jdk8u66\5298\hotspot\srDm•	Ã²?
Event: 0.071 Thread 0x0000000002100800 Exception <a 'java/lang/NoSuchMethodError': Method sun.misc.Unsafe.prefetchRead(Ljava/lang/Object;J)V name or signature does not match> (0x00000000e000cec0) thrown at [C:\re\workspace\8-2-build-windows-amd64-cygwin\jdk8u66\5298\hotspot\src\share\vm\prims\jû¦–B¸Uß?
Event: 0.490 Thread 0x000000001720c800 Exception <a 'java/security/PrivilegedActionException'> (0x00000000e0429ee8) thrown at [C:\re\workspace\8-2-build-windows-amd64-cygwin\jdk8u66\5298\hotspot\src\share\vm\prims\jvm.cpp, line 1386]
Event: 0.490 Thread 0x000000001720c800 Exception <a 'java/security/PrivilegedActionException'> (0x00000000e042a2e0) thrown at [C:\re\workspace\8-2-build-windows-amd64-cygwin\jdk8u66\5298\hotspot\src\share\vm\prims\jvm.cpp, line 1386]
Event: 0.490 Thread 0x000000001720c800 Exception <a 'java/security/PrivilegedActionException'> (0x00000000e042e258) thrown at [C:\re\workspace\8-2-build-windows-amd64-cygwin\jdk8u66\5298\hotspot\src\share\vm\prims\jvm.cpp, line 1386]
Event: 0.490 Thread 0x000000001720c800 Exception <a 'java/security/PrivilegedActionException'> (0x00000000e042e650) thrown at [C:\re\workspace\8-2-build-windows-amd64-cygwin\jdk8u66\5298\hotspot\src\share\vm\prims\jvm.cpp, line 1386]

Events (10 events):
Event: 0.972 loading class com/capthed/abyss/util/DebugPrompt
Event: 0.972 loading class com/capthed/abyss/util/DebugPrompt done
Event: 0.973 loading class com/capthed/abyss/util/DebugPrompt$DummyObject
Event: 0.973 loading class com/capthed/abyss/util/DebugPrompt$DummyObject done
Event: 0.975 loading class com/capthed/abyss/component/gui/GUITextFieldListener
Event: 0.975 loading class com/capthed/abyss/component/gui/GUITextFieldListener done
Event: 0.976 loading class com/capthed/abyss/util/DebugPrompt$1
Event: 0.976 loading class com/capthed/abyss/util/DebugPrompt$1 done
Event: 0.977 loading class com/capthed/abyss/component/gui/GUITextField
Event: 0.977 loading class com/capthed/abyss/component/gui/GUITextField done


Dynamic libraries:
0x00007ff7f9d00000 - 0x00007ff7f9d37000 	C:\Program Files\Java\jre1.8.0_66\bin\javaw.exe
0x00007ffaa9eb0000 - 0x00007ffaaa071000 	C:\Windows\SYSTEM32\ntdll.dll
0x00007ffaa72b0000 - 0x00007ffaa735d000 	C:\Windows\system32\KERNEL32.DLL
0x00007ffaa6780000 - 0x00007ffaa6968000 	C:\Windows\system32\KERNELBASE.dll
0x00007ffaa7590000 - 0x00007ffaa7637000 	C:\Windows\system32\ADVAPI32.dll
0x00007ffaa7d70000 - 0x00007ffaa7e0d000 	C:\Windows\system32\msvcrt.dll
0x00007ffaa9990000 - 0x00007ffaa99eb000 	C:\Windows\system32\sechost.dll
0x00007ffaa77d0000 - 0x00007ffaa78ec000 	C:\Windows\system32\RPCRT4.dll
0x00007ffaa7bb0000 - 0x00007ffaa7d06000 	C:\Windows\system32\USER32.dll
0x00007ffaa7640000 - 0x00007ffaa77c6000 	C:\Windows\system32\GDI32.dll
0x00007ffa95c80000 - 0x00007ffa95ef4000 	C:\Windows\WinSxS\amd64_microsoft.windows.common-controls_6595b64144ccf1df_6.0.10586.0_none_8c15ae12515e1c22\COMCTL32.dll
0x00007ffaa99f0000 - 0x00007ffaa9c6d000 	C:\Windows\system32\combase.dll
0x00007ffaa6b40000 - 0x00007ffaa6baa000 	C:\Windows\system32\bcryptPrimitives.dll
0x00007ffaa79c0000 - 0x00007ffaa79fb000 	C:\Windows\system32\IMM32.DLL
0x0000000060220000 - 0x00000000602f2000 	C:\Program Files\Java\jre1.8.0_66\bin\msvcr100.dll
0x0000000060300000 - 0x0000000060b89000 	C:\Program Files\Java\jre1.8.0_66\bin\server\jvm.dll
0x00007ffaa8240000 - 0x00007ffaa8248000 	C:\Windows\system32\PSAPI.DLL
0x00007ffa8a730000 - 0x00007ffa8a739000 	C:\Windows\SYSTEM32\WSOCK32.dll
0x00007ffaa7360000 - 0x00007ffaa73cb000 	C:\Windows\system32\WS2_32.dll
0x00007ffaa4720000 - 0x00007ffaa4743000 	C:\Windows\SYSTEM32\WINMM.dll
0x00007ffaa2780000 - 0x00007ffaa278a000 	C:\Windows\SYSTEM32\VERSION.dll
0x00007ffaa46f0000 - 0x00007ffaa471c000 	C:\Windows\SYSTEM32\WINMMBASE.dll
0x00007ffaa6730000 - 0x00007ffaa6773000 	C:\Windows\system32\cfgmgr32.dll
0x0000000060210000 - 0x000000006021f000 	C:\Program Files\Java\jre1.8.0_66\bin\verify.dll
0x00000000601e0000 - 0x0000000060209000 	C:\Program Files\Java\jre1.8.0_66\bin\java.dll
0x00000000601c0000 - 0x00000000601d6000 	C:\Program Files\Java\jre1.8.0_66\bin\zip.dll
0x00007ffaa8250000 - 0x00007ffaa97ac000 	C:\Windows\system32\SHELL32.dll
0x00007ffaa6bb0000 - 0x00007ffaa71f5000 	C:\Windows\system32\windows.storage.dll
0x00007ffaa7d10000 - 0x00007ffaa7d62000 	C:\Windows\system32\shlwapi.dll
0x00007ffaa6550000 - 0x00007ffaa655f000 	C:\Windows\system32\kernel.appcore.dll
0x00007ffaa65c0000 - 0x00007ffaa6675000 	C:\Windows\system32\shcore.dll
0x00007ffaa64d0000 - 0x00007ffaa651b000 	C:\Windows\system32\powrprof.dll
0x00007ffaa6530000 - 0x00007ffaa6544000 	C:\Windows\system32\profapi.dll
0x00007ffa968d0000 - 0x00007ffa96958000 	C:\Users\Toni\Desktop\Github\December\libs\native\lwjgl.dll
0x00007ffaa5fd0000 - 0x00007ffaa5fdb000 	C:\Windows\SYSTEM32\CRYPTBASE.DLL
0x00007ffaa0010000 - 0x00007ffaa0052000 	C:\Users\Toni\Desktop\Github\December\libs\native\jemalloc.dll
0x00007ffa9b530000 - 0x00007ffa9b568000 	C:\Users\Toni\Desktop\Github\December\libs\native\glfw.dll
0x00007ffaa4e50000 - 0x00007ffaa4ee6000 	C:\Windows\system32\uxtheme.dll
0x00007ffaa4090000 - 0x00007ffaa40b2000 	C:\Windows\SYSTEM32\dwmapi.dll
0x00007ffa8d060000 - 0x00007ffa8d189000 	C:\Windows\SYSTEM32\opengl32.dll
0x00007ffa8d210000 - 0x00007ffa8d30a000 	C:\Windows\SYSTEM32\DDRAW.dll
0x00007ffa9b4e0000 - 0x00007ffa9b50e000 	C:\Windows\SYSTEM32\GLU32.dll
0x00007ffaa3350000 - 0x00007ffaa3358000 	C:\Windows\SYSTEM32\DCIMAN32.dll
0x00007ffaa97b0000 - 0x00007ffaa990a000 	C:\Windows\system32\MSCTF.dll
0x00007ffaa0d30000 - 0x00007ffaa0d48000 	C:\Windows\SYSTEM32\atig6pxx.dll
0x000000005e2a0000 - 0x00000000600a0000 	C:\Windows\SYSTEM32\atio6axx.dll
0x00007ffaa7e10000 - 0x00007ffaa8239000 	C:\Windows\system32\SETUPAPI.dll
0x00007ffa935c0000 - 0x00007ffa93701000 	C:\Windows\SYSTEM32\atiadlxx.dll
0x00007ffaa9c90000 - 0x00007ffaa9dd3000 	C:\Windows\system32\ole32.dll
0x00007ffaa5c90000 - 0x00007ffaa5caf000 	C:\Windows\SYSTEM32\USERENV.dll
0x00007ffaa3ba0000 - 0x00007ffaa3d26000 	C:\Windows\SYSTEM32\PROPSYS.dll
0x00007ffa9efc0000 - 0x00007ffa9eff8000 	C:\Windows\SYSTEM32\IPHLPAPI.DLL
0x00007ffaa46a0000 - 0x00007ffaa46b3000 	C:\Windows\SYSTEM32\WTSAPI32.dll
0x00007ffaa78f0000 - 0x00007ffaa79b1000 	C:\Windows\system32\OLEAUT32.dll
0x00007ffaa4ef0000 - 0x00007ffaa4f17000 	C:\Windows\SYSTEM32\DEVOBJ.dll
0x00007ffaa6560000 - 0x00007ffaa65b5000 	C:\Windows\system32\WINTRUST.dll
0x00007ffaa6520000 - 0x00007ffaa6530000 	C:\Windows\system32\MSASN1.dll
0x00007ffaa6970000 - 0x00007ffaa6b37000 	C:\Windows\system32\CRYPT32.dll
0x00007ffa9b4b0000 - 0x00007ffa9b4dc000 	C:\Windows\SYSTEM32\atig6txx.dll
0x00007ffa8c880000 - 0x00007ffa8c959000 	C:\Users\Toni\Desktop\Github\December\libs\native\OpenAL.dll
0x00007ffaa73d0000 - 0x00007ffaa7477000 	C:\Windows\system32\clbcatq.dll
0x00007ffa9f460000 - 0x00007ffa9f4d0000 	C:\Windows\System32\MMDevApi.dll
0x00007ffa95810000 - 0x00007ffa958ac000 	C:\Windows\SYSTEM32\dsound.dll
0x00007ffa8ce20000 - 0x00007ffa8cea8000 	C:\Windows\SYSTEM32\AUDIOSES.DLL
0x00007ffa9f860000 - 0x00007ffa9f996000 	C:\Windows\SYSTEM32\wintypes.dll
0x00000000601a0000 - 0x00000000601ba000 	C:\Program Files\Java\jre1.8.0_66\bin\net.dll
0x00007ffaa5e00000 - 0x00007ffaa5e5c000 	C:\Windows\system32\mswsock.dll
0x0000000060180000 - 0x0000000060191000 	C:\Program Files\Java\jre1.8.0_66\bin\nio.dll
0x00007ffa7f7a0000 - 0x00007ffa7f92c000 	C:\Windows\SYSTEM32\dbghelp.dll

VM Arguments:
jvm_args: -Djava.library.path=C:\Users\Toni\Desktop\Github\December\libs\native -Dfile.encoding=Cp1252 
java_command: com.capthed.mazebomber.Main
java_class_path (initial): C:\Users\Toni\Desktop\Github\December\bin;C:\Users\Toni\Desktop\Github\December\libs\lwjgl.jar;C:\Users\Toni\Desktop\Github\December\res;C:\Users\Toni\Desktop\Github\December\libs\debug.jar
Launcher Type: SUN_STANDARD

Environment Variables:
PATH=C:/Program Files/Java/jre1.8.0_66/bin/server;C:/Program Files/Java/jre1.8.0_66/bin;C:/Program Files/Java/jre1.8.0_66/lib/amd64;C:\ProgramData\Oracle\Java\javapath;C:\Windows\system32;C:\Windows;C:\Windows\System32\Wbem;C:\Windows\System32\WindowsPowerShell\v1.0\;C:\Program Files (x86)\ATI Technologies\ATI.ACE\Core-Static;C:\Program Files (x86)\GtkSharp\2.12\bin;C:\Program Files\Java\jdk1.8.0_65\bin;E:\eclipse;
USERNAME=Toni
OS=Windows_NT
PROCESSOR_IDENTIFIER=AMD64 Family 16 Model 5 Stepping 3, AuthenticAMD



---------------  S Y S T E M  ---------------

OS: Windows 10.0 , 64 bit Build 10586 (10.0.10586.0)

CPU:total 3 (3 cores per cpu, 1 threads per core) family 16 model 5 stepping 3, cmov, cx8, fxsr, mmx, sse, sse2, sse3, popcnt, mmxext, 3dnowpref, lzcnt, sse4a, tsc, tscinvbit, tscinv

Memory: 4k page, physical 6290484k(3732972k free), swap 7339060k(4320468k free)

vm_info: Java HotSpot(TM) 64-Bit Server VM (25.66-b18) for windows-amd64 JRE (1.8.0_66-b18), built on Nov  9 2015 10:51:13 by "java_re" with MS VC++ 10.0 (VS2010)

time: Sat Feb 13 13:36:58 2016
elapsed time: 1 seconds (0d 0h 0m 1s)

